#
# There is insufficient memory for the Java Runtime Environment to continue.
# Native memory allocation (malloc) failed to allocate 78118912 bytes for committing reserved memory.
# Possible reasons:
#   The system is out of physical RAM or swap space
#   In 32 bit mode, the process size limit was hit
# Possible solutions:
#   Reduce memory load on the system
#   Increase physical memory or swap space
#   Check if swap backing store is full
#   Use 64 bit Java on a 64 bit OS
#   Decrease Java heap size (-Xmx/-Xms)
#   Decrease number of Java threads
#   Decrease Java thread stack sizes (-Xss)
#   Set larger code cache with -XX:ReservedCodeCacheSize=
# This output file may be truncated or incomplete.
#
#  Out of Memory Error (os_linux.cpp:2756), pid=5049, tid=139790981777152
#
# JRE version: Java(TM) SE Runtime Environment (7.0_79-b15) (build 1.7.0_79-b15)
# Java VM: Java HotSpot(TM) 64-Bit Server VM (24.79-b02 mixed mode linux-amd64 compressed oops)
# Failed to write core dump. Core dumps have been disabled. To enable core dumping, try "ulimit -c unlimited" before starting Java again
#

---------------  T H R E A D  ---------------

Current thread (0x00007f23b006a000):  VMThread [stack: 0x00007f239fbfc000,0x00007f239fcfd000] [id=5060]

Stack: [0x00007f239fbfc000,0x00007f239fcfd000],  sp=0x00007f239fcfb090,  free space=1020k
Native frames: (J=compiled Java code, j=interpreted, Vv=VM code, C=native code)
V  [libjvm.so+0x9a32da]  VMError::report_and_die()+0x2ea
V  [libjvm.so+0x497f7b]  report_vm_out_of_memory(char const*, int, unsigned long, char const*)+0x9b
V  [libjvm.so+0x81fcce]  os::Linux::commit_memory_impl(char*, unsigned long, bool)+0xfe
V  [libjvm.so+0x820219]  os::pd_commit_memory(char*, unsigned long, unsigned long, bool)+0x29
V  [libjvm.so+0x819faa]  os::commit_memory(char*, unsigned long, unsigned long, bool)+0x2a
V  [libjvm.so+0x88d863]  PSVirtualSpace::expand_by(unsigned long)+0x53
V  [libjvm.so+0x88ec38]  PSYoungGen::resize_generation(unsigned long, unsigned long)+0xf8
V  [libjvm.so+0x88dda2]  PSYoungGen::resize(unsigned long, unsigned long)+0x22
V  [libjvm.so+0x88b15d]  PSScavenge::invoke_no_policy()+0xf3d
V  [libjvm.so+0x88b9a1]  PSScavenge::invoke()+0x41
V  [libjvm.so+0x842320]  ParallelScavengeHeap::failed_mem_allocate(unsigned long)+0x70
V  [libjvm.so+0x9a4b67]  VM_ParallelGCFailedAllocation::doit()+0x97
V  [libjvm.so+0x9ac005]  VM_Operation::evaluate()+0x55
V  [libjvm.so+0x9aa3ca]  VMThread::evaluate_operation(VM_Operation*)+0xba
V  [libjvm.so+0x9aa74e]  VMThread::loop()+0x1ce
V  [libjvm.so+0x9aabc0]  VMThread::run()+0x70
V  [libjvm.so+0x821ca8]  java_start(Thread*)+0x108

VM_Operation (0x00007f232efee3e0): ParallelGCFailedAllocation, mode: safepoint, requested by thread 0x00007f23b09a4000


---------------  P R O C E S S  ---------------

Java Threads: ( => current thread )
  0x00007f236000b000 JavaThread "sparkDriver-akka.actor.default-dispatcher-17" daemon [_thread_blocked, id=5374, stack(0x00007f232c985000,0x00007f232ca86000)]
  0x00007f236401e800 JavaThread "ForkJoinPool-4-worker-3" daemon [_thread_blocked, id=5372, stack(0x00007f23243f1000,0x00007f23244f2000)]
  0x00007f2354001800 JavaThread "ForkJoinPool-4-worker-15" daemon [_thread_blocked, id=5370, stack(0x00007f232c07c000,0x00007f232c17d000)]
  0x00007f2348001800 JavaThread "ForkJoinPool-4-worker-27" daemon [_thread_blocked, id=5200, stack(0x00007f23247f5000,0x00007f23248f6000)]
  0x00007f2350001800 JavaThread "ForkJoinPool-4-worker-31" daemon [_thread_blocked, id=5199, stack(0x00007f23248f6000,0x00007f23249f7000)]
  0x00007f235c010000 JavaThread "ForkJoinPool-4-worker-23" daemon [_thread_blocked, id=5196, stack(0x00007f2324bf9000,0x00007f2324cfa000)]
  0x00007f234c003800 JavaThread "ForkJoinPool-4-worker-13" daemon [_thread_blocked, id=5194, stack(0x00007f2324dfb000,0x00007f2324efc000)]
  0x00007f2344005800 JavaThread "ForkJoinPool-4-worker-17" daemon [_thread_blocked, id=5193, stack(0x00007f2324efc000,0x00007f2324ffd000)]
  0x00007f234c002000 JavaThread "ForkJoinPool-4-worker-21" daemon [_thread_blocked, id=5191, stack(0x00007f232c17d000,0x00007f232c27e000)]
  0x00007f2344004000 JavaThread "ForkJoinPool-4-worker-25" daemon [_thread_blocked, id=5189, stack(0x00007f232c37f000,0x00007f232c480000)]
  0x00007f23b08bb000 JavaThread "pool-5-thread-1" daemon [_thread_blocked, id=5177, stack(0x00007f232e193000,0x00007f232e294000)]
  0x00007f236c023000 JavaThread "sparkDriver-akka.actor.default-dispatcher-16" daemon [_thread_blocked, id=5176, stack(0x00007f232e294000,0x00007f232e395000)]
  0x00007f2360006000 JavaThread "ForkJoinPool-3-worker-7" daemon [_thread_blocked, id=5174, stack(0x00007f232e395000,0x00007f232e496000)]
  0x00007f2360004800 JavaThread "sparkDriver-akka.actor.default-dispatcher-15" daemon [_thread_blocked, id=5173, stack(0x00007f232e496000,0x00007f232e597000)]
  0x00007f236806c000 JavaThread "task-result-getter-3" daemon [_thread_blocked, id=5172, stack(0x00007f232e597000,0x00007f232e698000)]
  0x00007f236806b000 JavaThread "task-result-getter-2" daemon [_thread_blocked, id=5171, stack(0x00007f232e698000,0x00007f232e799000)]
  0x00007f236804e800 JavaThread "task-result-getter-1" daemon [_thread_blocked, id=5170, stack(0x00007f232e799000,0x00007f232e89a000)]
  0x00007f236c021000 JavaThread "task-result-getter-0" daemon [_thread_blocked, id=5169, stack(0x00007f232e89a000,0x00007f232e99b000)]
  0x00007f236c01f000 JavaThread "Executor task launch worker-0" daemon [_thread_blocked, id=5168, stack(0x00007f232e99b000,0x00007f232ea9c000)]
  0x00007f23b09a4000 JavaThread "Spark Context Cleaner" daemon [_thread_blocked, id=5158, stack(0x00007f232eeef000,0x00007f232eff0000)]
  0x00007f23b09a2800 JavaThread "SparkListenerBus" daemon [_thread_blocked, id=5157, stack(0x00007f232eff0000,0x00007f232f0f1000)]
  0x00007f23b088a800 JavaThread "shuffle-server-0" daemon [_thread_blocked, id=5156, stack(0x00007f232f0f1000,0x00007f232f1f2000)]
  0x00007f236803d000 JavaThread "Driver Heartbeater" daemon [_thread_blocked, id=5153, stack(0x00007f232f1f2000,0x00007f232f2f3000)]
  0x00007f23b06fa000 JavaThread "Timer-0" daemon [_thread_blocked, id=5152, stack(0x00007f232f2f3000,0x00007f232f3f4000)]
  0x00007f23b009f800 JavaThread "qtp862122031-49" daemon [_thread_blocked, id=5151, stack(0x00007f232f3f4000,0x00007f232f4f5000)]
  0x00007f23b009d800 JavaThread "qtp862122031-48" daemon [_thread_blocked, id=5150, stack(0x00007f232f4f5000,0x00007f232f5f6000)]
  0x00007f23b009c000 JavaThread "qtp862122031-47" daemon [_thread_blocked, id=5149, stack(0x00007f232f5f6000,0x00007f232f6f7000)]
  0x00007f23b0152000 JavaThread "qtp862122031-46" daemon [_thread_blocked, id=5148, stack(0x00007f232f6f7000,0x00007f232f7f8000)]
  0x00007f23b0150000 JavaThread "qtp862122031-45" daemon [_thread_blocked, id=5147, stack(0x00007f232f7f8000,0x00007f232f8f9000)]
  0x00007f23b014f000 JavaThread "qtp862122031-44" daemon [_thread_blocked, id=5146, stack(0x00007f232f8f9000,0x00007f232f9fa000)]
  0x00007f23b06ee000 JavaThread "qtp862122031-43 Acceptor0 SelectChannelConnector@0.0.0.0:4040" daemon [_thread_in_native, id=5145, stack(0x00007f232f9fa000,0x00007f232fafb000)]
  0x00007f23b06e1000 JavaThread "qtp862122031-42 Selector0" daemon [_thread_blocked, id=5144, stack(0x00007f232fafb000,0x00007f232fbfc000)]
  0x00007f23b06a0000 JavaThread "SPARK_CONTEXT cleanup timer" daemon [_thread_blocked, id=5125, stack(0x00007f232fbfc000,0x00007f232fcfd000)]
  0x00007f23b0694000 JavaThread "qtp2025609586-39" daemon [_thread_blocked, id=5124, stack(0x00007f232fcfd000,0x00007f232fdfe000)]
  0x00007f23b0692000 JavaThread "qtp2025609586-38" daemon [_thread_blocked, id=5123, stack(0x00007f232fdfe000,0x00007f232feff000)]
  0x00007f23b0690000 JavaThread "qtp2025609586-37" daemon [_thread_blocked, id=5122, stack(0x00007f232feff000,0x00007f2330000000)]
  0x00007f23b068e800 JavaThread "qtp2025609586-36" daemon [_thread_blocked, id=5121, stack(0x00007f239c02a000,0x00007f239c12b000)]
  0x00007f23b068d000 JavaThread "qtp2025609586-35" daemon [_thread_blocked, id=5120, stack(0x00007f239c12b000,0x00007f239c22c000)]
  0x00007f23b068b800 JavaThread "qtp2025609586-34" daemon [_thread_blocked, id=5119, stack(0x00007f239c22c000,0x00007f239c32d000)]
  0x00007f23b068a000 JavaThread "qtp2025609586-33 Acceptor0 SocketConnector@0.0.0.0:45873" daemon [_thread_in_native, id=5118, stack(0x00007f239c32d000,0x00007f239c42e000)]
  0x00007f23b0687800 JavaThread "qtp2025609586-32" daemon [_thread_blocked, id=5117, stack(0x00007f239c42e000,0x00007f239c52f000)]
  0x00007f23b0656000 JavaThread "BROADCAST_VARS cleanup timer" daemon [_thread_blocked, id=5107, stack(0x00007f239c52f000,0x00007f239c630000)]
  0x00007f23b0655000 JavaThread "BLOCK_MANAGER cleanup timer" daemon [_thread_blocked, id=5106, stack(0x00007f239c630000,0x00007f239c731000)]
  0x00007f23b055d800 JavaThread "MAP_OUTPUT_TRACKER cleanup timer" daemon [_thread_blocked, id=5102, stack(0x00007f239c972000,0x00007f239ca73000)]
  0x00007f2358074800 JavaThread "New I/O server boss #6" daemon [_thread_in_native, id=5101, stack(0x00007f239ca73000,0x00007f239cb74000)]
  0x00007f2358072000 JavaThread "New I/O worker #5" daemon [_thread_blocked, id=5100, stack(0x00007f239cb74000,0x00007f239cc75000)]
  0x00007f235806f800 JavaThread "New I/O worker #4" daemon [_thread_blocked, id=5099, stack(0x00007f239cc75000,0x00007f239cd76000)]
  0x00007f235806f000 JavaThread "New I/O boss #3" daemon [_thread_blocked, id=5098, stack(0x00007f239cd76000,0x00007f239ce77000)]
  0x00007f2358041000 JavaThread "New I/O worker #2" daemon [_thread_blocked, id=5097, stack(0x00007f239ce77000,0x00007f239cf78000)]
  0x00007f235802f800 JavaThread "New I/O worker #1" daemon [_thread_blocked, id=5096, stack(0x00007f239cf78000,0x00007f239d079000)]
  0x00007f23b053c800 JavaThread "sparkDriver-akka.remote.default-remote-dispatcher-7" daemon [_thread_blocked, id=5095, stack(0x00007f239d079000,0x00007f239d17a000)]
  0x00007f2368017800 JavaThread "sparkDriver-akka.remote.default-remote-dispatcher-6" daemon [_thread_blocked, id=5094, stack(0x00007f239d17a000,0x00007f239d27b000)]
  0x00007f23b0517800 JavaThread "sparkDriver-akka.actor.default-dispatcher-5" daemon [_thread_blocked, id=5093, stack(0x00007f239d27b000,0x00007f239d37c000)]
  0x00007f2368014000 JavaThread "sparkDriver-akka.actor.default-dispatcher-4" daemon [_thread_blocked, id=5092, stack(0x00007f239d37c000,0x00007f239d47d000)]
  0x00007f23b0515800 JavaThread "sparkDriver-akka.actor.default-dispatcher-3" daemon [_thread_blocked, id=5091, stack(0x00007f239d47d000,0x00007f239d57e000)]
  0x00007f23b0506000 JavaThread "sparkDriver-akka.actor.default-dispatcher-2" daemon [_thread_blocked, id=5090, stack(0x00007f239d57e000,0x00007f239d67f000)]
  0x00007f23b048c000 JavaThread "sparkDriver-scheduler-1" daemon [_thread_blocked, id=5089, stack(0x00007f239d67f000,0x00007f239d780000)]
  0x00007f23b009a000 JavaThread "Service Thread" daemon [_thread_blocked, id=5066, stack(0x00007f239ef12000,0x00007f239f013000)]
  0x00007f23b0097800 JavaThread "C2 CompilerThread1" daemon [_thread_blocked, id=5065, stack(0x00007f239f013000,0x00007f239f114000)]
  0x00007f23b0094800 JavaThread "C2 CompilerThread0" daemon [_thread_blocked, id=5064, stack(0x00007f239f114000,0x00007f239f215000)]
  0x00007f23b0092800 JavaThread "Signal Dispatcher" daemon [_thread_blocked, id=5063, stack(0x00007f239f215000,0x00007f239f316000)]
  0x00007f23b0070000 JavaThread "Finalizer" daemon [_thread_blocked, id=5062, stack(0x00007f239f9fa000,0x00007f239fafb000)]
  0x00007f23b006e000 JavaThread "Reference Handler" daemon [_thread_blocked, id=5061, stack(0x00007f239fafb000,0x00007f239fbfc000)]
  0x00007f23b000a000 JavaThread "main" [_thread_blocked, id=5055, stack(0x00007f23b7ad8000,0x00007f23b7bd9000)]

Other Threads:
=>0x00007f23b006a000 VMThread [stack: 0x00007f239fbfc000,0x00007f239fcfd000] [id=5060]
  0x00007f23b00a4800 WatcherThread [stack: 0x00007f239ee11000,0x00007f239ef12000] [id=5067]

VM state:at safepoint (normal execution)

VM Mutex/Monitor currently owned by a thread:  ([mutex/lock_event])
[0x00007f23b0006550] Threads_lock - owner thread: 0x00007f23b006a000
[0x00007f23b0006a50] Heap_lock - owner thread: 0x00007f23b09a4000

Heap
 PSYoungGen      total 445952K, used 50176K [0x00000000d7f00000, 0x00000000f9680000, 0x0000000100000000)
  eden space 360960K, 0% used [0x00000000d7f00000,0x00000000d7f00000,0x00000000edf80000)
  from space 84992K, 59% used [0x00000000edf80000,0x00000000f1080010,0x00000000f3280000)
  to   space 73216K, 0% used [0x00000000f3280000,0x00000000f3280000,0x00000000f7a00000)
 ParOldGen       total 208896K, used 165618K [0x0000000087e00000, 0x0000000094a00000, 0x00000000d7f00000)
  object space 208896K, 79% used [0x0000000087e00000,0x0000000091fbcb20,0x0000000094a00000)
 PSPermGen       total 83968K, used 54982K [0x0000000082c00000, 0x0000000087e00000, 0x0000000087e00000)
  object space 83968K, 65% used [0x0000000082c00000,0x00000000861b1868,0x0000000087e00000)

Card table byte_map: [0x00007f23b49df000,0x00007f23b4dca000] byte_map_base: 0x00007f23b45c9000

Polling page: 0x00007f23b7bef000

Code Cache  [0x00007f23ad000000, 0x00007f23ad410000, 0x00007f23b0000000)
 total_blobs=2343 nmethods=1900 adapters=395 free_code_cache=45088Kb largest_free_block=46101312

Compilation events (10 events):
Event: 100.414 Thread 0x00007f23b0094800 2001   !         java.io.FileInputStream::read (68 bytes)
Event: 100.414 Thread 0x00007f23b0094800 nmethod 2001 0x00007f23ad3fe390 code [0x00007f23ad3fe4e0, 0x00007f23ad3fe548]
Event: 100.415 Thread 0x00007f23b0097800 2002             org.apache.spark.network.util.LimitedInputStream::read (55 bytes)
Event: 100.416 Thread 0x00007f23b0097800 nmethod 2002 0x00007f23ad294ad0 code [0x00007f23ad294c20, 0x00007f23ad294d08]
Event: 100.431 Thread 0x00007f23b0097800 2004             org.apache.spark.rdd.RDD$$anonfun$distinct$2::apply (2 bytes)
Event: 100.431 Thread 0x00007f23b0094800 2003             org.apache.spark.rdd.RDD$$anonfun$distinct$2::apply (15 bytes)
Event: 100.432 Thread 0x00007f23b0097800 nmethod 2004 0x00007f23ad405c10 code [0x00007f23ad405d40, 0x00007f23ad405d98]
Event: 100.432 Thread 0x00007f23b0094800 nmethod 2003 0x00007f23ad405990 code [0x00007f23ad405ae0, 0x00007f23ad405b58]
Event: 100.885 Thread 0x00007f23b0097800 2005             org.xerial.snappy.SnappyInputStream::hasNextChunk (244 bytes)
Event: 100.893 Thread 0x00007f23b0097800 nmethod 2005 0x00007f23ad405e10 code [0x00007f23ad405fe0, 0x00007f23ad4066d0]

GC Heap History (10 events):
Event: 81.986 GC heap after
Heap after GC invocations=17 (full 2):
 PSYoungGen      total 281600K, used 0K [0x00000000d7f00000, 0x00000000f4800000, 0x0000000100000000)
  eden space 232448K, 0% used [0x00000000d7f00000,0x00000000d7f00000,0x00000000e6200000)
  from space 49152K, 0% used [0x00000000e6200000,0x00000000e6200000,0x00000000e9200000)
  to   space 64512K, 0% used [0x00000000f0900000,0x00000000f0900000,0x00000000f4800000)
 ParOldGen       total 187392K, used 101013K [0x0000000087e00000, 0x0000000093500000, 0x00000000d7f00000)
  object space 187392K, 53% used [0x0000000087e00000,0x000000008e0a55e8,0x0000000093500000)
 PSPermGen       total 83968K, used 54920K [0x0000000082c00000, 0x0000000087e00000, 0x0000000087e00000)
  object space 83968K, 65% used [0x0000000082c00000,0x00000000861a20d0,0x0000000087e00000)
}
Event: 83.379 GC heap before
{Heap before GC invocations=18 (full 2):
 PSYoungGen      total 281600K, used 232448K [0x00000000d7f00000, 0x00000000f4800000, 0x0000000100000000)
  eden space 232448K, 100% used [0x00000000d7f00000,0x00000000e6200000,0x00000000e6200000)
  from space 49152K, 0% used [0x00000000e6200000,0x00000000e6200000,0x00000000e9200000)
  to   space 64512K, 0% used [0x00000000f0900000,0x00000000f0900000,0x00000000f4800000)
 ParOldGen       total 187392K, used 101013K [0x0000000087e00000, 0x0000000093500000, 0x00000000d7f00000)
  object space 187392K, 53% used [0x0000000087e00000,0x000000008e0a55e8,0x0000000093500000)
 PSPermGen       total 83968K, used 54920K [0x0000000082c00000, 0x0000000087e00000, 0x0000000087e00000)
  object space 83968K, 65% used [0x0000000082c00000,0x00000000861a2130,0x0000000087e00000)
Event: 83.451 GC heap after
Heap after GC invocations=18 (full 2):
 PSYoungGen      total 357376K, used 48032K [0x00000000d7f00000, 0x00000000f3800000, 0x0000000100000000)
  eden space 309248K, 0% used [0x00000000d7f00000,0x00000000d7f00000,0x00000000ead00000)
  from space 48128K, 99% used [0x00000000f0900000,0x00000000f37e8020,0x00000000f3800000)
  to   space 69632K, 0% used [0x00000000eb000000,0x00000000eb000000,0x00000000ef400000)
 ParOldGen       total 187392K, used 101013K [0x0000000087e00000, 0x0000000093500000, 0x00000000d7f00000)
  object space 187392K, 53% used [0x0000000087e00000,0x000000008e0a55e8,0x0000000093500000)
 PSPermGen       total 83968K, used 54920K [0x0000000082c00000, 0x0000000087e00000, 0x0000000087e00000)
  object space 83968K, 65% used [0x0000000082c00000,0x00000000861a2130,0x0000000087e00000)
}
Event: 90.071 GC heap before
{Heap before GC invocations=19 (full 2):
 PSYoungGen      total 357376K, used 357280K [0x00000000d7f00000, 0x00000000f3800000, 0x0000000100000000)
  eden space 309248K, 100% used [0x00000000d7f00000,0x00000000ead00000,0x00000000ead00000)
  from space 48128K, 99% used [0x00000000f0900000,0x00000000f37e8020,0x00000000f3800000)
  to   space 69632K, 0% used [0x00000000eb000000,0x00000000eb000000,0x00000000ef400000)
 ParOldGen       total 187392K, used 101013K [0x0000000087e00000, 0x0000000093500000, 0x00000000d7f00000)
  object space 187392K, 53% used [0x0000000087e00000,0x000000008e0a55e8,0x0000000093500000)
 PSPermGen       total 83968K, used 54958K [0x0000000082c00000, 0x0000000087e00000, 0x0000000087e00000)
  object space 83968K, 65% used [0x0000000082c00000,0x00000000861ab800,0x0000000087e00000)
Event: 90.188 GC heap after
Heap after GC invocations=19 (full 2):
 PSYoungGen      total 381952K, used 46914K [0x00000000d7f00000, 0x00000000f7a00000, 0x0000000100000000)
  eden space 312320K, 0% used [0x00000000d7f00000,0x00000000d7f00000,0x00000000eb000000)
  from space 69632K, 67% used [0x00000000eb000000,0x00000000eddd08e8,0x00000000ef400000)
  to   space 73216K, 0% used [0x00000000f3280000,0x00000000f3280000,0x00000000f7a00000)
 ParOldGen       total 187392K, used 149037K [0x0000000087e00000, 0x0000000093500000, 0x00000000d7f00000)
  object space 187392K, 79% used [0x0000000087e00000,0x0000000090f8b5f8,0x0000000093500000)
 PSPermGen       total 83968K, used 54958K [0x0000000082c00000, 0x0000000087e00000, 0x0000000087e00000)
  object space 83968K, 65% used [0x0000000082c00000,0x00000000861ab800,0x0000000087e00000)
}
Event: 90.188 GC heap before
{Heap before GC invocations=20 (full 3):
 PSYoungGen      total 381952K, used 46914K [0x00000000d7f00000, 0x00000000f7a00000, 0x0000000100000000)
  eden space 312320K, 0% used [0x00000000d7f00000,0x00000000d7f00000,0x00000000eb000000)
  from space 69632K, 67% used [0x00000000eb000000,0x00000000eddd08e8,0x00000000ef400000)
  to   space 73216K, 0% used [0x00000000f3280000,0x00000000f3280000,0x00000000f7a00000)
 ParOldGen       total 187392K, used 149037K [0x0000000087e00000, 0x0000000093500000, 0x00000000d7f00000)
  object space 187392K, 79% used [0x0000000087e00000,0x0000000090f8b5f8,0x0000000093500000)
 PSPermGen       total 83968K, used 54958K [0x0000000082c00000, 0x0000000087e00000, 0x0000000087e00000)
  object space 83968K, 65% used [0x0000000082c00000,0x00000000861ab800,0x0000000087e00000)
Event: 90.675 GC heap after
Heap after GC invocations=20 (full 3):
 PSYoungGen      total 381952K, used 0K [0x00000000d7f00000, 0x00000000f7a00000, 0x0000000100000000)
  eden space 312320K, 0% used [0x00000000d7f00000,0x00000000d7f00000,0x00000000eb000000)
  from space 69632K, 0% used [0x00000000eb000000,0x00000000eb000000,0x00000000ef400000)
  to   space 73216K, 0% used [0x00000000f3280000,0x00000000f3280000,0x00000000f7a00000)
 ParOldGen       total 208896K, used 94658K [0x0000000087e00000, 0x0000000094a00000, 0x00000000d7f00000)
  object space 208896K, 45% used [0x0000000087e00000,0x000000008da70b10,0x0000000094a00000)
 PSPermGen       total 83968K, used 54957K [0x0000000082c00000, 0x0000000087e00000, 0x0000000087e00000)
  object space 83968K, 65% used [0x0000000082c00000,0x00000000861ab7a0,0x0000000087e00000)
}
Event: 93.120 GC heap before
{Heap before GC invocations=21 (full 3):
 PSYoungGen      total 381952K, used 312320K [0x00000000d7f00000, 0x00000000f7a00000, 0x0000000100000000)
  eden space 312320K, 100% used [0x00000000d7f00000,0x00000000eb000000,0x00000000eb000000)
  from space 69632K, 0% used [0x00000000eb000000,0x00000000eb000000,0x00000000ef400000)
  to   space 73216K, 0% used [0x00000000f3280000,0x00000000f3280000,0x00000000f7a00000)
 ParOldGen       total 208896K, used 94658K [0x0000000087e00000, 0x0000000094a00000, 0x00000000d7f00000)
  object space 208896K, 45% used [0x0000000087e00000,0x000000008da70b10,0x0000000094a00000)
 PSPermGen       total 83968K, used 54957K [0x0000000082c00000, 0x0000000087e00000, 0x0000000087e00000)
  object space 83968K, 65% used [0x0000000082c00000,0x00000000861ab7a0,0x0000000087e00000)
Event: 93.332 GC heap after
Heap after GC invocations=21 (full 3):
 PSYoungGen      total 434176K, used 70944K [0x00000000d7f00000, 0x00000000f9680000, 0x0000000100000000)
  eden space 360960K, 0% used [0x00000000d7f00000,0x00000000d7f00000,0x00000000edf80000)
  from space 73216K, 96% used [0x00000000f3280000,0x00000000f77c8020,0x00000000f7a00000)
  to   space 84992K, 0% used [0x00000000edf80000,0x00000000edf80000,0x00000000f3280000)
 ParOldGen       total 208896K, used 94658K [0x0000000087e00000, 0x0000000094a00000, 0x00000000d7f00000)
  object space 208896K, 45% used [0x0000000087e00000,0x000000008da70b10,0x0000000094a00000)
 PSPermGen       total 83968K, used 54957K [0x0000000082c00000, 0x0000000087e00000, 0x0000000087e00000)
  object space 83968K, 65% used [0x0000000082c00000,0x00000000861ab7a0,0x0000000087e00000)
}
Event: 101.940 GC heap before
{Heap before GC invocations=22 (full 3):
 PSYoungGen      total 434176K, used 431904K [0x00000000d7f00000, 0x00000000f9680000, 0x0000000100000000)
  eden space 360960K, 100% used [0x00000000d7f00000,0x00000000edf80000,0x00000000edf80000)
  from space 73216K, 96% used [0x00000000f3280000,0x00000000f77c8020,0x00000000f7a00000)
  to   space 84992K, 0% used [0x00000000edf80000,0x00000000edf80000,0x00000000f3280000)
 ParOldGen       total 208896K, used 94658K [0x0000000087e00000, 0x0000000094a00000, 0x00000000d7f00000)
  object space 208896K, 45% used [0x0000000087e00000,0x000000008da70b10,0x0000000094a00000)
 PSPermGen       total 83968K, used 54982K [0x0000000082c00000, 0x0000000087e00000, 0x0000000087e00000)
  object space 83968K, 65% used [0x0000000082c00000,0x00000000861b1868,0x0000000087e00000)

Deoptimization events (10 events):
Event: 94.544 Thread 0x00007f23b09a2800 Uncommon trap: reason=class_check action=maybe_recompile pc=0x00007f23ad2fe3c0 method=scala.collection.immutable.HashSet.$plus(Ljava/lang/Object;)Lscala/collection/immutable/HashSet; @ 8
Event: 94.545 Thread 0x00007f236c023000 Uncommon trap: reason=class_check action=maybe_recompile pc=0x00007f23ad3a79e8 method=java.lang.reflect.Array.newInstance(Ljava/lang/Class;I)Ljava/lang/Object; @ 2
Event: 94.546 Thread 0x00007f236c023000 Uncommon trap: reason=class_check action=maybe_recompile pc=0x00007f23ad3cf134 method=org.apache.spark.storage.MemoryStore.unrollSafely(Lorg/apache/spark/storage/BlockId;Lscala/collection/Iterator;Lscala/collection/mutable/ArrayBuffer;)Lscala/util/Either;
Event: 94.546 Thread 0x00007f236c023000 Uncommon trap: reason=unreached action=reinterpret pc=0x00007f23ad39b6c4 method=org.apache.spark.util.SizeEstimator$.org$apache$spark$util$SizeEstimator$$primitiveSize(Ljava/lang/Class;)J @ 21
Event: 94.803 Thread 0x00007f236c023000 Uncommon trap: reason=class_check action=maybe_recompile pc=0x00007f23ad3adb8c method=scala.collection.mutable.ArrayBuilder$.make(Lscala/reflect/ClassTag;)Lscala/collection/mutable/ArrayBuilder; @ 5
Event: 100.042 Thread 0x00007f236c01f000 Uncommon trap: reason=unreached action=reinterpret pc=0x00007f23ad3e61e4 method=org.xerial.snappy.SnappyInputStream.hasNextChunk()Z @ 74
Event: 100.042 Thread 0x00007f236c01f000 Uncommon trap: reason=class_check action=maybe_recompile pc=0x00007f23ad3a40ec method=org.apache.spark.util.collection.AppendOnlyMap.changeValue(Ljava/lang/Object;Lscala/Function2;)Ljava/lang/Object; @ 134
Event: 100.042 Thread 0x00007f236c01f000 Uncommon trap: reason=class_check action=maybe_recompile pc=0x00007f23ad3a40ec method=org.apache.spark.util.collection.AppendOnlyMap.changeValue(Ljava/lang/Object;Lscala/Function2;)Ljava/lang/Object; @ 134
Event: 100.042 Thread 0x00007f236c01f000 Uncommon trap: reason=class_check action=maybe_recompile pc=0x00007f23ad3a40ec method=org.apache.spark.util.collection.AppendOnlyMap.changeValue(Ljava/lang/Object;Lscala/Function2;)Ljava/lang/Object; @ 134
Event: 100.042 Thread 0x00007f236c01f000 Uncommon trap: reason=class_check action=maybe_recompile pc=0x00007f23ad3a40ec method=org.apache.spark.util.collection.AppendOnlyMap.changeValue(Ljava/lang/Object;Lscala/Function2;)Ljava/lang/Object; @ 134

Internal exceptions (10 events):
Event: 71.008 Thread 0x00007f236000b000 Threw 0x00000000d8336748 at /HUDSON/workspace/7u-2-build-linux-amd64/jdk7u79/2331/hotspot/src/share/vm/prims/jvm.cpp:1304
Event: 71.008 Thread 0x00007f23b09a4000 Threw 0x00000000d8253168 at /HUDSON/workspace/7u-2-build-linux-amd64/jdk7u79/2331/hotspot/src/share/vm/prims/jvm.cpp:1304
Event: 71.009 Thread 0x00007f23b09a4000 Threw 0x00000000d8369f50 at /HUDSON/workspace/7u-2-build-linux-amd64/jdk7u79/2331/hotspot/src/share/vm/prims/jvm.cpp:1304
Event: 71.009 Thread 0x00007f23b09a4000 Threw 0x00000000d836ea80 at /HUDSON/workspace/7u-2-build-linux-amd64/jdk7u79/2331/hotspot/src/share/vm/prims/jvm.cpp:1304
Event: 71.326 Thread 0x00007f236c01f000 Threw 0x00000000db77a418 at /HUDSON/workspace/7u-2-build-linux-amd64/jdk7u79/2331/hotspot/src/share/vm/prims/jni.cpp:1632
Event: 80.004 Thread 0x00007f237832d000 Implicit null exception at 0x00007f23ad2d770c to 0x00007f23ad2d7de1
Event: 93.333 Thread 0x00007f23781e0000 Threw 0x00000000d85c8b78 at /HUDSON/workspace/7u-2-build-linux-amd64/jdk7u79/2331/hotspot/src/share/vm/prims/jvm.cpp:1304
Event: 94.803 Thread 0x00007f23781e0000 Threw 0x00000000dc142ce8 at /HUDSON/workspace/7u-2-build-linux-amd64/jdk7u79/2331/hotspot/src/share/vm/prims/jvm.cpp:1304
Event: 95.147 Thread 0x00007f2340003000 Threw 0x00000000de96d390 at /HUDSON/workspace/7u-2-build-linux-amd64/jdk7u79/2331/hotspot/src/share/vm/prims/jvm.cpp:3025
Event: 100.042 Thread 0x00007f236c01f000 Implicit null exception at 0x00007f23ad3e5cdb to 0x00007f23ad3e61d1

Events (10 events):
Event: 100.042 Thread 0x00007f236c01f000 Uncommon trap: trap_request=0xffffffde fr.pc=0x00007f23ad3a40ec
Event: 100.042 Thread 0x00007f236c01f000 DEOPT PACKING pc=0x00007f23ad3a40ec sp=0x00007f232ea99e90
Event: 100.042 Thread 0x00007f236c01f000 DEOPT UNPACKING pc=0x00007f23ad039445 sp=0x00007f232ea99e58 mode 2
Event: 100.042 Thread 0x00007f236c01f000 Uncommon trap: trap_request=0xffffffde fr.pc=0x00007f23ad3a40ec
Event: 100.042 Thread 0x00007f236c01f000 DEOPT PACKING pc=0x00007f23ad3a40ec sp=0x00007f232ea99e90
Event: 100.042 Thread 0x00007f236c01f000 DEOPT UNPACKING pc=0x00007f23ad039445 sp=0x00007f232ea99e58 mode 2
Event: 100.042 Thread 0x00007f236c01f000 Uncommon trap: trap_request=0xffffffde fr.pc=0x00007f23ad3a40ec
Event: 100.042 Thread 0x00007f236c01f000 DEOPT PACKING pc=0x00007f23ad3a40ec sp=0x00007f232ea99e90
Event: 100.042 Thread 0x00007f236c01f000 DEOPT UNPACKING pc=0x00007f23ad039445 sp=0x00007f232ea99e58 mode 2
Event: 101.939 Executing VM operation: ParallelGCFailedAllocation


Dynamic libraries:
00400000-00401000 r-xp 00000000 07:00 675811                             /usr/lib/jvm/jdk1.7.0_79/bin/java
00600000-00601000 rw-p 00000000 07:00 675811                             /usr/lib/jvm/jdk1.7.0_79/bin/java
01941000-019ad000 rw-p 00000000 00:00 0                                  [heap]
82c00000-87e00000 rw-p 00000000 00:00 0 
87e00000-94a00000 rw-p 00000000 00:00 0 
94a00000-d7f00000 rw-p 00000000 00:00 0 
d7f00000-f9680000 rw-p 00000000 00:00 0 
fe100000-100000000 rw-p 00000000 00:00 0 
7f23241ef000-7f23241f2000 ---p 00000000 00:00 0 
7f23241f2000-7f23242f0000 rw-p 00000000 00:00 0 
7f23242f0000-7f23242f3000 ---p 00000000 00:00 0 
7f23242f3000-7f23243f1000 rw-p 00000000 00:00 0 
7f23243f1000-7f23243f4000 ---p 00000000 00:00 0 
7f23243f4000-7f23244f2000 rw-p 00000000 00:00 0                          [stack:5372]
7f23244f2000-7f23244f5000 ---p 00000000 00:00 0 
7f23244f5000-7f23245f3000 rw-p 00000000 00:00 0 
7f23245f3000-7f23245f6000 ---p 00000000 00:00 0 
7f23245f6000-7f23246f4000 rw-p 00000000 00:00 0 
7f23246f4000-7f23246f7000 ---p 00000000 00:00 0 
7f23246f7000-7f23247f5000 rw-p 00000000 00:00 0 
7f23247f5000-7f23247f8000 ---p 00000000 00:00 0 
7f23247f8000-7f23248f6000 rw-p 00000000 00:00 0                          [stack:5200]
7f23248f6000-7f23248f9000 ---p 00000000 00:00 0 
7f23248f9000-7f23249f7000 rw-p 00000000 00:00 0                          [stack:5199]
7f23249f7000-7f23249fa000 ---p 00000000 00:00 0 
7f23249fa000-7f2324af8000 rw-p 00000000 00:00 0 
7f2324af8000-7f2324afb000 ---p 00000000 00:00 0 
7f2324afb000-7f2324bf9000 rw-p 00000000 00:00 0 
7f2324bf9000-7f2324bfc000 ---p 00000000 00:00 0 
7f2324bfc000-7f2324cfa000 rw-p 00000000 00:00 0                          [stack:5196]
7f2324cfa000-7f2324cfd000 ---p 00000000 00:00 0 
7f2324cfd000-7f2324dfb000 rw-p 00000000 00:00 0 
7f2324dfb000-7f2324dfe000 ---p 00000000 00:00 0 
7f2324dfe000-7f2324efc000 rw-p 00000000 00:00 0                          [stack:5194]
7f2324efc000-7f2324eff000 ---p 00000000 00:00 0 
7f2324eff000-7f2328000000 rw-p 00000000 00:00 0                          [stack:5193]
7f2328000000-7f2328021000 rw-p 00000000 00:00 0 
7f2328021000-7f232c000000 ---p 00000000 00:00 0 
7f232c07c000-7f232c07f000 ---p 00000000 00:00 0 
7f232c07f000-7f232c17d000 rw-p 00000000 00:00 0                          [stack:5370]
7f232c17d000-7f232c180000 ---p 00000000 00:00 0 
7f232c180000-7f232c27e000 rw-p 00000000 00:00 0                          [stack:5191]
7f232c27e000-7f232c281000 ---p 00000000 00:00 0 
7f232c281000-7f232c37f000 rw-p 00000000 00:00 0 
7f232c37f000-7f232c382000 ---p 00000000 00:00 0 
7f232c382000-7f232c480000 rw-p 00000000 00:00 0                          [stack:5189]
7f232c480000-7f232c483000 ---p 00000000 00:00 0 
7f232c483000-7f232c581000 rw-p 00000000 00:00 0 
7f232c581000-7f232c584000 ---p 00000000 00:00 0 
7f232c584000-7f232c682000 rw-p 00000000 00:00 0 
7f232c682000-7f232c685000 ---p 00000000 00:00 0 
7f232c685000-7f232c783000 rw-p 00000000 00:00 0 
7f232c783000-7f232c786000 ---p 00000000 00:00 0 
7f232c786000-7f232c884000 rw-p 00000000 00:00 0 
7f232c884000-7f232c887000 ---p 00000000 00:00 0 
7f232c887000-7f232c985000 rw-p 00000000 00:00 0 
7f232c985000-7f232c988000 ---p 00000000 00:00 0 
7f232c988000-7f232da87000 rw-p 00000000 00:00 0                          [stack:5374]
7f232da87000-7f232da8a000 ---p 00000000 00:00 0 
7f232da8a000-7f232db88000 rw-p 00000000 00:00 0 
7f232db88000-7f232db8b000 ---p 00000000 00:00 0 
7f232db8b000-7f232dc89000 rw-p 00000000 00:00 0 
7f232dc89000-7f232dc8c000 ---p 00000000 00:00 0 
7f232dc8c000-7f232dd8a000 rw-p 00000000 00:00 0 
7f232dd8a000-7f232dd8d000 ---p 00000000 00:00 0 
7f232dd8d000-7f232de8b000 rw-p 00000000 00:00 0 
7f232de8b000-7f232de92000 r-xp 00000000 07:00 12174                      /tmp/libnetty-transport-native-epoll6584694537692200858.so
7f232de92000-7f232e091000 ---p 00007000 07:00 12174                      /tmp/libnetty-transport-native-epoll6584694537692200858.so
7f232e091000-7f232e092000 rw-p 00006000 07:00 12174                      /tmp/libnetty-transport-native-epoll6584694537692200858.so
7f232e092000-7f232e095000 ---p 00000000 00:00 0 
7f232e095000-7f232e193000 rw-p 00000000 00:00 0 
7f232e193000-7f232e196000 ---p 00000000 00:00 0 
7f232e196000-7f232e294000 rw-p 00000000 00:00 0                          [stack:5177]
7f232e294000-7f232e297000 ---p 00000000 00:00 0 
7f232e297000-7f232e395000 rw-p 00000000 00:00 0                          [stack:5176]
7f232e395000-7f232e398000 ---p 00000000 00:00 0 
7f232e398000-7f232e496000 rw-p 00000000 00:00 0                          [stack:5174]
7f232e496000-7f232e499000 ---p 00000000 00:00 0 
7f232e499000-7f232e597000 rw-p 00000000 00:00 0                          [stack:5173]
7f232e597000-7f232e59a000 ---p 00000000 00:00 0 
7f232e59a000-7f232e698000 rw-p 00000000 00:00 0                          [stack:5172]
7f232e698000-7f232e69b000 ---p 00000000 00:00 0 
7f232e69b000-7f232e799000 rw-p 00000000 00:00 0                          [stack:5171]
7f232e799000-7f232e79c000 ---p 00000000 00:00 0 
7f232e79c000-7f232e89a000 rw-p 00000000 00:00 0                          [stack:5170]
7f232e89a000-7f232e89d000 ---p 00000000 00:00 0 
7f232e89d000-7f232e99b000 rw-p 00000000 00:00 0                          [stack:5169]
7f232e99b000-7f232e99e000 ---p 00000000 00:00 0 
7f232e99e000-7f232ea9c000 rw-p 00000000 00:00 0                          [stack:5168]
7f232ea9c000-7f232ea9d000 r-xp 00000000 07:00 675659                     /usr/lib/jvm/jdk1.7.0_79/jre/lib/amd64/libjaas_unix.so
7f232ea9d000-7f232ec9c000 ---p 00001000 07:00 675659                     /usr/lib/jvm/jdk1.7.0_79/jre/lib/amd64/libjaas_unix.so
7f232ec9c000-7f232ec9d000 rw-p 00000000 07:00 675659                     /usr/lib/jvm/jdk1.7.0_79/jre/lib/amd64/libjaas_unix.so
7f232ec9d000-7f232ecda000 r-xp 00000000 07:00 11850                      /tmp/snappy-unknown-3bfc5ac5-6b4d-42cc-a560-cbace082f309-libsnappyjava.so
7f232ecda000-7f232eeda000 ---p 0003d000 07:00 11850                      /tmp/snappy-unknown-3bfc5ac5-6b4d-42cc-a560-cbace082f309-libsnappyjava.so
7f232eeda000-7f232eedd000 rw-p 0003d000 07:00 11850                      /tmp/snappy-unknown-3bfc5ac5-6b4d-42cc-a560-cbace082f309-libsnappyjava.so
7f232eedd000-7f232eeef000 rw-p 00000000 00:00 0 
7f232eeef000-7f232eef2000 ---p 00000000 00:00 0 
7f232eef2000-7f232eff0000 rw-p 00000000 00:00 0                          [stack:5158]
7f232eff0000-7f232eff3000 ---p 00000000 00:00 0 
7f232eff3000-7f232f0f1000 rw-p 00000000 00:00 0                          [stack:5157]
7f232f0f1000-7f232f0f4000 ---p 00000000 00:00 0 
7f232f0f4000-7f232f1f2000 rw-p 00000000 00:00 0                          [stack:5156]
7f232f1f2000-7f232f1f5000 ---p 00000000 00:00 0 
7f232f1f5000-7f232f2f3000 rw-p 00000000 00:00 0                          [stack:5153]
7f232f2f3000-7f232f2f6000 ---p 00000000 00:00 0 
7f232f2f6000-7f232f3f4000 rw-p 00000000 00:00 0                          [stack:5152]
7f232f3f4000-7f232f3f7000 ---p 00000000 00:00 0 
7f232f3f7000-7f232f4f5000 rw-p 00000000 00:00 0                          [stack:5151]
7f232f4f5000-7f232f4f8000 ---p 00000000 00:00 0 
7f232f4f8000-7f232f5f6000 rw-p 00000000 00:00 0                          [stack:5150]
7f232f5f6000-7f232f5f9000 ---p 00000000 00:00 0 
7f232f5f9000-7f232f6f7000 rw-p 00000000 00:00 0                          [stack:5149]
7f232f6f7000-7f232f6fa000 ---p 00000000 00:00 0 
7f232f6fa000-7f232f7f8000 rw-p 00000000 00:00 0                          [stack:5148]
7f232f7f8000-7f232f7fb000 ---p 00000000 00:00 0 
7f232f7fb000-7f232f8f9000 rw-p 00000000 00:00 0                          [stack:5147]
7f232f8f9000-7f232f8fc000 ---p 00000000 00:00 0 
7f232f8fc000-7f232f9fa000 rw-p 00000000 00:00 0                          [stack:5146]
7f232f9fa000-7f232f9fd000 ---p 00000000 00:00 0 
7f232f9fd000-7f232fafb000 rw-p 00000000 00:00 0                          [stack:5145]
7f232fafb000-7f232fafe000 ---p 00000000 00:00 0 
7f232fafe000-7f232fbfc000 rw-p 00000000 00:00 0                          [stack:5144]
7f232fbfc000-7f232fbff000 ---p 00000000 00:00 0 
7f232fbff000-7f232fcfd000 rw-p 00000000 00:00 0                          [stack:5125]
7f232fcfd000-7f232fd00000 ---p 00000000 00:00 0 
7f232fd00000-7f232fdfe000 rw-p 00000000 00:00 0                          [stack:5124]
7f232fdfe000-7f232fe01000 ---p 00000000 00:00 0 
7f232fe01000-7f232feff000 rw-p 00000000 00:00 0                          [stack:5123]
7f232feff000-7f232ff02000 ---p 00000000 00:00 0 
7f232ff02000-7f2330000000 rw-p 00000000 00:00 0                          [stack:5122]
7f2330000000-7f2330021000 rw-p 00000000 00:00 0 
7f2330021000-7f2334000000 ---p 00000000 00:00 0 
7f2334000000-7f2334021000 rw-p 00000000 00:00 0 
7f2334021000-7f2338000000 ---p 00000000 00:00 0 
7f2338000000-7f23380f4000 rw-p 00000000 00:00 0 
7f23380f4000-7f233c000000 ---p 00000000 00:00 0 
7f233c000000-7f233c021000 rw-p 00000000 00:00 0 
7f233c021000-7f2340000000 ---p 00000000 00:00 0 
7f2340000000-7f2340021000 rw-p 00000000 00:00 0 
7f2340021000-7f2344000000 ---p 00000000 00:00 0 
7f2344000000-7f2344021000 rw-p 00000000 00:00 0 
7f2344021000-7f2348000000 ---p 00000000 00:00 0 
7f2348000000-7f2348021000 rw-p 00000000 00:00 0 
7f2348021000-7f234c000000 ---p 00000000 00:00 0 
7f234c000000-7f234c021000 rw-p 00000000 00:00 0 
7f234c021000-7f2350000000 ---p 00000000 00:00 0 
7f2350000000-7f2350021000 rw-p 00000000 00:00 0 
7f2350021000-7f2354000000 ---p 00000000 00:00 0 
7f2354000000-7f2354021000 rw-p 00000000 00:00 0 
7f2354021000-7f2358000000 ---p 00000000 00:00 0 
7f2358000000-7f235814c000 rw-p 00000000 00:00 0 
7f235814c000-7f235c000000 ---p 00000000 00:00 0 
7f235c000000-7f235c021000 rw-p 00000000 00:00 0 
7f235c021000-7f2360000000 ---p 00000000 00:00 0 
7f2360000000-7f2360021000 rw-p 00000000 00:00 0 
7f2360021000-7f2364000000 ---p 00000000 00:00 0 
7f2364000000-7f2364031000 rw-p 00000000 00:00 0 
7f2364031000-7f2368000000 ---p 00000000 00:00 0 
7f2368000000-7f2368093000 rw-p 00000000 00:00 0 
7f2368093000-7f236c000000 ---p 00000000 00:00 0 
7f236c000000-7f236c026000 rw-p 00000000 00:00 0 
7f236c026000-7f2370000000 ---p 00000000 00:00 0 
7f2370000000-7f237004e000 rw-p 00000000 00:00 0 
7f237004e000-7f2374000000 ---p 00000000 00:00 0 
7f2374000000-7f2374021000 rw-p 00000000 00:00 0 
7f2374021000-7f2378000000 ---p 00000000 00:00 0 
7f2378000000-7f237bb58000 rw-p 00000000 00:00 0 
7f237bb58000-7f237c000000 ---p 00000000 00:00 0 
7f237c000000-7f237c021000 rw-p 00000000 00:00 0 
7f237c021000-7f2380000000 ---p 00000000 00:00 0 
7f2380000000-7f2380021000 rw-p 00000000 00:00 0 
7f2380021000-7f2384000000 ---p 00000000 00:00 0 
7f2384000000-7f23851a5000 rw-p 00000000 00:00 0 
7f23851a5000-7f2388000000 ---p 00000000 00:00 0 
7f2388000000-7f2388021000 rw-p 00000000 00:00 0 
7f2388021000-7f238c000000 ---p 00000000 00:00 0 
7f238c000000-7f238c021000 rw-p 00000000 00:00 0 
7f238c021000-7f2390000000 ---p 00000000 00:00 0 
7f2390000000-7f239002b000 rw-p 00000000 00:00 0 
7f239002b000-7f2394000000 ---p 00000000 00:00 0 
7f2394000000-7f2394281000 rw-p 00000000 00:00 0 
7f2394281000-7f2398000000 ---p 00000000 00:00 0 
7f2398000000-7f2398021000 rw-p 00000000 00:00 0 
7f2398021000-7f239c000000 ---p 00000000 00:00 0 
7f239c02a000-7f239c02d000 ---p 00000000 00:00 0 
7f239c02d000-7f239c12b000 rw-p 00000000 00:00 0                          [stack:5121]
7f239c12b000-7f239c12e000 ---p 00000000 00:00 0 
7f239c12e000-7f239c22c000 rw-p 00000000 00:00 0                          [stack:5120]
7f239c22c000-7f239c22f000 ---p 00000000 00:00 0 
7f239c22f000-7f239c32d000 rw-p 00000000 00:00 0                          [stack:5119]
7f239c32d000-7f239c330000 ---p 00000000 00:00 0 
7f239c330000-7f239c42e000 rw-p 00000000 00:00 0                          [stack:5118]
7f239c42e000-7f239c431000 ---p 00000000 00:00 0 
7f239c431000-7f239c52f000 rw-p 00000000 00:00 0                          [stack:5117]
7f239c52f000-7f239c532000 ---p 00000000 00:00 0 
7f239c532000-7f239c630000 rw-p 00000000 00:00 0                          [stack:5107]
7f239c630000-7f239c633000 ---p 00000000 00:00 0 
7f239c633000-7f239c731000 rw-p 00000000 00:00 0                          [stack:5106]
7f239c731000-7f239c734000 ---p 00000000 00:00 0 
7f239c734000-7f239c76a000 rw-p 00000000 00:00 0 
7f239c76a000-7f239c772000 r-xp 00000000 07:00 675597                     /usr/lib/jvm/jdk1.7.0_79/jre/lib/amd64/libmanagement.so
7f239c772000-7f239c971000 ---p 00008000 07:00 675597                     /usr/lib/jvm/jdk1.7.0_79/jre/lib/amd64/libmanagement.so
7f239c971000-7f239c972000 rw-p 00007000 07:00 675597                     /usr/lib/jvm/jdk1.7.0_79/jre/lib/amd64/libmanagement.so
7f239c972000-7f239c975000 ---p 00000000 00:00 0 
7f239c975000-7f239ca73000 rw-p 00000000 00:00 0                          [stack:5102]
7f239ca73000-7f239ca76000 ---p 00000000 00:00 0 
7f239ca76000-7f239cb74000 rw-p 00000000 00:00 0                          [stack:5101]
7f239cb74000-7f239cb77000 ---p 00000000 00:00 0 
7f239cb77000-7f239cc75000 rw-p 00000000 00:00 0                          [stack:5100]
7f239cc75000-7f239cc78000 ---p 00000000 00:00 0 
7f239cc78000-7f239cd76000 rw-p 00000000 00:00 0                          [stack:5099]
7f239cd76000-7f239cd79000 ---p 00000000 00:00 0 
7f239cd79000-7f239ce77000 rw-p 00000000 00:00 0                          [stack:5098]
7f239ce77000-7f239ce7a000 ---p 00000000 00:00 0 
7f239ce7a000-7f239cf78000 rw-p 00000000 00:00 0                          [stack:5097]
7f239cf78000-7f239cf7b000 ---p 00000000 00:00 0 
7f239cf7b000-7f239d079000 rw-p 00000000 00:00 0                          [stack:5096]
7f239d079000-7f239d07c000 ---p 00000000 00:00 0 
7f239d07c000-7f239d17a000 rw-p 00000000 00:00 0                          [stack:5095]
7f239d17a000-7f239d17d000 ---p 00000000 00:00 0 
7f239d17d000-7f239d27b000 rw-p 00000000 00:00 0                          [stack:5094]
7f239d27b000-7f239d27e000 ---p 00000000 00:00 0 
7f239d27e000-7f239d37c000 rw-p 00000000 00:00 0                          [stack:5093]
7f239d37c000-7f239d37f000 ---p 00000000 00:00 0 
7f239d37f000-7f239d47d000 rw-p 00000000 00:00 0                          [stack:5092]
7f239d47d000-7f239d480000 ---p 00000000 00:00 0 
7f239d480000-7f239d57e000 rw-p 00000000 00:00 0                          [stack:5091]
7f239d57e000-7f239d581000 ---p 00000000 00:00 0 
7f239d581000-7f239d67f000 rw-p 00000000 00:00 0                          [stack:5090]
7f239d67f000-7f239d682000 ---p 00000000 00:00 0 
7f239d682000-7f239d780000 rw-p 00000000 00:00 0                          [stack:5089]
7f239d780000-7f239d790000 r-xp 00000000 07:00 675589                     /usr/lib/jvm/jdk1.7.0_79/jre/lib/amd64/libnio.so
7f239d790000-7f239d990000 ---p 00010000 07:00 675589                     /usr/lib/jvm/jdk1.7.0_79/jre/lib/amd64/libnio.so
7f239d990000-7f239d991000 rw-p 00010000 07:00 675589                     /usr/lib/jvm/jdk1.7.0_79/jre/lib/amd64/libnio.so
7f239d991000-7f239d993000 r-xp 00000000 07:00 130791                     /lib/libnss_mdns4.so.2
7f239d993000-7f239db92000 ---p 00002000 07:00 130791                     /lib/libnss_mdns4.so.2
7f239db92000-7f239db93000 r--p 00001000 07:00 130791                     /lib/libnss_mdns4.so.2
7f239db93000-7f239db94000 rw-p 00002000 07:00 130791                     /lib/libnss_mdns4.so.2
7f239db94000-7f239dbac000 r-xp 00000000 07:00 135153                     /lib/x86_64-linux-gnu/libresolv-2.15.so
7f239dbac000-7f239ddac000 ---p 00018000 07:00 135153                     /lib/x86_64-linux-gnu/libresolv-2.15.so
7f239ddac000-7f239ddad000 r--p 00018000 07:00 135153                     /lib/x86_64-linux-gnu/libresolv-2.15.so
7f239ddad000-7f239ddae000 rw-p 00019000 07:00 135153                     /lib/x86_64-linux-gnu/libresolv-2.15.so
7f239ddae000-7f239ddb0000 rw-p 00000000 00:00 0 
7f239ddb0000-7f239ddb7000 r-xp 00000000 07:00 135118                     /lib/x86_64-linux-gnu/libnss_dns-2.15.so
7f239ddb7000-7f239dfb6000 ---p 00007000 07:00 135118                     /lib/x86_64-linux-gnu/libnss_dns-2.15.so
7f239dfb6000-7f239dfb7000 r--p 00006000 07:00 135118                     /lib/x86_64-linux-gnu/libnss_dns-2.15.so
7f239dfb7000-7f239dfb8000 rw-p 00007000 07:00 135118                     /lib/x86_64-linux-gnu/libnss_dns-2.15.so
7f239dfb8000-7f239dfba000 r-xp 00000000 07:00 130792                     /lib/libnss_mdns4_minimal.so.2
7f239dfba000-7f239e1b9000 ---p 00002000 07:00 130792                     /lib/libnss_mdns4_minimal.so.2
7f239e1b9000-7f239e1ba000 r--p 00001000 07:00 130792                     /lib/libnss_mdns4_minimal.so.2
7f239e1ba000-7f239e1bb000 rw-p 00002000 07:00 130792                     /lib/libnss_mdns4_minimal.so.2
7f239e1bb000-7f239e1d1000 r-xp 00000000 07:00 675638                     /usr/lib/jvm/jdk1.7.0_79/jre/lib/amd64/libnet.so
7f239e1d1000-7f239e3d1000 ---p 00016000 07:00 675638                     /usr/lib/jvm/jdk1.7.0_79/jre/lib/amd64/libnet.so
7f239e3d1000-7f239e3d2000 rw-p 00016000 07:00 675638                     /usr/lib/jvm/jdk1.7.0_79/jre/lib/amd64/libnet.so
7f239e3d2000-7f239e528000 rw-p 00000000 00:00 0 
7f239e528000-7f239ee11000 r--s 08517000 07:00 667476                     /home/crazydog/spark-1.2.2-bin-hadoop2.4/lib/spark-assembly-1.2.2-hadoop2.4.0.jar
7f239ee11000-7f239ee12000 ---p 00000000 00:00 0 
7f239ee12000-7f239ef12000 rw-p 00000000 00:00 0                          [stack:5067]
7f239ef12000-7f239ef15000 ---p 00000000 00:00 0 
7f239ef15000-7f239f013000 rw-p 00000000 00:00 0                          [stack:5066]
7f239f013000-7f239f016000 ---p 00000000 00:00 0 
7f239f016000-7f239f114000 rw-p 00000000 00:00 0                          [stack:5065]
7f239f114000-7f239f117000 ---p 00000000 00:00 0 
7f239f117000-7f239f215000 rw-p 00000000 00:00 0                          [stack:5064]
7f239f215000-7f239f218000 ---p 00000000 00:00 0 
7f239f218000-7f239f316000 rw-p 00000000 00:00 0                          [stack:5063]
7f239f316000-7f239f9fa000 r--p 00000000 07:00 398742                     /usr/lib/locale/locale-archive
7f239f9fa000-7f239f9fd000 ---p 00000000 00:00 0 
7f239f9fd000-7f239fafb000 rw-p 00000000 00:00 0                          [stack:5062]
7f239fafb000-7f239fafe000 ---p 00000000 00:00 0 
7f239fafe000-7f239fbfc000 rw-p 00000000 00:00 0                          [stack:5061]
7f239fbfc000-7f239fbfd000 ---p 00000000 00:00 0 
7f239fbfd000-7f23a0000000 rw-p 00000000 00:00 0                          [stack:5060]
7f23a0000000-7f23a002d000 rw-p 00000000 00:00 0 
7f23a002d000-7f23a4000000 ---p 00000000 00:00 0 
7f23a401c000-7f23a4026000 r--s 00253000 07:00 675688                     /usr/lib/jvm/jdk1.7.0_79/jre/lib/resources.jar
7f23a4026000-7f23a4034000 r--s 000b7000 07:00 667267                     /home/crazydog/Downloads/cassandra-driver-core-2.1.6.jar
7f23a4034000-7f23a405f000 r--s 001cc000 07:00 667225                     /home/crazydog/Downloads/spark-cassandra-connector_2.10-1.2.1.jar
7f23a405f000-7f23a8000000 rw-p 00000000 00:00 0 
7f23a8000000-7f23a8025000 rw-p 00000000 00:00 0 
7f23a8025000-7f23ac000000 ---p 00000000 00:00 0 
7f23ac003000-7f23ac023000 r--s 001b1000 07:00 667278                     /home/crazydog/Downloads/cassandra-thrift-2.2.0-beta1.jar
7f23ac023000-7f23ac033000 r--s 00088000 07:00 667282                     /home/crazydog/Downloads/joda-time-2.8.jar
7f23ac033000-7f23ac05e000 r--s 001fc000 07:00 667285                     /home/crazydog/Downloads/guava-18.0.jar
7f23ac05e000-7f23ac069000 r--s 0007f000 07:00 1187170                    /usr/local/titan-0.5.4-hadoop2/lib/titan-hadoop-0.5.4.jar
7f23ac069000-7f23ac087000 r--s 0013e000 07:00 1187098                    /usr/local/titan-0.5.4-hadoop2/lib/titan-core-0.5.4.jar
7f23ac087000-7f23ad000000 rw-p 00000000 00:00 0 
7f23ad000000-7f23ad410000 rwxp 00000000 00:00 0 
7f23ad410000-7f23b0be3000 rw-p 00000000 00:00 0 
7f23b0be3000-7f23b4000000 ---p 00000000 00:00 0 
7f23b4005000-7f23b4050000 rw-p 00000000 00:00 0 
7f23b4050000-7f23b4210000 r--s 039f7000 07:00 675732                     /usr/lib/jvm/jdk1.7.0_79/jre/lib/rt.jar
7f23b4210000-7f23b4331000 rw-p 00000000 00:00 0 
7f23b4331000-7f23b4332000 ---p 00000000 00:00 0 
7f23b4332000-7f23b4432000 rw-p 00000000 00:00 0                          [stack:5059]
7f23b4432000-7f23b4433000 ---p 00000000 00:00 0 
7f23b4433000-7f23b4533000 rw-p 00000000 00:00 0                          [stack:5058]
7f23b4533000-7f23b4534000 ---p 00000000 00:00 0 
7f23b4534000-7f23b4634000 rw-p 00000000 00:00 0                          [stack:5057]
7f23b4634000-7f23b4635000 ---p 00000000 00:00 0 
7f23b4635000-7f23b475e000 rw-p 00000000 00:00 0                          [stack:5056]
7f23b475e000-7f23b47c4000 rw-p 00000000 00:00 0 
7f23b47c4000-7f23b49df000 rw-p 00000000 00:00 0 
7f23b49df000-7f23b4a08000 rw-p 00000000 00:00 0 
7f23b4a08000-7f23b4a6e000 rw-p 00000000 00:00 0 
7f23b4a6e000-7f23b4c88000 rw-p 00000000 00:00 0 
7f23b4c88000-7f23b4d95000 rw-p 00000000 00:00 0 
7f23b4d95000-7f23b4dc9000 rw-p 00000000 00:00 0 
7f23b4dc9000-7f23b4dca000 rw-p 00000000 00:00 0 
7f23b4dca000-7f23b4de4000 r-xp 00000000 07:00 675620                     /usr/lib/jvm/jdk1.7.0_79/jre/lib/amd64/libzip.so
7f23b4de4000-7f23b4fe4000 ---p 0001a000 07:00 675620                     /usr/lib/jvm/jdk1.7.0_79/jre/lib/amd64/libzip.so
7f23b4fe4000-7f23b4fe5000 rw-p 0001a000 07:00 675620                     /usr/lib/jvm/jdk1.7.0_79/jre/lib/amd64/libzip.so
7f23b4fe5000-7f23b4ff1000 r-xp 00000000 07:00 135120                     /lib/x86_64-linux-gnu/libnss_files-2.15.so
7f23b4ff1000-7f23b51f0000 ---p 0000c000 07:00 135120                     /lib/x86_64-linux-gnu/libnss_files-2.15.so
7f23b51f0000-7f23b51f1000 r--p 0000b000 07:00 135120                     /lib/x86_64-linux-gnu/libnss_files-2.15.so
7f23b51f1000-7f23b51f2000 rw-p 0000c000 07:00 135120                     /lib/x86_64-linux-gnu/libnss_files-2.15.so
7f23b51f2000-7f23b51fc000 r-xp 00000000 07:00 135124                     /lib/x86_64-linux-gnu/libnss_nis-2.15.so
7f23b51fc000-7f23b53fc000 ---p 0000a000 07:00 135124                     /lib/x86_64-linux-gnu/libnss_nis-2.15.so
7f23b53fc000-7f23b53fd000 r--p 0000a000 07:00 135124                     /lib/x86_64-linux-gnu/libnss_nis-2.15.so
7f23b53fd000-7f23b53fe000 rw-p 0000b000 07:00 135124                     /lib/x86_64-linux-gnu/libnss_nis-2.15.so
7f23b53fe000-7f23b5415000 r-xp 00000000 07:00 135114                     /lib/x86_64-linux-gnu/libnsl-2.15.so
7f23b5415000-7f23b5614000 ---p 00017000 07:00 135114                     /lib/x86_64-linux-gnu/libnsl-2.15.so
7f23b5614000-7f23b5615000 r--p 00016000 07:00 135114                     /lib/x86_64-linux-gnu/libnsl-2.15.so
7f23b5615000-7f23b5616000 rw-p 00017000 07:00 135114                     /lib/x86_64-linux-gnu/libnsl-2.15.so
7f23b5616000-7f23b5618000 rw-p 00000000 00:00 0 
7f23b5618000-7f23b5620000 r-xp 00000000 07:00 135116                     /lib/x86_64-linux-gnu/libnss_compat-2.15.so
7f23b5620000-7f23b581f000 ---p 00008000 07:00 135116                     /lib/x86_64-linux-gnu/libnss_compat-2.15.so
7f23b581f000-7f23b5820000 r--p 00007000 07:00 135116                     /lib/x86_64-linux-gnu/libnss_compat-2.15.so
7f23b5820000-7f23b5821000 rw-p 00008000 07:00 135116                     /lib/x86_64-linux-gnu/libnss_compat-2.15.so
7f23b5821000-7f23b584a000 r-xp 00000000 07:00 675584                     /usr/lib/jvm/jdk1.7.0_79/jre/lib/amd64/libjava.so
7f23b584a000-7f23b5a4a000 ---p 00029000 07:00 675584                     /usr/lib/jvm/jdk1.7.0_79/jre/lib/amd64/libjava.so
7f23b5a4a000-7f23b5a4c000 rw-p 00029000 07:00 675584                     /usr/lib/jvm/jdk1.7.0_79/jre/lib/amd64/libjava.so
7f23b5a4c000-7f23b5a59000 r-xp 00000000 07:00 675612                     /usr/lib/jvm/jdk1.7.0_79/jre/lib/amd64/libverify.so
7f23b5a59000-7f23b5c58000 ---p 0000d000 07:00 675612                     /usr/lib/jvm/jdk1.7.0_79/jre/lib/amd64/libverify.so
7f23b5c58000-7f23b5c5a000 rw-p 0000c000 07:00 675612                     /usr/lib/jvm/jdk1.7.0_79/jre/lib/amd64/libverify.so
7f23b5c5a000-7f23b5c61000 r-xp 00000000 07:00 135155                     /lib/x86_64-linux-gnu/librt-2.15.so
7f23b5c61000-7f23b5e60000 ---p 00007000 07:00 135155                     /lib/x86_64-linux-gnu/librt-2.15.so
7f23b5e60000-7f23b5e61000 r--p 00006000 07:00 135155                     /lib/x86_64-linux-gnu/librt-2.15.so
7f23b5e61000-7f23b5e62000 rw-p 00007000 07:00 135155                     /lib/x86_64-linux-gnu/librt-2.15.so
7f23b5e62000-7f23b5f5d000 r-xp 00000000 07:00 135101                     /lib/x86_64-linux-gnu/libm-2.15.so
7f23b5f5d000-7f23b615c000 ---p 000fb000 07:00 135101                     /lib/x86_64-linux-gnu/libm-2.15.so
7f23b615c000-7f23b615d000 r--p 000fa000 07:00 135101                     /lib/x86_64-linux-gnu/libm-2.15.so
7f23b615d000-7f23b615e000 rw-p 000fb000 07:00 135101                     /lib/x86_64-linux-gnu/libm-2.15.so
7f23b615e000-7f23b6cd3000 r-xp 00000000 07:00 675654                     /usr/lib/jvm/jdk1.7.0_79/jre/lib/amd64/server/libjvm.so
7f23b6cd3000-7f23b6ed3000 ---p 00b75000 07:00 675654                     /usr/lib/jvm/jdk1.7.0_79/jre/lib/amd64/server/libjvm.so
7f23b6ed3000-7f23b6f97000 rw-p 00b75000 07:00 675654                     /usr/lib/jvm/jdk1.7.0_79/jre/lib/amd64/server/libjvm.so
7f23b6f97000-7f23b6fd8000 rw-p 00000000 00:00 0 
7f23b6fd8000-7f23b718d000 r-xp 00000000 07:00 135069                     /lib/x86_64-linux-gnu/libc-2.15.so
7f23b718d000-7f23b738d000 ---p 001b5000 07:00 135069                     /lib/x86_64-linux-gnu/libc-2.15.so
7f23b738d000-7f23b7391000 r--p 001b5000 07:00 135069                     /lib/x86_64-linux-gnu/libc-2.15.so
7f23b7391000-7f23b7393000 rw-p 001b9000 07:00 135069                     /lib/x86_64-linux-gnu/libc-2.15.so
7f23b7393000-7f23b7398000 rw-p 00000000 00:00 0 
7f23b7398000-7f23b739a000 r-xp 00000000 07:00 135082                     /lib/x86_64-linux-gnu/libdl-2.15.so
7f23b739a000-7f23b759a000 ---p 00002000 07:00 135082                     /lib/x86_64-linux-gnu/libdl-2.15.so
7f23b759a000-7f23b759b000 r--p 00002000 07:00 135082                     /lib/x86_64-linux-gnu/libdl-2.15.so
7f23b759b000-7f23b759c000 rw-p 00003000 07:00 135082                     /lib/x86_64-linux-gnu/libdl-2.15.so
7f23b759c000-7f23b75b2000 r-xp 00000000 07:00 808928                     /usr/lib/jvm/jdk1.7.0_79/lib/amd64/jli/libjli.so
7f23b75b2000-7f23b77b2000 ---p 00016000 07:00 808928                     /usr/lib/jvm/jdk1.7.0_79/lib/amd64/jli/libjli.so
7f23b77b2000-7f23b77b3000 rw-p 00016000 07:00 808928                     /usr/lib/jvm/jdk1.7.0_79/lib/amd64/jli/libjli.so
7f23b77b3000-7f23b77cb000 r-xp 00000000 07:00 135149                     /lib/x86_64-linux-gnu/libpthread-2.15.so
7f23b77cb000-7f23b79ca000 ---p 00018000 07:00 135149                     /lib/x86_64-linux-gnu/libpthread-2.15.so
7f23b79ca000-7f23b79cb000 r--p 00017000 07:00 135149                     /lib/x86_64-linux-gnu/libpthread-2.15.so
7f23b79cb000-7f23b79cc000 rw-p 00018000 07:00 135149                     /lib/x86_64-linux-gnu/libpthread-2.15.so
7f23b79cc000-7f23b79d0000 rw-p 00000000 00:00 0 
7f23b79d0000-7f23b79f2000 r-xp 00000000 07:00 135049                     /lib/x86_64-linux-gnu/ld-2.15.so
7f23b79f3000-7f23b79f4000 rw-p 00000000 00:00 0 
7f23b79f4000-7f23b79f7000 r--s 00019000 07:00 675719                     /usr/lib/jvm/jdk1.7.0_79/jre/lib/jce.jar
7f23b79f7000-7f23b7a29000 rw-p 00000000 00:00 0 
7f23b7a29000-7f23b7ad8000 rw-p 00000000 00:00 0 
7f23b7ad8000-7f23b7adb000 ---p 00000000 00:00 0 
7f23b7adb000-7f23b7bdd000 rw-p 00000000 00:00 0                          [stack:5055]
7f23b7bdd000-7f23b7be1000 r--s 0008b000 07:00 675727                     /usr/lib/jvm/jdk1.7.0_79/jre/lib/jsse.jar
7f23b7be1000-7f23b7be2000 r--s 00001000 07:00 667276                     /home/crazydog/Downloads/google-api-client-repackaged-com-google-common-base-1.2.3-alpha.jar
7f23b7be2000-7f23b7be4000 r--s 00014000 07:00 667302                     /home/crazydog/Downloads/cassandra-clientutil-2.2.0-beta1.jar
7f23b7be4000-7f23b7be6000 r--s 0000e000 07:00 667290                     /home/crazydog/Downloads/jsr166e-1.1.0.jar
7f23b7be6000-7f23b7bee000 rw-s 00000000 07:00 10388                      /tmp/hsperfdata_crazydog/5049
7f23b7bee000-7f23b7bef000 rw-p 00000000 00:00 0 
7f23b7bef000-7f23b7bf0000 ---p 00000000 00:00 0 
7f23b7bf0000-7f23b7bf2000 rw-p 00000000 00:00 0 
7f23b7bf2000-7f23b7bf3000 r--p 00022000 07:00 135049                     /lib/x86_64-linux-gnu/ld-2.15.so
7f23b7bf3000-7f23b7bf5000 rw-p 00023000 07:00 135049                     /lib/x86_64-linux-gnu/ld-2.15.so
7fffa8682000-7fffa86a3000 rw-p 00000000 00:00 0                          [stack]
7fffa86ae000-7fffa86b0000 r-xp 00000000 00:00 0                          [vdso]
ffffffffff600000-ffffffffff601000 r-xp 00000000 00:00 0                  [vsyscall]

VM Arguments:
jvm_args: -Dfile.encoding=UTF-8 
java_command: firstSparkApp.DanAlgorithm /home/crazydog/ALIBABA/query/biological/13.txt baseline graph 3
Launcher Type: SUN_STANDARD

Environment Variables:
JAVA_HOME=/usr/lib/jvm/jdk1.7.0_79
PATH=/usr/lib/jvm/jdk1.7.0_79/bin:/usr/lib/lightdm/lightdm:/usr/local/sbin:/usr/local/bin:/usr/sbin:/usr/bin:/sbin:/bin:/usr/games:/usr/lib/apache-maven-3.3.3/bin
SHELL=/bin/bash
DISPLAY=:0.0

Signal Handlers:
SIGSEGV: [libjvm.so+0x9a3bf0], sa_mask[0]=0x7ffbfeff, sa_flags=0x10000004
SIGBUS: [libjvm.so+0x9a3bf0], sa_mask[0]=0x7ffbfeff, sa_flags=0x10000004
SIGFPE: [libjvm.so+0x81cb60], sa_mask[0]=0x7ffbfeff, sa_flags=0x10000004
SIGPIPE: [libjvm.so+0x81cb60], sa_mask[0]=0x7ffbfeff, sa_flags=0x10000004
SIGXFSZ: [libjvm.so+0x81cb60], sa_mask[0]=0x7ffbfeff, sa_flags=0x10000004
SIGILL: [libjvm.so+0x81cb60], sa_mask[0]=0x7ffbfeff, sa_flags=0x10000004
SIGUSR1: SIG_DFL, sa_mask[0]=0x00000000, sa_flags=0x00000000
SIGUSR2: [libjvm.so+0x81e360], sa_mask[0]=0x00000004, sa_flags=0x10000004
SIGHUP: [libjvm.so+0x81f480], sa_mask[0]=0x7ffbfeff, sa_flags=0x10000004
SIGINT: [libjvm.so+0x81f480], sa_mask[0]=0x7ffbfeff, sa_flags=0x10000004
SIGTERM: [libjvm.so+0x81f480], sa_mask[0]=0x7ffbfeff, sa_flags=0x10000004
SIGQUIT: [libjvm.so+0x81f480], sa_mask[0]=0x7ffbfeff, sa_flags=0x10000004


---------------  S Y S T E M  ---------------

OS:wheezy/sid

uname:Linux 3.13.0-32-generic #57~precise1-Ubuntu SMP Tue Jul 15 03:51:20 UTC 2014 x86_64
libc:glibc 2.15 NPTL 2.15 
rlimit: STACK 8192k, CORE 0k, NPROC 61327, NOFILE 4096, AS infinity
load average:8.46 2.61 1.41

/proc/meminfo:
MemTotal:        7870936 kB
MemFree:          473648 kB
Buffers:          105688 kB
Cached:           575524 kB
SwapCached:        23852 kB
Active:          3611784 kB
Inactive:        1200404 kB
Active(anon):    3609844 kB
Inactive(anon):   986820 kB
Active(file):       1940 kB
Inactive(file):   213584 kB
Unevictable:     2344516 kB
Mlocked:         2341840 kB
SwapTotal:        262140 kB
SwapFree:            124 kB
Dirty:               224 kB
Writeback:             0 kB
AnonPages:       6452344 kB
Mapped:           190788 kB
Shmem:            436264 kB
Slab:              80284 kB
SReclaimable:      37456 kB
SUnreclaim:        42828 kB
KernelStack:        8144 kB
PageTables:        55752 kB
NFS_Unstable:          0 kB
Bounce:                0 kB
WritebackTmp:          0 kB
CommitLimit:     4197608 kB
Committed_AS:   11365176 kB
VmallocTotal:   34359738367 kB
VmallocUsed:      412276 kB
VmallocChunk:   34359312136 kB
HardwareCorrupted:     0 kB
AnonHugePages:   1863680 kB
HugePages_Total:       0
HugePages_Free:        0
HugePages_Rsvd:        0
HugePages_Surp:        0
Hugepagesize:       2048 kB
DirectMap4k:      139288 kB
DirectMap2M:     7940096 kB


CPU:total 4 (2 cores per cpu, 2 threads per core) family 6 model 58 stepping 9, cmov, cx8, fxsr, mmx, sse, sse2, sse3, ssse3, sse4.1, sse4.2, popcnt, avx, aes, erms, ht, tsc, tscinvbit, tscinv

/proc/cpuinfo:
processor	: 0
vendor_id	: GenuineIntel
cpu family	: 6
model		: 58
model name	: Intel(R) Core(TM) i7-3520M CPU @ 2.90GHz
stepping	: 9
microcode	: 0x17
cpu MHz		: 2901.000
cache size	: 4096 KB
physical id	: 0
siblings	: 4
core id		: 0
cpu cores	: 2
apicid		: 0
initial apicid	: 0
fpu		: yes
fpu_exception	: yes
cpuid level	: 13
wp		: yes
flags		: fpu vme de pse tsc msr pae mce cx8 apic sep mtrr pge mca cmov pat pse36 clflush dts acpi mmx fxsr sse sse2 ss ht tm pbe syscall nx rdtscp lm constant_tsc arch_perfmon pebs bts rep_good nopl xtopology nonstop_tsc aperfmperf eagerfpu pni pclmulqdq dtes64 monitor ds_cpl vmx smx est tm2 ssse3 cx16 xtpr pdcm pcid sse4_1 sse4_2 x2apic popcnt tsc_deadline_timer aes xsave avx f16c rdrand lahf_lm ida arat epb xsaveopt pln pts dtherm tpr_shadow vnmi flexpriority ept vpid fsgsbase smep erms
bogomips	: 5787.25
clflush size	: 64
cache_alignment	: 64
address sizes	: 36 bits physical, 48 bits virtual
power management:

processor	: 1
vendor_id	: GenuineIntel
cpu family	: 6
model		: 58
model name	: Intel(R) Core(TM) i7-3520M CPU @ 2.90GHz
stepping	: 9
microcode	: 0x17
cpu MHz		: 2901.000
cache size	: 4096 KB
physical id	: 0
siblings	: 4
core id		: 0
cpu cores	: 2
apicid		: 1
initial apicid	: 1
fpu		: yes
fpu_exception	: yes
cpuid level	: 13
wp		: yes
flags		: fpu vme de pse tsc msr pae mce cx8 apic sep mtrr pge mca cmov pat pse36 clflush dts acpi mmx fxsr sse sse2 ss ht tm pbe syscall nx rdtscp lm constant_tsc arch_perfmon pebs bts rep_good nopl xtopology nonstop_tsc aperfmperf eagerfpu pni pclmulqdq dtes64 monitor ds_cpl vmx smx est tm2 ssse3 cx16 xtpr pdcm pcid sse4_1 sse4_2 x2apic popcnt tsc_deadline_timer aes xsave avx f16c rdrand lahf_lm ida arat epb xsaveopt pln pts dtherm tpr_shadow vnmi flexpriority ept vpid fsgsbase smep erms
bogomips	: 5787.25
clflush size	: 64
cache_alignment	: 64
address sizes	: 36 bits physical, 48 bits virtual
power management:

processor	: 2
vendor_id	: GenuineIntel
cpu family	: 6
model		: 58
model name	: Intel(R) Core(TM) i7-3520M CPU @ 2.90GHz
stepping	: 9
microcode	: 0x17
cpu MHz		: 2901.000
cache size	: 4096 KB
physical id	: 0
siblings	: 4
core id		: 1
cpu cores	: 2
apicid		: 2
initial apicid	: 2
fpu		: yes
fpu_exception	: yes
cpuid level	: 13
wp		: yes
flags		: fpu vme de pse tsc msr pae mce cx8 apic sep mtrr pge mca cmov pat pse36 clflush dts acpi mmx fxsr sse sse2 ss ht tm pbe syscall nx rdtscp lm constant_tsc arch_perfmon pebs bts rep_good nopl xtopology nonstop_tsc aperfmperf eagerfpu pni pclmulqdq dtes64 monitor ds_cpl vmx smx est tm2 ssse3 cx16 xtpr pdcm pcid sse4_1 sse4_2 x2apic popcnt tsc_deadline_timer aes xsave avx f16c rdrand lahf_lm ida arat epb xsaveopt pln pts dtherm tpr_shadow vnmi flexpriority ept vpid fsgsbase smep erms
bogomips	: 5787.25
clflush size	: 64
cache_alignment	: 64
address sizes	: 36 bits physical, 48 bits virtual
power management:

processor	: 3
vendor_id	: GenuineIntel
cpu family	: 6
model		: 58
model name	: Intel(R) Core(TM) i7-3520M CPU @ 2.90GHz
stepping	: 9
microcode	: 0x17
cpu MHz		: 2901.000
cache size	: 4096 KB
physical id	: 0
siblings	: 4
core id		: 1
cpu cores	: 2
apicid		: 3
initial apicid	: 3
fpu		: yes
fpu_exception	: yes
cpuid level	: 13
wp		: yes
flags		: fpu vme de pse tsc msr pae mce cx8 apic sep mtrr pge mca cmov pat pse36 clflush dts acpi mmx fxsr sse sse2 ss ht tm pbe syscall nx rdtscp lm constant_tsc arch_perfmon pebs bts rep_good nopl xtopology nonstop_tsc aperfmperf eagerfpu pni pclmulqdq dtes64 monitor ds_cpl vmx smx est tm2 ssse3 cx16 xtpr pdcm pcid sse4_1 sse4_2 x2apic popcnt tsc_deadline_timer aes xsave avx f16c rdrand lahf_lm ida arat epb xsaveopt pln pts dtherm tpr_shadow vnmi flexpriority ept vpid fsgsbase smep erms
bogomips	: 5787.25
clflush size	: 64
cache_alignment	: 64
address sizes	: 36 bits physical, 48 bits virtual
power management:



Memory: 4k page, physical 7870936k(473648k free), swap 262140k(124k free)

vm_info: Java HotSpot(TM) 64-Bit Server VM (24.79-b02) for linux-amd64 JRE (1.7.0_79-b15), built on Apr 10 2015 11:34:48 by "java_re" with gcc 4.3.0 20080428 (Red Hat 4.3.0-8)

time: Mon Sep 21 21:21:42 2015
elapsed time: 108 seconds

