#
# There is insufficient memory for the Java Runtime Environment to continue.
# Native memory allocation (malloc) failed to allocate 273678336 bytes for committing reserved memory.
# Possible reasons:
#   The system is out of physical RAM or swap space
#   In 32 bit mode, the process size limit was hit
# Possible solutions:
#   Reduce memory load on the system
#   Increase physical memory or swap space
#   Check if swap backing store is full
#   Use 64 bit Java on a 64 bit OS
#   Decrease Java heap size (-Xmx/-Xms)
#   Decrease number of Java threads
#   Decrease Java thread stack sizes (-Xss)
#   Set larger code cache with -XX:ReservedCodeCacheSize=
# This output file may be truncated or incomplete.
#
#  Out of Memory Error (os_linux.cpp:2756), pid=12600, tid=140643604494080
#
# JRE version: Java(TM) SE Runtime Environment (7.0_79-b15) (build 1.7.0_79-b15)
# Java VM: Java HotSpot(TM) 64-Bit Server VM (24.79-b02 mixed mode linux-amd64 compressed oops)
# Failed to write core dump. Core dumps have been disabled. To enable core dumping, try "ulimit -c unlimited" before starting Java again
#

---------------  T H R E A D  ---------------

Current thread (0x00007fea3806a000):  VMThread [stack: 0x00007fea2405f000,0x00007fea24160000] [id=12612]

Stack: [0x00007fea2405f000,0x00007fea24160000],  sp=0x00007fea2415e170,  free space=1020k
Native frames: (J=compiled Java code, j=interpreted, Vv=VM code, C=native code)
V  [libjvm.so+0x9a32da]  VMError::report_and_die()+0x2ea
V  [libjvm.so+0x497f7b]  report_vm_out_of_memory(char const*, int, unsigned long, char const*)+0x9b
V  [libjvm.so+0x81fcce]  os::Linux::commit_memory_impl(char*, unsigned long, bool)+0xfe
V  [libjvm.so+0x820219]  os::pd_commit_memory(char*, unsigned long, unsigned long, bool)+0x29
V  [libjvm.so+0x819faa]  os::commit_memory(char*, unsigned long, unsigned long, bool)+0x2a
V  [libjvm.so+0x88d863]  PSVirtualSpace::expand_by(unsigned long)+0x53
V  [libjvm.so+0x87ccc0]  PSOldGen::expand(unsigned long)+0x170
V  [libjvm.so+0x87cecb]  PSOldGen::resize(unsigned long)+0x1cb
V  [libjvm.so+0x885b91]  PSParallelCompact::invoke_no_policy(bool)+0x9b1
V  [libjvm.so+0x88bb0d]  PSScavenge::invoke()+0x1ad
V  [libjvm.so+0x842320]  ParallelScavengeHeap::failed_mem_allocate(unsigned long)+0x70
V  [libjvm.so+0x9a4b67]  VM_ParallelGCFailedAllocation::doit()+0x97
V  [libjvm.so+0x9ac005]  VM_Operation::evaluate()+0x55
V  [libjvm.so+0x9aa3ca]  VMThread::evaluate_operation(VM_Operation*)+0xba
V  [libjvm.so+0x9aa74e]  VMThread::loop()+0x1ce
V  [libjvm.so+0x9aabc0]  VMThread::run()+0x70
V  [libjvm.so+0x821ca8]  java_start(Thread*)+0x108

VM_Operation (0x00007fe9b2e9dc30): ParallelGCFailedAllocation, mode: safepoint, requested by thread 0x00007fe9f802b800


---------------  P R O C E S S  ---------------

Java Threads: ( => current thread )
  0x00007fe9c0006000 JavaThread "threadDeathWatcher-2-1" daemon [_thread_blocked, id=12686, stack(0x00007fe9b1d8f000,0x00007fe9b1e90000)]
  0x00007fe9f8040000 JavaThread "shuffle-server-1" daemon [_thread_blocked, id=12685, stack(0x00007fe9b1e90000,0x00007fe9b1f91000)]
  0x00007fea1c026800 JavaThread "shuffle-client-0" daemon [_thread_blocked, id=12684, stack(0x00007fe9b1f91000,0x00007fe9b2092000)]
  0x00007fea3001f800 JavaThread "sparkDriver-akka.actor.default-dispatcher-20" daemon [_thread_blocked, id=12681, stack(0x00007fe9b2092000,0x00007fe9b2193000)]
  0x00007fe9f803f000 JavaThread "sparkDriver-akka.actor.default-dispatcher-19" daemon [_thread_blocked, id=12680, stack(0x00007fe9b2193000,0x00007fe9b2294000)]
  0x00007fe9ec007800 JavaThread "sparkDriver-akka.actor.default-dispatcher-18" daemon [_thread_blocked, id=12679, stack(0x00007fe9b2294000,0x00007fe9b2395000)]
  0x00007fe9f0039000 JavaThread "sparkDriver-akka.actor.default-dispatcher-17" daemon [_thread_blocked, id=12678, stack(0x00007fe9b2395000,0x00007fe9b2496000)]
  0x00007fea3001c800 JavaThread "sparkDriver-akka.actor.default-dispatcher-16" daemon [_thread_blocked, id=12677, stack(0x00007fe9b2496000,0x00007fe9b2597000)]
  0x00007fe9f0038000 JavaThread "task-result-getter-3" daemon [_thread_blocked, id=12676, stack(0x00007fe9b2597000,0x00007fe9b2698000)]
  0x00007fe9ec004000 JavaThread "sparkDriver-akka.actor.default-dispatcher-15" daemon [_thread_blocked, id=12675, stack(0x00007fe9b2698000,0x00007fe9b2799000)]
  0x00007fe9fc004000 JavaThread "ForkJoinPool-3-worker-7" daemon [_thread_blocked, id=12674, stack(0x00007fe9b2799000,0x00007fe9b289a000)]
  0x00007fe9f8039800 JavaThread "task-result-getter-2" daemon [_thread_blocked, id=12673, stack(0x00007fe9b289a000,0x00007fe9b299b000)]
  0x00007fe9f8039000 JavaThread "task-result-getter-1" daemon [_thread_blocked, id=12672, stack(0x00007fe9b299b000,0x00007fe9b2a9c000)]
  0x00007fe9f8033000 JavaThread "task-result-getter-0" daemon [_thread_blocked, id=12671, stack(0x00007fe9b2a9c000,0x00007fe9b2b9d000)]
  0x00007fe9f8031000 JavaThread "Executor task launch worker-2" daemon [_thread_blocked, id=12670, stack(0x00007fe9b2b9d000,0x00007fe9b2c9e000)]
  0x00007fe9f802d000 JavaThread "Executor task launch worker-1" daemon [_thread_blocked, id=12669, stack(0x00007fe9b2c9e000,0x00007fe9b2d9f000)]
  0x00007fe9f802b800 JavaThread "Executor task launch worker-0" daemon [_thread_blocked, id=12668, stack(0x00007fe9b2d9f000,0x00007fe9b2ea0000)]
  0x00007fe9f002b800 JavaThread "sparkDriver-akka.actor.default-dispatcher-14" daemon [_thread_blocked, id=12667, stack(0x00007fe9b2ea0000,0x00007fe9b2fa1000)]
  0x00007fea38823800 JavaThread "Spark Context Cleaner" daemon [_thread_blocked, id=12665, stack(0x00007fe9b33f4000,0x00007fe9b34f5000)]
  0x00007fea3881f800 JavaThread "SparkListenerBus" daemon [_thread_blocked, id=12664, stack(0x00007fe9b34f5000,0x00007fe9b35f6000)]
  0x00007fea38772800 JavaThread "shuffle-server-0" daemon [_thread_blocked, id=12663, stack(0x00007fe9b35f6000,0x00007fe9b36f7000)]
  0x00007fe9f0022000 JavaThread "Driver Heartbeater" daemon [_thread_blocked, id=12661, stack(0x00007fe9b36f7000,0x00007fe9b37f8000)]
  0x00007fea38692800 JavaThread "Timer-0" daemon [_thread_blocked, id=12659, stack(0x00007fe9b37f8000,0x00007fe9b38f9000)]
  0x00007fea3809f800 JavaThread "qtp500426191-48" daemon [_thread_blocked, id=12658, stack(0x00007fe9b38f9000,0x00007fe9b39fa000)]
  0x00007fea3809d800 JavaThread "qtp500426191-47" daemon [_thread_blocked, id=12657, stack(0x00007fe9b39fa000,0x00007fe9b3afb000)]
  0x00007fea3809c000 JavaThread "qtp500426191-46" daemon [_thread_blocked, id=12656, stack(0x00007fe9b3afb000,0x00007fe9b3bfc000)]
  0x00007fea380a9800 JavaThread "qtp500426191-45" daemon [_thread_blocked, id=12655, stack(0x00007fe9b3bfc000,0x00007fe9b3cfd000)]
  0x00007fea380a7800 JavaThread "qtp500426191-44" daemon [_thread_blocked, id=12654, stack(0x00007fe9b3cfd000,0x00007fe9b3dfe000)]
  0x00007fea380a5800 JavaThread "qtp500426191-43 Acceptor0 SelectChannelConnector@0.0.0.0:4040" daemon [_thread_in_native, id=12653, stack(0x00007fe9b3dfe000,0x00007fe9b3eff000)]
  0x00007fea380a4000 JavaThread "qtp500426191-42" daemon [_thread_blocked, id=12652, stack(0x00007fe9b3eff000,0x00007fe9b4000000)]
  0x00007fea38665800 JavaThread "qtp500426191-41 Selector0" daemon [_thread_blocked, id=12651, stack(0x00007fea18063000,0x00007fea18164000)]
  0x00007fea38627800 JavaThread "SPARK_CONTEXT cleanup timer" daemon [_thread_blocked, id=12646, stack(0x00007fea18164000,0x00007fea18265000)]
  0x00007fea38617000 JavaThread "qtp164302725-38" daemon [_thread_blocked, id=12645, stack(0x00007fea18265000,0x00007fea18366000)]
  0x00007fea38614800 JavaThread "qtp164302725-37" daemon [_thread_blocked, id=12644, stack(0x00007fea18366000,0x00007fea18467000)]
  0x00007fea38612800 JavaThread "qtp164302725-36" daemon [_thread_blocked, id=12643, stack(0x00007fea18467000,0x00007fea18568000)]
  0x00007fea38611000 JavaThread "qtp164302725-35" daemon [_thread_blocked, id=12642, stack(0x00007fea18568000,0x00007fea18669000)]
  0x00007fea3860f800 JavaThread "qtp164302725-34" daemon [_thread_blocked, id=12641, stack(0x00007fea18669000,0x00007fea1876a000)]
  0x00007fea3860e000 JavaThread "qtp164302725-33" daemon [_thread_blocked, id=12640, stack(0x00007fea1876a000,0x00007fea1886b000)]
  0x00007fea3860c800 JavaThread "qtp164302725-32 Acceptor0 SocketConnector@0.0.0.0:54811" daemon [_thread_in_native, id=12639, stack(0x00007fea1886b000,0x00007fea1896c000)]
  0x00007fea3860a800 JavaThread "qtp164302725-31" daemon [_thread_blocked, id=12638, stack(0x00007fea1896c000,0x00007fea18a6d000)]
  0x00007fea385d6800 JavaThread "BROADCAST_VARS cleanup timer" daemon [_thread_blocked, id=12637, stack(0x00007fea18a6d000,0x00007fea18b6e000)]
  0x00007fea385d5800 JavaThread "BLOCK_MANAGER cleanup timer" daemon [_thread_blocked, id=12636, stack(0x00007fea18b6e000,0x00007fea18c6f000)]
  0x00007fea385cf800 JavaThread "process reaper" daemon [_thread_blocked, id=12634, stack(0x00007fea34042000,0x00007fea3407b000)]
  0x00007fea384e4800 JavaThread "MAP_OUTPUT_TRACKER cleanup timer" daemon [_thread_blocked, id=12632, stack(0x00007fea18e77000,0x00007fea18f78000)]
  0x00007fe9e4077800 JavaThread "New I/O server boss #6" daemon [_thread_in_native, id=12631, stack(0x00007fea18f78000,0x00007fea19079000)]
  0x00007fe9e4071800 JavaThread "New I/O worker #5" daemon [_thread_blocked, id=12630, stack(0x00007fea19079000,0x00007fea1917a000)]
  0x00007fe9e4079800 JavaThread "New I/O worker #4" daemon [_thread_blocked, id=12629, stack(0x00007fea1917a000,0x00007fea1927b000)]
  0x00007fe9e401f800 JavaThread "New I/O boss #3" daemon [_thread_blocked, id=12628, stack(0x00007fea1927b000,0x00007fea1937c000)]
  0x00007fe9e4030000 JavaThread "New I/O worker #2" daemon [_thread_blocked, id=12627, stack(0x00007fea1937c000,0x00007fea1947d000)]
  0x00007fe9e401c800 JavaThread "New I/O worker #1" daemon [_thread_blocked, id=12626, stack(0x00007fea1947d000,0x00007fea1957e000)]
  0x00007fea384c2800 JavaThread "sparkDriver-akka.remote.default-remote-dispatcher-6" daemon [_thread_blocked, id=12625, stack(0x00007fea1957e000,0x00007fea1967f000)]
  0x00007fe9f0005000 JavaThread "sparkDriver-akka.remote.default-remote-dispatcher-5" daemon [_thread_blocked, id=12624, stack(0x00007fea1967f000,0x00007fea19780000)]
  0x00007fe9f8013800 JavaThread "sparkDriver-akka.actor.default-dispatcher-4" daemon [_thread_blocked, id=12623, stack(0x00007fea19780000,0x00007fea19881000)]
  0x00007fea3849e800 JavaThread "sparkDriver-akka.actor.default-dispatcher-3" daemon [_thread_blocked, id=12622, stack(0x00007fea19881000,0x00007fea19982000)]
  0x00007fea3848c800 JavaThread "sparkDriver-akka.actor.default-dispatcher-2" daemon [_thread_blocked, id=12621, stack(0x00007fea19982000,0x00007fea19a83000)]
  0x00007fea38412000 JavaThread "sparkDriver-scheduler-1" daemon [_thread_blocked, id=12620, stack(0x00007fea19a83000,0x00007fea19b84000)]
  0x00007fea3809a000 JavaThread "Service Thread" daemon [_thread_blocked, id=12618, stack(0x00007fea1b316000,0x00007fea1b417000)]
  0x00007fea38097800 JavaThread "C2 CompilerThread1" daemon [_thread_blocked, id=12617, stack(0x00007fea1b417000,0x00007fea1b518000)]
  0x00007fea38094800 JavaThread "C2 CompilerThread0" daemon [_thread_blocked, id=12616, stack(0x00007fea1b518000,0x00007fea1b619000)]
  0x00007fea38092800 JavaThread "Signal Dispatcher" daemon [_thread_blocked, id=12615, stack(0x00007fea1b619000,0x00007fea1b71a000)]
  0x00007fea38070000 JavaThread "Finalizer" daemon [_thread_blocked, id=12614, stack(0x00007fea1bdfe000,0x00007fea1beff000)]
  0x00007fea3806e000 JavaThread "Reference Handler" daemon [_thread_blocked, id=12613, stack(0x00007fea1beff000,0x00007fea1c000000)]
  0x00007fea3800a000 JavaThread "main" [_thread_blocked, id=12607, stack(0x00007fea3ff94000,0x00007fea40095000)]

Other Threads:
=>0x00007fea3806a000 VMThread [stack: 0x00007fea2405f000,0x00007fea24160000] [id=12612]
  0x00007fea380ac800 WatcherThread [stack: 0x00007fea1b215000,0x00007fea1b316000] [id=12619]

VM state:at safepoint (normal execution)

VM Mutex/Monitor currently owned by a thread:  ([mutex/lock_event])
[0x00007fea38005ef0] ExpandHeap_lock - owner thread: 0x00007fea3806a000
[0x00007fea38006570] Threads_lock - owner thread: 0x00007fea3806a000
[0x00007fea38006a70] Heap_lock - owner thread: 0x00007fe9f802b800

Heap
 PSYoungGen      total 436736K, used 0K [0x00000000d7f00000, 0x0000000100000000, 0x0000000100000000)
  eden space 218112K, 0% used [0x00000000d7f00000,0x00000000d7f00000,0x00000000e5400000)
  from space 218624K, 0% used [0x00000000e5400000,0x00000000e5400000,0x00000000f2980000)
  to   space 218624K, 0% used [0x00000000f2a80000,0x00000000f2a80000,0x0000000100000000)
 ParOldGen       total 714240K, used 568432K [0x0000000087e00000, 0x00000000b3780000, 0x00000000d7f00000)
  object space 714240K, 79% used [0x0000000087e00000,0x00000000aa91c078,0x00000000b3780000)
 PSPermGen       total 60928K, used 36510K [0x0000000082c00000, 0x0000000086780000, 0x0000000087e00000)
  object space 60928K, 59% used [0x0000000082c00000,0x0000000084fa7860,0x0000000086780000)

Card table byte_map: [0x00007fea3ce9b000,0x00007fea3d286000] byte_map_base: 0x00007fea3ca85000

Polling page: 0x00007fea400ab000

Code Cache  [0x00007fea35000000, 0x00007fea35270000, 0x00007fea38000000)
 total_blobs=999 nmethods=595 adapters=357 free_code_cache=47486Kb largest_free_block=48572416

Compilation events (10 events):
Event: 25.273 Thread 0x00007fea38094800  636             com.esotericsoftware.reflectasm.shaded.org.objectweb.asm.ClassReader::readUnsignedShort (26 bytes)
Event: 25.273 Thread 0x00007fea38094800 nmethod 636 0x00007fea351a9990 code [0x00007fea351a9ae0, 0x00007fea351a9b98]
Event: 25.294 Thread 0x00007fea38097800  637             java.net.URI::match (56 bytes)
Event: 25.294 Thread 0x00007fea38097800 nmethod 637 0x00007fea351a9750 code [0x00007fea351a9880, 0x00007fea351a9918]
Event: 25.297 Thread 0x00007fea38094800  638             java.net.URI$Parser::scan (50 bytes)
Event: 25.301 Thread 0x00007fea38094800 nmethod 638 0x00007fea351a9090 code [0x00007fea351a91e0, 0x00007fea351a9598]
Event: 25.309 Thread 0x00007fea38097800  639 %           java.lang.String::split @ 125 (326 bytes)
Event: 25.346 Thread 0x00007fea38097800 nmethod 639% 0x00007fea351093d0 code [0x00007fea35109660, 0x00007fea3510abe0]
Event: 25.346 Thread 0x00007fea38094800  640             java.lang.String::split (326 bytes)
Event: 25.551 Thread 0x00007fea38094800 nmethod 640 0x00007fea351aa590 code [0x00007fea351aa860, 0x00007fea351ac1e0]

GC Heap History (10 events):
Event: 24.279 GC heap after
Heap after GC invocations=47 (full 8):
 PSYoungGen      total 437760K, used 0K [0x00000000d7f00000, 0x0000000100000000, 0x0000000100000000)
  eden space 219136K, 0% used [0x00000000d7f00000,0x00000000d7f00000,0x00000000e5500000)
  from space 218624K, 0% used [0x00000000e5500000,0x00000000e5500000,0x00000000f2a80000)
  to   space 218624K, 0% used [0x00000000f2a80000,0x00000000f2a80000,0x0000000100000000)
 ParOldGen       total 714240K, used 380463K [0x0000000087e00000, 0x00000000b3780000, 0x00000000d7f00000)
  object space 714240K, 53% used [0x0000000087e00000,0x000000009f18bc80,0x00000000b3780000)
 PSPermGen       total 60928K, used 36471K [0x0000000082c00000, 0x0000000086780000, 0x0000000087e00000)
  object space 60928K, 59% used [0x0000000082c00000,0x0000000084f9de98,0x0000000086780000)
}
Event: 24.459 GC heap before
{Heap before GC invocations=48 (full 8):
 PSYoungGen      total 437760K, used 219136K [0x00000000d7f00000, 0x0000000100000000, 0x0000000100000000)
  eden space 219136K, 100% used [0x00000000d7f00000,0x00000000e5500000,0x00000000e5500000)
  from space 218624K, 0% used [0x00000000e5500000,0x00000000e5500000,0x00000000f2a80000)
  to   space 218624K, 0% used [0x00000000f2a80000,0x00000000f2a80000,0x0000000100000000)
 ParOldGen       total 714240K, used 380463K [0x0000000087e00000, 0x00000000b3780000, 0x00000000d7f00000)
  object space 714240K, 53% used [0x0000000087e00000,0x000000009f18bc80,0x00000000b3780000)
 PSPermGen       total 60928K, used 36471K [0x0000000082c00000, 0x0000000086780000, 0x0000000087e00000)
  object space 60928K, 59% used [0x0000000082c00000,0x0000000084f9de98,0x0000000086780000)
Event: 24.555 GC heap after
Heap after GC invocations=48 (full 8):
 PSYoungGen      total 437760K, used 107808K [0x00000000d7f00000, 0x0000000100000000, 0x0000000100000000)
  eden space 219136K, 0% used [0x00000000d7f00000,0x00000000d7f00000,0x00000000e5500000)
  from space 218624K, 49% used [0x00000000f2a80000,0x00000000f93c8030,0x0000000100000000)
  to   space 218624K, 0% used [0x00000000e5500000,0x00000000e5500000,0x00000000f2a80000)
 ParOldGen       total 714240K, used 380463K [0x0000000087e00000, 0x00000000b3780000, 0x00000000d7f00000)
  object space 714240K, 53% used [0x0000000087e00000,0x000000009f18bc80,0x00000000b3780000)
 PSPermGen       total 60928K, used 36471K [0x0000000082c00000, 0x0000000086780000, 0x0000000087e00000)
  object space 60928K, 59% used [0x0000000082c00000,0x0000000084f9de98,0x0000000086780000)
}
Event: 24.744 GC heap before
{Heap before GC invocations=49 (full 8):
 PSYoungGen      total 437760K, used 326944K [0x00000000d7f00000, 0x0000000100000000, 0x0000000100000000)
  eden space 219136K, 100% used [0x00000000d7f00000,0x00000000e5500000,0x00000000e5500000)
  from space 218624K, 49% used [0x00000000f2a80000,0x00000000f93c8030,0x0000000100000000)
  to   space 218624K, 0% used [0x00000000e5500000,0x00000000e5500000,0x00000000f2a80000)
 ParOldGen       total 714240K, used 380463K [0x0000000087e00000, 0x00000000b3780000, 0x00000000d7f00000)
  object space 714240K, 53% used [0x0000000087e00000,0x000000009f18bc80,0x00000000b3780000)
 PSPermGen       total 60928K, used 36471K [0x0000000082c00000, 0x0000000086780000, 0x0000000087e00000)
  object space 60928K, 59% used [0x0000000082c00000,0x0000000084f9de98,0x0000000086780000)
Event: 24.926 GC heap after
Heap after GC invocations=49 (full 8):
 PSYoungGen      total 328192K, used 108980K [0x00000000d7f00000, 0x00000000ffe00000, 0x0000000100000000)
  eden space 219136K, 0% used [0x00000000d7f00000,0x00000000d7f00000,0x00000000e5500000)
  from space 109056K, 99% used [0x00000000e5500000,0x00000000ebf6d1e8,0x00000000ebf80000)
  to   space 217600K, 0% used [0x00000000f2980000,0x00000000f2980000,0x00000000ffe00000)
 ParOldGen       total 714240K, used 488519K [0x0000000087e00000, 0x00000000b3780000, 0x00000000d7f00000)
  object space 714240K, 68% used [0x0000000087e00000,0x00000000a5b11cb0,0x00000000b3780000)
 PSPermGen       total 60928K, used 36471K [0x0000000082c00000, 0x0000000086780000, 0x0000000087e00000)
  object space 60928K, 59% used [0x0000000082c00000,0x0000000084f9de98,0x0000000086780000)
}
Event: 25.404 GC heap before
{Heap before GC invocations=50 (full 8):
 PSYoungGen      total 328192K, used 328116K [0x00000000d7f00000, 0x00000000ffe00000, 0x0000000100000000)
  eden space 219136K, 100% used [0x00000000d7f00000,0x00000000e5500000,0x00000000e5500000)
  from space 109056K, 99% used [0x00000000e5500000,0x00000000ebf6d1e8,0x00000000ebf80000)
  to   space 217600K, 0% used [0x00000000f2980000,0x00000000f2980000,0x00000000ffe00000)
 ParOldGen       total 714240K, used 488519K [0x0000000087e00000, 0x00000000b3780000, 0x00000000d7f00000)
  object space 714240K, 68% used [0x0000000087e00000,0x00000000a5b11cb0,0x00000000b3780000)
 PSPermGen       total 60928K, used 36527K [0x0000000082c00000, 0x0000000086780000, 0x0000000087e00000)
  object space 60928K, 59% used [0x0000000082c00000,0x0000000084fabdb8,0x0000000086780000)
Event: 25.549 GC heap after
Heap after GC invocations=50 (full 8):
 PSYoungGen      total 435712K, used 177578K [0x00000000d7f00000, 0x0000000100000000, 0x0000000100000000)
  eden space 218112K, 0% used [0x00000000d7f00000,0x00000000d7f00000,0x00000000e5400000)
  from space 217600K, 81% used [0x00000000f2980000,0x00000000fd6eaab8,0x00000000ffe00000)
  to   space 218624K, 0% used [0x00000000e5400000,0x00000000e5400000,0x00000000f2980000)
 ParOldGen       total 714240K, used 488519K [0x0000000087e00000, 0x00000000b3780000, 0x00000000d7f00000)
  object space 714240K, 68% used [0x0000000087e00000,0x00000000a5b11cb0,0x00000000b3780000)
 PSPermGen       total 60928K, used 36527K [0x0000000082c00000, 0x0000000086780000, 0x0000000087e00000)
  object space 60928K, 59% used [0x0000000082c00000,0x0000000084fabdb8,0x0000000086780000)
}
Event: 25.637 GC heap before
{Heap before GC invocations=51 (full 8):
 PSYoungGen      total 435712K, used 395690K [0x00000000d7f00000, 0x0000000100000000, 0x0000000100000000)
  eden space 218112K, 100% used [0x00000000d7f00000,0x00000000e5400000,0x00000000e5400000)
  from space 217600K, 81% used [0x00000000f2980000,0x00000000fd6eaab8,0x00000000ffe00000)
  to   space 218624K, 0% used [0x00000000e5400000,0x00000000e5400000,0x00000000f2980000)
 ParOldGen       total 714240K, used 488519K [0x0000000087e00000, 0x00000000b3780000, 0x00000000d7f00000)
  object space 714240K, 68% used [0x0000000087e00000,0x00000000a5b11cb0,0x00000000b3780000)
 PSPermGen       total 60928K, used 36527K [0x0000000082c00000, 0x0000000086780000, 0x0000000087e00000)
  object space 60928K, 59% used [0x0000000082c00000,0x0000000084fabe80,0x0000000086780000)
Event: 25.784 GC heap after
Heap after GC invocations=51 (full 8):
 PSYoungGen      total 436736K, used 15680K [0x00000000d7f00000, 0x0000000100000000, 0x0000000100000000)
  eden space 218112K, 0% used [0x00000000d7f00000,0x00000000d7f00000,0x00000000e5400000)
  from space 218624K, 7% used [0x00000000e5400000,0x00000000e6350030,0x00000000f2980000)
  to   space 218624K, 0% used [0x00000000f2a80000,0x00000000f2a80000,0x0000000100000000)
 ParOldGen       total 714240K, used 666247K [0x0000000087e00000, 0x00000000b3780000, 0x00000000d7f00000)
  object space 714240K, 93% used [0x0000000087e00000,0x00000000b08a1f48,0x00000000b3780000)
 PSPermGen       total 60928K, used 36527K [0x0000000082c00000, 0x0000000086780000, 0x0000000087e00000)
  object space 60928K, 59% used [0x0000000082c00000,0x0000000084fabe80,0x0000000086780000)
}
Event: 25.785 GC heap before
{Heap before GC invocations=52 (full 9):
 PSYoungGen      total 436736K, used 15680K [0x00000000d7f00000, 0x0000000100000000, 0x0000000100000000)
  eden space 218112K, 0% used [0x00000000d7f00000,0x00000000d7f00000,0x00000000e5400000)
  from space 218624K, 7% used [0x00000000e5400000,0x00000000e6350030,0x00000000f2980000)
  to   space 218624K, 0% used [0x00000000f2a80000,0x00000000f2a80000,0x0000000100000000)
 ParOldGen       total 714240K, used 666247K [0x0000000087e00000, 0x00000000b3780000, 0x00000000d7f00000)
  object space 714240K, 93% used [0x0000000087e00000,0x00000000b08a1f48,0x00000000b3780000)
 PSPermGen       total 60928K, used 36527K [0x0000000082c00000, 0x0000000086780000, 0x0000000087e00000)
  object space 60928K, 59% used [0x0000000082c00000,0x0000000084fabe80,0x0000000086780000)

Deoptimization events (10 events):
Event: 14.071 Thread 0x00007fea3800a000 Uncommon trap: reason=class_check action=maybe_recompile pc=0x00007fea3519c464 method=java.io.ObjectOutputStream$BlockDataOutputStream.drain()V @ 36
Event: 14.071 Thread 0x00007fea3800a000 Uncommon trap: reason=class_check action=maybe_recompile pc=0x00007fea3519c464 method=java.io.ObjectOutputStream$BlockDataOutputStream.drain()V @ 36
Event: 14.071 Thread 0x00007fea3800a000 Uncommon trap: reason=class_check action=maybe_recompile pc=0x00007fea351a1680 method=java.io.ObjectOutputStream$BlockDataOutputStream.writeBlockHeader(I)V @ 66
Event: 14.071 Thread 0x00007fea3800a000 Uncommon trap: reason=class_check action=maybe_recompile pc=0x00007fea3519c464 method=java.io.ObjectOutputStream$BlockDataOutputStream.drain()V @ 36
Event: 14.072 Thread 0x00007fea3800a000 Uncommon trap: reason=class_check action=maybe_recompile pc=0x00007fea351a1680 method=java.io.ObjectOutputStream$BlockDataOutputStream.writeBlockHeader(I)V @ 66
Event: 14.072 Thread 0x00007fea3800a000 Uncommon trap: reason=class_check action=maybe_recompile pc=0x00007fea351a1680 method=java.io.ObjectOutputStream$BlockDataOutputStream.writeBlockHeader(I)V @ 66
Event: 14.073 Thread 0x00007fea3800a000 Uncommon trap: reason=class_check action=maybe_recompile pc=0x00007fea351a1680 method=java.io.ObjectOutputStream$BlockDataOutputStream.writeBlockHeader(I)V @ 66
Event: 21.610 Thread 0x00007fe9f8039800 Uncommon trap: reason=class_check action=maybe_recompile pc=0x00007fea350794f4 method=java.util.AbstractCollection.toArray([Ljava/lang/Object;)[Ljava/lang/Object; @ 1
Event: 21.739 Thread 0x00007fe9f0038000 Uncommon trap: reason=class_check action=maybe_recompile pc=0x00007fea350794f4 method=java.util.AbstractCollection.toArray([Ljava/lang/Object;)[Ljava/lang/Object; @ 1
Event: 22.819 Thread 0x00007fe9f8033000 Uncommon trap: reason=class_check action=maybe_recompile pc=0x00007fea350794f4 method=java.util.AbstractCollection.toArray([Ljava/lang/Object;)[Ljava/lang/Object; @ 1

Internal exceptions (10 events):
Event: 22.852 Thread 0x00007fea3001c800 Threw 0x00000000e2d0b048 at /HUDSON/workspace/7u-2-build-linux-amd64/jdk7u79/2331/hotspot/src/share/vm/prims/jvm.cpp:1304
Event: 23.015 Thread 0x00007fe9f8040000 Threw 0x00000000dca22830 at /HUDSON/workspace/7u-2-build-linux-amd64/jdk7u79/2331/hotspot/src/share/vm/prims/jvm.cpp:1304
Event: 25.264 Thread 0x00007fea3800a000 Threw 0x00000000e32323a8 at /HUDSON/workspace/7u-2-build-linux-amd64/jdk7u79/2331/hotspot/src/share/vm/prims/jvm.cpp:1304
Event: 25.264 Thread 0x00007fea3800a000 Threw 0x00000000e3233838 at /HUDSON/workspace/7u-2-build-linux-amd64/jdk7u79/2331/hotspot/src/share/vm/prims/jvm.cpp:1304
Event: 25.266 Thread 0x00007fea3800a000 Threw 0x00000000e32597e0 at /HUDSON/workspace/7u-2-build-linux-amd64/jdk7u79/2331/hotspot/src/share/vm/prims/jvm.cpp:1304
Event: 25.266 Thread 0x00007fea3800a000 Threw 0x00000000e325ac70 at /HUDSON/workspace/7u-2-build-linux-amd64/jdk7u79/2331/hotspot/src/share/vm/prims/jvm.cpp:1304
Event: 25.268 Thread 0x00007fea3800a000 Threw 0x00000000e3684218 at /HUDSON/workspace/7u-2-build-linux-amd64/jdk7u79/2331/hotspot/src/share/vm/prims/jvm.cpp:1304
Event: 25.268 Thread 0x00007fea3800a000 Threw 0x00000000e36856a8 at /HUDSON/workspace/7u-2-build-linux-amd64/jdk7u79/2331/hotspot/src/share/vm/prims/jvm.cpp:1304
Event: 25.273 Thread 0x00007fea3800a000 Threw 0x00000000e36cf9e8 at /HUDSON/workspace/7u-2-build-linux-amd64/jdk7u79/2331/hotspot/src/share/vm/prims/jvm.cpp:1304
Event: 25.273 Thread 0x00007fea3800a000 Threw 0x00000000e36d0e78 at /HUDSON/workspace/7u-2-build-linux-amd64/jdk7u79/2331/hotspot/src/share/vm/prims/jvm.cpp:1304

Events (10 events):
Event: 25.291 Executing VM operation: RevokeBias
Event: 25.291 Executing VM operation: RevokeBias done
Event: 25.293 Executing VM operation: RevokeBias
Event: 25.293 Executing VM operation: RevokeBias done
Event: 25.293 Executing VM operation: RevokeBias
Event: 25.293 Executing VM operation: RevokeBias done
Event: 25.294 Thread 0x00007fea38097800 flushing nmethod 0x00007fea35153590
Event: 25.403 Executing VM operation: ParallelGCFailedAllocation
Event: 25.549 Executing VM operation: ParallelGCFailedAllocation done
Event: 25.637 Executing VM operation: ParallelGCFailedAllocation


Dynamic libraries:
00400000-00401000 r-xp 00000000 07:00 675811                             /usr/lib/jvm/jdk1.7.0_79/bin/java
00600000-00601000 rw-p 00000000 07:00 675811                             /usr/lib/jvm/jdk1.7.0_79/bin/java
00d2f000-00d50000 rw-p 00000000 00:00 0                                  [heap]
82c00000-86780000 rw-p 00000000 00:00 0 
86780000-87a80000 ---p 00000000 00:00 0 
87a80000-87e00000 rw-p 00000000 00:00 0 
87e00000-b3780000 rw-p 00000000 00:00 0 
c3c80000-d7f00000 rw-p 00000000 00:00 0 
d7f00000-100000000 rw-p 00000000 00:00 0 
7fe9ae39c000-7fe9b1d8f000 rw-p 00000000 00:00 0 
7fe9b1d8f000-7fe9b1d92000 ---p 00000000 00:00 0 
7fe9b1d92000-7fe9b1e90000 rw-p 00000000 00:00 0                          [stack:12686]
7fe9b1e90000-7fe9b1e93000 ---p 00000000 00:00 0 
7fe9b1e93000-7fe9b1f91000 rw-p 00000000 00:00 0                          [stack:12685]
7fe9b1f91000-7fe9b1f94000 ---p 00000000 00:00 0 
7fe9b1f94000-7fe9b2092000 rw-p 00000000 00:00 0                          [stack:12684]
7fe9b2092000-7fe9b2095000 ---p 00000000 00:00 0 
7fe9b2095000-7fe9b2193000 rw-p 00000000 00:00 0                          [stack:12681]
7fe9b2193000-7fe9b2196000 ---p 00000000 00:00 0 
7fe9b2196000-7fe9b2294000 rw-p 00000000 00:00 0                          [stack:12680]
7fe9b2294000-7fe9b2297000 ---p 00000000 00:00 0 
7fe9b2297000-7fe9b2395000 rw-p 00000000 00:00 0                          [stack:12679]
7fe9b2395000-7fe9b2398000 ---p 00000000 00:00 0 
7fe9b2398000-7fe9b2496000 rw-p 00000000 00:00 0                          [stack:12678]
7fe9b2496000-7fe9b2499000 ---p 00000000 00:00 0 
7fe9b2499000-7fe9b2597000 rw-p 00000000 00:00 0                          [stack:12677]
7fe9b2597000-7fe9b259a000 ---p 00000000 00:00 0 
7fe9b259a000-7fe9b2698000 rw-p 00000000 00:00 0                          [stack:12676]
7fe9b2698000-7fe9b269b000 ---p 00000000 00:00 0 
7fe9b269b000-7fe9b2799000 rw-p 00000000 00:00 0                          [stack:12675]
7fe9b2799000-7fe9b279c000 ---p 00000000 00:00 0 
7fe9b279c000-7fe9b289a000 rw-p 00000000 00:00 0                          [stack:12674]
7fe9b289a000-7fe9b289d000 ---p 00000000 00:00 0 
7fe9b289d000-7fe9b299b000 rw-p 00000000 00:00 0                          [stack:12673]
7fe9b299b000-7fe9b299e000 ---p 00000000 00:00 0 
7fe9b299e000-7fe9b2a9c000 rw-p 00000000 00:00 0                          [stack:12672]
7fe9b2a9c000-7fe9b2a9f000 ---p 00000000 00:00 0 
7fe9b2a9f000-7fe9b2b9d000 rw-p 00000000 00:00 0                          [stack:12671]
7fe9b2b9d000-7fe9b2ba0000 ---p 00000000 00:00 0 
7fe9b2ba0000-7fe9b2c9e000 rw-p 00000000 00:00 0                          [stack:12670]
7fe9b2c9e000-7fe9b2ca1000 ---p 00000000 00:00 0 
7fe9b2ca1000-7fe9b2d9f000 rw-p 00000000 00:00 0                          [stack:12669]
7fe9b2d9f000-7fe9b2da2000 ---p 00000000 00:00 0 
7fe9b2da2000-7fe9b2ea0000 rw-p 00000000 00:00 0                          [stack:12668]
7fe9b2ea0000-7fe9b2ea3000 ---p 00000000 00:00 0 
7fe9b2ea3000-7fe9b2fa1000 rw-p 00000000 00:00 0                          [stack:12667]
7fe9b2fa1000-7fe9b2fa2000 r-xp 00000000 07:00 675659                     /usr/lib/jvm/jdk1.7.0_79/jre/lib/amd64/libjaas_unix.so
7fe9b2fa2000-7fe9b31a1000 ---p 00001000 07:00 675659                     /usr/lib/jvm/jdk1.7.0_79/jre/lib/amd64/libjaas_unix.so
7fe9b31a1000-7fe9b31a2000 rw-p 00000000 07:00 675659                     /usr/lib/jvm/jdk1.7.0_79/jre/lib/amd64/libjaas_unix.so
7fe9b31a2000-7fe9b31df000 r-xp 00000000 07:00 9617                       /tmp/snappy-unknown-cd288a1b-1f64-41f5-b128-b81bbe9dcdea-libsnappyjava.so
7fe9b31df000-7fe9b33df000 ---p 0003d000 07:00 9617                       /tmp/snappy-unknown-cd288a1b-1f64-41f5-b128-b81bbe9dcdea-libsnappyjava.so
7fe9b33df000-7fe9b33e2000 rw-p 0003d000 07:00 9617                       /tmp/snappy-unknown-cd288a1b-1f64-41f5-b128-b81bbe9dcdea-libsnappyjava.so
7fe9b33e2000-7fe9b33f4000 rw-p 00000000 00:00 0 
7fe9b33f4000-7fe9b33f7000 ---p 00000000 00:00 0 
7fe9b33f7000-7fe9b34f5000 rw-p 00000000 00:00 0                          [stack:12665]
7fe9b34f5000-7fe9b34f8000 ---p 00000000 00:00 0 
7fe9b34f8000-7fe9b35f6000 rw-p 00000000 00:00 0                          [stack:12664]
7fe9b35f6000-7fe9b35f9000 ---p 00000000 00:00 0 
7fe9b35f9000-7fe9b36f7000 rw-p 00000000 00:00 0                          [stack:12663]
7fe9b36f7000-7fe9b36fa000 ---p 00000000 00:00 0 
7fe9b36fa000-7fe9b37f8000 rw-p 00000000 00:00 0                          [stack:12661]
7fe9b37f8000-7fe9b37fb000 ---p 00000000 00:00 0 
7fe9b37fb000-7fe9b38f9000 rw-p 00000000 00:00 0                          [stack:12659]
7fe9b38f9000-7fe9b38fc000 ---p 00000000 00:00 0 
7fe9b38fc000-7fe9b39fa000 rw-p 00000000 00:00 0                          [stack:12658]
7fe9b39fa000-7fe9b39fd000 ---p 00000000 00:00 0 
7fe9b39fd000-7fe9b3afb000 rw-p 00000000 00:00 0                          [stack:12657]
7fe9b3afb000-7fe9b3afe000 ---p 00000000 00:00 0 
7fe9b3afe000-7fe9b3bfc000 rw-p 00000000 00:00 0                          [stack:12656]
7fe9b3bfc000-7fe9b3bff000 ---p 00000000 00:00 0 
7fe9b3bff000-7fe9b3cfd000 rw-p 00000000 00:00 0                          [stack:12655]
7fe9b3cfd000-7fe9b3d00000 ---p 00000000 00:00 0 
7fe9b3d00000-7fe9b3dfe000 rw-p 00000000 00:00 0                          [stack:12654]
7fe9b3dfe000-7fe9b3e01000 ---p 00000000 00:00 0 
7fe9b3e01000-7fe9b3eff000 rw-p 00000000 00:00 0                          [stack:12653]
7fe9b3eff000-7fe9b3f02000 ---p 00000000 00:00 0 
7fe9b3f02000-7fe9b4000000 rw-p 00000000 00:00 0                          [stack:12652]
7fe9b4000000-7fe9b4021000 rw-p 00000000 00:00 0 
7fe9b4021000-7fe9b8000000 ---p 00000000 00:00 0 
7fe9b8000000-7fe9b8021000 rw-p 00000000 00:00 0 
7fe9b8021000-7fe9bc000000 ---p 00000000 00:00 0 
7fe9bc000000-7fe9bc021000 rw-p 00000000 00:00 0 
7fe9bc021000-7fe9c0000000 ---p 00000000 00:00 0 
7fe9c0000000-7fe9c3c0b000 rw-p 00000000 00:00 0 
7fe9c3c0b000-7fe9c4000000 ---p 00000000 00:00 0 
7fe9c4000000-7fe9c4021000 rw-p 00000000 00:00 0 
7fe9c4021000-7fe9c8000000 ---p 00000000 00:00 0 
7fe9c8000000-7fe9c8021000 rw-p 00000000 00:00 0 
7fe9c8021000-7fe9cc000000 ---p 00000000 00:00 0 
7fe9cc000000-7fe9cc021000 rw-p 00000000 00:00 0 
7fe9cc021000-7fe9d0000000 ---p 00000000 00:00 0 
7fe9d0000000-7fe9d0021000 rw-p 00000000 00:00 0 
7fe9d0021000-7fe9d4000000 ---p 00000000 00:00 0 
7fe9d4000000-7fe9d4021000 rw-p 00000000 00:00 0 
7fe9d4021000-7fe9d8000000 ---p 00000000 00:00 0 
7fe9d8000000-7fe9d8021000 rw-p 00000000 00:00 0 
7fe9d8021000-7fe9dc000000 ---p 00000000 00:00 0 
7fe9dc000000-7fe9dc021000 rw-p 00000000 00:00 0 
7fe9dc021000-7fe9e0000000 ---p 00000000 00:00 0 
7fe9e0000000-7fe9e0021000 rw-p 00000000 00:00 0 
7fe9e0021000-7fe9e4000000 ---p 00000000 00:00 0 
7fe9e4000000-7fe9e414c000 rw-p 00000000 00:00 0 
7fe9e414c000-7fe9e8000000 ---p 00000000 00:00 0 
7fe9e8000000-7fe9e8021000 rw-p 00000000 00:00 0 
7fe9e8021000-7fe9ec000000 ---p 00000000 00:00 0 
7fe9ec000000-7fe9ec021000 rw-p 00000000 00:00 0 
7fe9ec021000-7fe9f0000000 ---p 00000000 00:00 0 
7fe9f0000000-7fe9f0046000 rw-p 00000000 00:00 0 
7fe9f0046000-7fe9f4000000 ---p 00000000 00:00 0 
7fe9f4000000-7fe9f4021000 rw-p 00000000 00:00 0 
7fe9f4021000-7fe9f8000000 ---p 00000000 00:00 0 
7fe9f8000000-7fe9f8042000 rw-p 00000000 00:00 0 
7fe9f8042000-7fe9fc000000 ---p 00000000 00:00 0 
7fe9fc000000-7fe9fc021000 rw-p 00000000 00:00 0 
7fe9fc021000-7fea00000000 ---p 00000000 00:00 0 
7fea00000000-7fea00021000 rw-p 00000000 00:00 0 
7fea00021000-7fea04000000 ---p 00000000 00:00 0 
7fea04000000-7fea04690000 rw-p 00000000 00:00 0 
7fea04690000-7fea08000000 ---p 00000000 00:00 0 
7fea08000000-7fea094b7000 rw-p 00000000 00:00 0 
7fea094b7000-7fea0c000000 ---p 00000000 00:00 0 
7fea0c000000-7fea0c021000 rw-p 00000000 00:00 0 
7fea0c021000-7fea10000000 ---p 00000000 00:00 0 
7fea10000000-7fea10021000 rw-p 00000000 00:00 0 
7fea10021000-7fea14000000 ---p 00000000 00:00 0 
7fea14000000-7fea14021000 rw-p 00000000 00:00 0 
7fea14021000-7fea18000000 ---p 00000000 00:00 0 
7fea18063000-7fea18066000 ---p 00000000 00:00 0 
7fea18066000-7fea18164000 rw-p 00000000 00:00 0                          [stack:12651]
7fea18164000-7fea18167000 ---p 00000000 00:00 0 
7fea18167000-7fea18265000 rw-p 00000000 00:00 0                          [stack:12646]
7fea18265000-7fea18268000 ---p 00000000 00:00 0 
7fea18268000-7fea18366000 rw-p 00000000 00:00 0                          [stack:12645]
7fea18366000-7fea18369000 ---p 00000000 00:00 0 
7fea18369000-7fea18467000 rw-p 00000000 00:00 0                          [stack:12644]
7fea18467000-7fea1846a000 ---p 00000000 00:00 0 
7fea1846a000-7fea18568000 rw-p 00000000 00:00 0                          [stack:12643]
7fea18568000-7fea1856b000 ---p 00000000 00:00 0 
7fea1856b000-7fea18669000 rw-p 00000000 00:00 0                          [stack:12642]
7fea18669000-7fea1866c000 ---p 00000000 00:00 0 
7fea1866c000-7fea1876a000 rw-p 00000000 00:00 0                          [stack:12641]
7fea1876a000-7fea1876d000 ---p 00000000 00:00 0 
7fea1876d000-7fea1886b000 rw-p 00000000 00:00 0                          [stack:12640]
7fea1886b000-7fea1886e000 ---p 00000000 00:00 0 
7fea1886e000-7fea1896c000 rw-p 00000000 00:00 0                          [stack:12639]
7fea1896c000-7fea1896f000 ---p 00000000 00:00 0 
7fea1896f000-7fea18a6d000 rw-p 00000000 00:00 0                          [stack:12638]
7fea18a6d000-7fea18a70000 ---p 00000000 00:00 0 
7fea18a70000-7fea18b6e000 rw-p 00000000 00:00 0                          [stack:12637]
7fea18b6e000-7fea18b71000 ---p 00000000 00:00 0 
7fea18b71000-7fea18c6f000 rw-p 00000000 00:00 0                          [stack:12636]
7fea18c6f000-7fea18c77000 r-xp 00000000 07:00 675597                     /usr/lib/jvm/jdk1.7.0_79/jre/lib/amd64/libmanagement.so
7fea18c77000-7fea18e76000 ---p 00008000 07:00 675597                     /usr/lib/jvm/jdk1.7.0_79/jre/lib/amd64/libmanagement.so
7fea18e76000-7fea18e77000 rw-p 00007000 07:00 675597                     /usr/lib/jvm/jdk1.7.0_79/jre/lib/amd64/libmanagement.so
7fea18e77000-7fea18e7a000 ---p 00000000 00:00 0 
7fea18e7a000-7fea18f78000 rw-p 00000000 00:00 0                          [stack:12632]
7fea18f78000-7fea18f7b000 ---p 00000000 00:00 0 
7fea18f7b000-7fea19079000 rw-p 00000000 00:00 0                          [stack:12631]
7fea19079000-7fea1907c000 ---p 00000000 00:00 0 
7fea1907c000-7fea1917a000 rw-p 00000000 00:00 0                          [stack:12630]
7fea1917a000-7fea1917d000 ---p 00000000 00:00 0 
7fea1917d000-7fea1927b000 rw-p 00000000 00:00 0                          [stack:12629]
7fea1927b000-7fea1927e000 ---p 00000000 00:00 0 
7fea1927e000-7fea1937c000 rw-p 00000000 00:00 0                          [stack:12628]
7fea1937c000-7fea1937f000 ---p 00000000 00:00 0 
7fea1937f000-7fea1947d000 rw-p 00000000 00:00 0                          [stack:12627]
7fea1947d000-7fea19480000 ---p 00000000 00:00 0 
7fea19480000-7fea1957e000 rw-p 00000000 00:00 0                          [stack:12626]
7fea1957e000-7fea19581000 ---p 00000000 00:00 0 
7fea19581000-7fea1967f000 rw-p 00000000 00:00 0                          [stack:12625]
7fea1967f000-7fea19682000 ---p 00000000 00:00 0 
7fea19682000-7fea19780000 rw-p 00000000 00:00 0                          [stack:12624]
7fea19780000-7fea19783000 ---p 00000000 00:00 0 
7fea19783000-7fea19881000 rw-p 00000000 00:00 0                          [stack:12623]
7fea19881000-7fea19884000 ---p 00000000 00:00 0 
7fea19884000-7fea19982000 rw-p 00000000 00:00 0                          [stack:12622]
7fea19982000-7fea19985000 ---p 00000000 00:00 0 
7fea19985000-7fea19a83000 rw-p 00000000 00:00 0                          [stack:12621]
7fea19a83000-7fea19a86000 ---p 00000000 00:00 0 
7fea19a86000-7fea19b84000 rw-p 00000000 00:00 0                          [stack:12620]
7fea19b84000-7fea19b94000 r-xp 00000000 07:00 675589                     /usr/lib/jvm/jdk1.7.0_79/jre/lib/amd64/libnio.so
7fea19b94000-7fea19d94000 ---p 00010000 07:00 675589                     /usr/lib/jvm/jdk1.7.0_79/jre/lib/amd64/libnio.so
7fea19d94000-7fea19d95000 rw-p 00010000 07:00 675589                     /usr/lib/jvm/jdk1.7.0_79/jre/lib/amd64/libnio.so
7fea19d95000-7fea19d97000 r-xp 00000000 07:00 130791                     /lib/libnss_mdns4.so.2
7fea19d97000-7fea19f96000 ---p 00002000 07:00 130791                     /lib/libnss_mdns4.so.2
7fea19f96000-7fea19f97000 r--p 00001000 07:00 130791                     /lib/libnss_mdns4.so.2
7fea19f97000-7fea19f98000 rw-p 00002000 07:00 130791                     /lib/libnss_mdns4.so.2
7fea19f98000-7fea19fb0000 r-xp 00000000 07:00 135153                     /lib/x86_64-linux-gnu/libresolv-2.15.so
7fea19fb0000-7fea1a1b0000 ---p 00018000 07:00 135153                     /lib/x86_64-linux-gnu/libresolv-2.15.so
7fea1a1b0000-7fea1a1b1000 r--p 00018000 07:00 135153                     /lib/x86_64-linux-gnu/libresolv-2.15.so
7fea1a1b1000-7fea1a1b2000 rw-p 00019000 07:00 135153                     /lib/x86_64-linux-gnu/libresolv-2.15.so
7fea1a1b2000-7fea1a1b4000 rw-p 00000000 00:00 0 
7fea1a1b4000-7fea1a1bb000 r-xp 00000000 07:00 135118                     /lib/x86_64-linux-gnu/libnss_dns-2.15.so
7fea1a1bb000-7fea1a3ba000 ---p 00007000 07:00 135118                     /lib/x86_64-linux-gnu/libnss_dns-2.15.so
7fea1a3ba000-7fea1a3bb000 r--p 00006000 07:00 135118                     /lib/x86_64-linux-gnu/libnss_dns-2.15.so
7fea1a3bb000-7fea1a3bc000 rw-p 00007000 07:00 135118                     /lib/x86_64-linux-gnu/libnss_dns-2.15.so
7fea1a3bc000-7fea1a3be000 r-xp 00000000 07:00 130792                     /lib/libnss_mdns4_minimal.so.2
7fea1a3be000-7fea1a5bd000 ---p 00002000 07:00 130792                     /lib/libnss_mdns4_minimal.so.2
7fea1a5bd000-7fea1a5be000 r--p 00001000 07:00 130792                     /lib/libnss_mdns4_minimal.so.2
7fea1a5be000-7fea1a5bf000 rw-p 00002000 07:00 130792                     /lib/libnss_mdns4_minimal.so.2
7fea1a5bf000-7fea1a5d5000 r-xp 00000000 07:00 675638                     /usr/lib/jvm/jdk1.7.0_79/jre/lib/amd64/libnet.so
7fea1a5d5000-7fea1a7d5000 ---p 00016000 07:00 675638                     /usr/lib/jvm/jdk1.7.0_79/jre/lib/amd64/libnet.so
7fea1a7d5000-7fea1a7d6000 rw-p 00016000 07:00 675638                     /usr/lib/jvm/jdk1.7.0_79/jre/lib/amd64/libnet.so
7fea1a7d6000-7fea1a92c000 rw-p 00000000 00:00 0 
7fea1a92c000-7fea1b215000 r--s 08517000 07:00 667476                     /home/crazydog/spark-1.2.2-bin-hadoop2.4/lib/spark-assembly-1.2.2-hadoop2.4.0.jar
7fea1b215000-7fea1b216000 ---p 00000000 00:00 0 
7fea1b216000-7fea1b316000 rw-p 00000000 00:00 0                          [stack:12619]
7fea1b316000-7fea1b319000 ---p 00000000 00:00 0 
7fea1b319000-7fea1b417000 rw-p 00000000 00:00 0                          [stack:12618]
7fea1b417000-7fea1b41a000 ---p 00000000 00:00 0 
7fea1b41a000-7fea1b518000 rw-p 00000000 00:00 0                          [stack:12617]
7fea1b518000-7fea1b51b000 ---p 00000000 00:00 0 
7fea1b51b000-7fea1b619000 rw-p 00000000 00:00 0                          [stack:12616]
7fea1b619000-7fea1b61c000 ---p 00000000 00:00 0 
7fea1b61c000-7fea1b71a000 rw-p 00000000 00:00 0                          [stack:12615]
7fea1b71a000-7fea1bdfe000 r--p 00000000 07:00 398742                     /usr/lib/locale/locale-archive
7fea1bdfe000-7fea1be01000 ---p 00000000 00:00 0 
7fea1be01000-7fea1beff000 rw-p 00000000 00:00 0                          [stack:12614]
7fea1beff000-7fea1bf02000 ---p 00000000 00:00 0 
7fea1bf02000-7fea1c000000 rw-p 00000000 00:00 0                          [stack:12613]
7fea1c000000-7fea1c285000 rw-p 00000000 00:00 0 
7fea1c285000-7fea20000000 ---p 00000000 00:00 0 
7fea20000000-7fea201d1000 rw-p 00000000 00:00 0 
7fea201d1000-7fea24000000 ---p 00000000 00:00 0 
7fea2405f000-7fea24060000 ---p 00000000 00:00 0 
7fea24060000-7fea28000000 rw-p 00000000 00:00 0                          [stack:12612]
7fea28000000-7fea28073000 rw-p 00000000 00:00 0 
7fea28073000-7fea2c000000 ---p 00000000 00:00 0 
7fea2c000000-7fea2c155000 rw-p 00000000 00:00 0 
7fea2c155000-7fea30000000 ---p 00000000 00:00 0 
7fea30000000-7fea30b09000 rw-p 00000000 00:00 0 
7fea30b09000-7fea34000000 ---p 00000000 00:00 0 
7fea34042000-7fea34045000 ---p 00000000 00:00 0 
7fea34045000-7fea3407b000 rw-p 00000000 00:00 0                          [stack:12634]
7fea3407b000-7fea3409b000 r--s 001b1000 07:00 667278                     /home/crazydog/Downloads/cassandra-thrift-2.2.0-beta1.jar
7fea3409b000-7fea340c6000 r--s 001cc000 07:00 667225                     /home/crazydog/Downloads/spark-cassandra-connector_2.10-1.2.1.jar
7fea340c6000-7fea340f1000 r--s 001fc000 07:00 677103                     /home/crazydog/Downloads/guava-18.0.jar
7fea340f1000-7fea35000000 rw-p 00000000 00:00 0 
7fea35000000-7fea35270000 rwxp 00000000 00:00 0 
7fea35270000-7fea389e9000 rw-p 00000000 00:00 0 
7fea389e9000-7fea3c000000 ---p 00000000 00:00 0 
7fea3c002000-7fea3c00c000 r--s 00253000 07:00 675688                     /usr/lib/jvm/jdk1.7.0_79/jre/lib/resources.jar
7fea3c00c000-7fea3c01a000 r--s 000b7000 07:00 667267                     /home/crazydog/Downloads/cassandra-driver-core-2.1.6.jar
7fea3c01a000-7fea3c02a000 r--s 00088000 07:00 667282                     /home/crazydog/Downloads/joda-time-2.8.jar
7fea3c02a000-7fea3c035000 r--s 0007f000 07:00 1187170                    /usr/local/titan-0.5.4-hadoop2/lib/titan-hadoop-0.5.4.jar
7fea3c035000-7fea3c053000 r--s 0013e000 07:00 1187098                    /usr/local/titan-0.5.4-hadoop2/lib/titan-core-0.5.4.jar
7fea3c053000-7fea3c122000 rw-p 00000000 00:00 0 
7fea3c122000-7fea3c2e2000 r--s 039f7000 07:00 675732                     /usr/lib/jvm/jdk1.7.0_79/jre/lib/rt.jar
7fea3c2e2000-7fea3c7ed000 rw-p 00000000 00:00 0 
7fea3c7ed000-7fea3c7ee000 ---p 00000000 00:00 0 
7fea3c7ee000-7fea3c8ee000 rw-p 00000000 00:00 0                          [stack:12611]
7fea3c8ee000-7fea3c8ef000 ---p 00000000 00:00 0 
7fea3c8ef000-7fea3c9ef000 rw-p 00000000 00:00 0                          [stack:12610]
7fea3c9ef000-7fea3c9f0000 ---p 00000000 00:00 0 
7fea3c9f0000-7fea3caf0000 rw-p 00000000 00:00 0                          [stack:12609]
7fea3caf0000-7fea3caf1000 ---p 00000000 00:00 0 
7fea3caf1000-7fea3cc0f000 rw-p 00000000 00:00 0                          [stack:12608]
7fea3cc0f000-7fea3cc19000 ---p 00000000 00:00 0 
7fea3cc19000-7fea3cc1a000 rw-p 00000000 00:00 0 
7fea3cc1a000-7fea3cd77000 rw-p 00000000 00:00 0 
7fea3cd77000-7fea3cd83000 ---p 00000000 00:00 0 
7fea3cd83000-7fea3ce9b000 rw-p 00000000 00:00 0 
7fea3ce9b000-7fea3ceb9000 rw-p 00000000 00:00 0 
7fea3ceb9000-7fea3cec3000 ---p 00000000 00:00 0 
7fea3cec3000-7fea3cec4000 rw-p 00000000 00:00 0 
7fea3cec4000-7fea3d021000 rw-p 00000000 00:00 0 
7fea3d021000-7fea3d02d000 ---p 00000000 00:00 0 
7fea3d02d000-7fea3d144000 rw-p 00000000 00:00 0 
7fea3d144000-7fea3d285000 rw-p 00000000 00:00 0 
7fea3d285000-7fea3d286000 rw-p 00000000 00:00 0 
7fea3d286000-7fea3d2a0000 r-xp 00000000 07:00 675620                     /usr/lib/jvm/jdk1.7.0_79/jre/lib/amd64/libzip.so
7fea3d2a0000-7fea3d4a0000 ---p 0001a000 07:00 675620                     /usr/lib/jvm/jdk1.7.0_79/jre/lib/amd64/libzip.so
7fea3d4a0000-7fea3d4a1000 rw-p 0001a000 07:00 675620                     /usr/lib/jvm/jdk1.7.0_79/jre/lib/amd64/libzip.so
7fea3d4a1000-7fea3d4ad000 r-xp 00000000 07:00 135120                     /lib/x86_64-linux-gnu/libnss_files-2.15.so
7fea3d4ad000-7fea3d6ac000 ---p 0000c000 07:00 135120                     /lib/x86_64-linux-gnu/libnss_files-2.15.so
7fea3d6ac000-7fea3d6ad000 r--p 0000b000 07:00 135120                     /lib/x86_64-linux-gnu/libnss_files-2.15.so
7fea3d6ad000-7fea3d6ae000 rw-p 0000c000 07:00 135120                     /lib/x86_64-linux-gnu/libnss_files-2.15.so
7fea3d6ae000-7fea3d6b8000 r-xp 00000000 07:00 135124                     /lib/x86_64-linux-gnu/libnss_nis-2.15.so
7fea3d6b8000-7fea3d8b8000 ---p 0000a000 07:00 135124                     /lib/x86_64-linux-gnu/libnss_nis-2.15.so
7fea3d8b8000-7fea3d8b9000 r--p 0000a000 07:00 135124                     /lib/x86_64-linux-gnu/libnss_nis-2.15.so
7fea3d8b9000-7fea3d8ba000 rw-p 0000b000 07:00 135124                     /lib/x86_64-linux-gnu/libnss_nis-2.15.so
7fea3d8ba000-7fea3d8d1000 r-xp 00000000 07:00 135114                     /lib/x86_64-linux-gnu/libnsl-2.15.so
7fea3d8d1000-7fea3dad0000 ---p 00017000 07:00 135114                     /lib/x86_64-linux-gnu/libnsl-2.15.so
7fea3dad0000-7fea3dad1000 r--p 00016000 07:00 135114                     /lib/x86_64-linux-gnu/libnsl-2.15.so
7fea3dad1000-7fea3dad2000 rw-p 00017000 07:00 135114                     /lib/x86_64-linux-gnu/libnsl-2.15.so
7fea3dad2000-7fea3dad4000 rw-p 00000000 00:00 0 
7fea3dad4000-7fea3dadc000 r-xp 00000000 07:00 135116                     /lib/x86_64-linux-gnu/libnss_compat-2.15.so
7fea3dadc000-7fea3dcdb000 ---p 00008000 07:00 135116                     /lib/x86_64-linux-gnu/libnss_compat-2.15.so
7fea3dcdb000-7fea3dcdc000 r--p 00007000 07:00 135116                     /lib/x86_64-linux-gnu/libnss_compat-2.15.so
7fea3dcdc000-7fea3dcdd000 rw-p 00008000 07:00 135116                     /lib/x86_64-linux-gnu/libnss_compat-2.15.so
7fea3dcdd000-7fea3dd06000 r-xp 00000000 07:00 675584                     /usr/lib/jvm/jdk1.7.0_79/jre/lib/amd64/libjava.so
7fea3dd06000-7fea3df06000 ---p 00029000 07:00 675584                     /usr/lib/jvm/jdk1.7.0_79/jre/lib/amd64/libjava.so
7fea3df06000-7fea3df08000 rw-p 00029000 07:00 675584                     /usr/lib/jvm/jdk1.7.0_79/jre/lib/amd64/libjava.so
7fea3df08000-7fea3df15000 r-xp 00000000 07:00 675612                     /usr/lib/jvm/jdk1.7.0_79/jre/lib/amd64/libverify.so
7fea3df15000-7fea3e114000 ---p 0000d000 07:00 675612                     /usr/lib/jvm/jdk1.7.0_79/jre/lib/amd64/libverify.so
7fea3e114000-7fea3e116000 rw-p 0000c000 07:00 675612                     /usr/lib/jvm/jdk1.7.0_79/jre/lib/amd64/libverify.so
7fea3e116000-7fea3e11d000 r-xp 00000000 07:00 135155                     /lib/x86_64-linux-gnu/librt-2.15.so
7fea3e11d000-7fea3e31c000 ---p 00007000 07:00 135155                     /lib/x86_64-linux-gnu/librt-2.15.so
7fea3e31c000-7fea3e31d000 r--p 00006000 07:00 135155                     /lib/x86_64-linux-gnu/librt-2.15.so
7fea3e31d000-7fea3e31e000 rw-p 00007000 07:00 135155                     /lib/x86_64-linux-gnu/librt-2.15.so
7fea3e31e000-7fea3e419000 r-xp 00000000 07:00 135101                     /lib/x86_64-linux-gnu/libm-2.15.so
7fea3e419000-7fea3e618000 ---p 000fb000 07:00 135101                     /lib/x86_64-linux-gnu/libm-2.15.so
7fea3e618000-7fea3e619000 r--p 000fa000 07:00 135101                     /lib/x86_64-linux-gnu/libm-2.15.so
7fea3e619000-7fea3e61a000 rw-p 000fb000 07:00 135101                     /lib/x86_64-linux-gnu/libm-2.15.so
7fea3e61a000-7fea3f18f000 r-xp 00000000 07:00 675654                     /usr/lib/jvm/jdk1.7.0_79/jre/lib/amd64/server/libjvm.so
7fea3f18f000-7fea3f38f000 ---p 00b75000 07:00 675654                     /usr/lib/jvm/jdk1.7.0_79/jre/lib/amd64/server/libjvm.so
7fea3f38f000-7fea3f453000 rw-p 00b75000 07:00 675654                     /usr/lib/jvm/jdk1.7.0_79/jre/lib/amd64/server/libjvm.so
7fea3f453000-7fea3f494000 rw-p 00000000 00:00 0 
7fea3f494000-7fea3f649000 r-xp 00000000 07:00 135069                     /lib/x86_64-linux-gnu/libc-2.15.so
7fea3f649000-7fea3f849000 ---p 001b5000 07:00 135069                     /lib/x86_64-linux-gnu/libc-2.15.so
7fea3f849000-7fea3f84d000 r--p 001b5000 07:00 135069                     /lib/x86_64-linux-gnu/libc-2.15.so
7fea3f84d000-7fea3f84f000 rw-p 001b9000 07:00 135069                     /lib/x86_64-linux-gnu/libc-2.15.so
7fea3f84f000-7fea3f854000 rw-p 00000000 00:00 0 
7fea3f854000-7fea3f856000 r-xp 00000000 07:00 135082                     /lib/x86_64-linux-gnu/libdl-2.15.so
7fea3f856000-7fea3fa56000 ---p 00002000 07:00 135082                     /lib/x86_64-linux-gnu/libdl-2.15.so
7fea3fa56000-7fea3fa57000 r--p 00002000 07:00 135082                     /lib/x86_64-linux-gnu/libdl-2.15.so
7fea3fa57000-7fea3fa58000 rw-p 00003000 07:00 135082                     /lib/x86_64-linux-gnu/libdl-2.15.so
7fea3fa58000-7fea3fa6e000 r-xp 00000000 07:00 808928                     /usr/lib/jvm/jdk1.7.0_79/lib/amd64/jli/libjli.so
7fea3fa6e000-7fea3fc6e000 ---p 00016000 07:00 808928                     /usr/lib/jvm/jdk1.7.0_79/lib/amd64/jli/libjli.so
7fea3fc6e000-7fea3fc6f000 rw-p 00016000 07:00 808928                     /usr/lib/jvm/jdk1.7.0_79/lib/amd64/jli/libjli.so
7fea3fc6f000-7fea3fc87000 r-xp 00000000 07:00 135149                     /lib/x86_64-linux-gnu/libpthread-2.15.so
7fea3fc87000-7fea3fe86000 ---p 00018000 07:00 135149                     /lib/x86_64-linux-gnu/libpthread-2.15.so
7fea3fe86000-7fea3fe87000 r--p 00017000 07:00 135149                     /lib/x86_64-linux-gnu/libpthread-2.15.so
7fea3fe87000-7fea3fe88000 rw-p 00018000 07:00 135149                     /lib/x86_64-linux-gnu/libpthread-2.15.so
7fea3fe88000-7fea3fe8c000 rw-p 00000000 00:00 0 
7fea3fe8c000-7fea3feae000 r-xp 00000000 07:00 135049                     /lib/x86_64-linux-gnu/ld-2.15.so
7fea3feaf000-7fea3feb0000 rw-p 00000000 00:00 0 
7fea3feb0000-7fea3feb3000 r--s 00019000 07:00 675719                     /usr/lib/jvm/jdk1.7.0_79/jre/lib/jce.jar
7fea3feb3000-7fea3fede000 rw-p 00000000 00:00 0 
7fea3fede000-7fea3ff94000 rw-p 00000000 00:00 0 
7fea3ff94000-7fea3ff97000 ---p 00000000 00:00 0 
7fea3ff97000-7fea40099000 rw-p 00000000 00:00 0                          [stack:12607]
7fea40099000-7fea4009d000 r--s 0008b000 07:00 675727                     /usr/lib/jvm/jdk1.7.0_79/jre/lib/jsse.jar
7fea4009d000-7fea4009e000 r--s 00001000 07:00 667276                     /home/crazydog/Downloads/google-api-client-repackaged-com-google-common-base-1.2.3-alpha.jar
7fea4009e000-7fea400a0000 r--s 00014000 07:00 667302                     /home/crazydog/Downloads/cassandra-clientutil-2.2.0-beta1.jar
7fea400a0000-7fea400a2000 r--s 0000e000 07:00 677009                     /home/crazydog/Downloads/jsr166e-1.1.0.jar
7fea400a2000-7fea400aa000 rw-s 00000000 07:00 9578                       /tmp/hsperfdata_crazydog/12600
7fea400aa000-7fea400ab000 rw-p 00000000 00:00 0 
7fea400ab000-7fea400ac000 ---p 00000000 00:00 0 
7fea400ac000-7fea400ae000 rw-p 00000000 00:00 0 
7fea400ae000-7fea400af000 r--p 00022000 07:00 135049                     /lib/x86_64-linux-gnu/ld-2.15.so
7fea400af000-7fea400b1000 rw-p 00023000 07:00 135049                     /lib/x86_64-linux-gnu/ld-2.15.so
7fffaeff8000-7fffaf019000 rw-p 00000000 00:00 0                          [stack]
7fffaf0b2000-7fffaf0b4000 r-xp 00000000 00:00 0                          [vdso]
ffffffffff600000-ffffffffff601000 r-xp 00000000 00:00 0                  [vsyscall]

VM Arguments:
jvm_args: -Dfile.encoding=UTF-8 
java_command: firstSparkApp.GraphWriter youtube graph /home/crazydog/YouTube-dataset/data/youtube.graph.txt local[3] 127.0.0.1
Launcher Type: SUN_STANDARD

Environment Variables:
JAVA_HOME=/usr/lib/jvm/jdk1.7.0_79
PATH=/usr/lib/jvm/jdk1.7.0_79/bin:/usr/lib/lightdm/lightdm:/usr/local/sbin:/usr/local/bin:/usr/sbin:/usr/bin:/sbin:/bin:/usr/games:/usr/lib/apache-maven-3.3.3/bin
SHELL=/bin/bash
DISPLAY=:0.0

Signal Handlers:
SIGSEGV: [libjvm.so+0x9a3bf0], sa_mask[0]=0x7ffbfeff, sa_flags=0x10000004
SIGBUS: [libjvm.so+0x9a3bf0], sa_mask[0]=0x7ffbfeff, sa_flags=0x10000004
SIGFPE: [libjvm.so+0x81cb60], sa_mask[0]=0x7ffbfeff, sa_flags=0x10000004
SIGPIPE: [libjvm.so+0x81cb60], sa_mask[0]=0x7ffbfeff, sa_flags=0x10000004
SIGXFSZ: [libjvm.so+0x81cb60], sa_mask[0]=0x7ffbfeff, sa_flags=0x10000004
SIGILL: [libjvm.so+0x81cb60], sa_mask[0]=0x7ffbfeff, sa_flags=0x10000004
SIGUSR1: SIG_DFL, sa_mask[0]=0x00000000, sa_flags=0x00000000
SIGUSR2: [libjvm.so+0x81e360], sa_mask[0]=0x00000004, sa_flags=0x10000004
SIGHUP: [libjvm.so+0x81f480], sa_mask[0]=0x7ffbfeff, sa_flags=0x10000004
SIGINT: [libjvm.so+0x81f480], sa_mask[0]=0x7ffbfeff, sa_flags=0x10000004
SIGTERM: [libjvm.so+0x81f480], sa_mask[0]=0x7ffbfeff, sa_flags=0x10000004
SIGQUIT: [libjvm.so+0x81f480], sa_mask[0]=0x7ffbfeff, sa_flags=0x10000004


---------------  S Y S T E M  ---------------

OS:wheezy/sid

uname:Linux 3.13.0-32-generic #57~precise1-Ubuntu SMP Tue Jul 15 03:51:20 UTC 2014 x86_64
libc:glibc 2.15 NPTL 2.15 
rlimit: STACK 8192k, CORE 0k, NPROC 61327, NOFILE 4096, AS infinity
load average:2.30 1.27 1.00

/proc/meminfo:
MemTotal:        7870936 kB
MemFree:          188388 kB
Buffers:           12032 kB
Cached:           503280 kB
SwapCached:        25580 kB
Active:          3943888 kB
Inactive:        1164228 kB
Active(anon):    3894864 kB
Inactive(anon):  1105068 kB
Active(file):      49024 kB
Inactive(file):    59160 kB
Unevictable:     2329860 kB
Mlocked:         2327180 kB
SwapTotal:        262140 kB
SwapFree:              0 kB
Dirty:               328 kB
Writeback:             0 kB
AnonPages:       6897480 kB
Mapped:           261092 kB
Shmem:            378016 kB
Slab:              76664 kB
SReclaimable:      33584 kB
SUnreclaim:        43080 kB
KernelStack:        8400 kB
PageTables:        60236 kB
NFS_Unstable:          0 kB
Bounce:                0 kB
WritebackTmp:          0 kB
CommitLimit:     4197608 kB
Committed_AS:   11960240 kB
VmallocTotal:   34359738367 kB
VmallocUsed:      412284 kB
VmallocChunk:   34359315244 kB
HardwareCorrupted:     0 kB
AnonHugePages:   2023424 kB
HugePages_Total:       0
HugePages_Free:        0
HugePages_Rsvd:        0
HugePages_Surp:        0
Hugepagesize:       2048 kB
DirectMap4k:      127000 kB
DirectMap2M:     7952384 kB


CPU:total 4 (2 cores per cpu, 2 threads per core) family 6 model 58 stepping 9, cmov, cx8, fxsr, mmx, sse, sse2, sse3, ssse3, sse4.1, sse4.2, popcnt, avx, aes, erms, ht, tsc, tscinvbit, tscinv

/proc/cpuinfo:
processor	: 0
vendor_id	: GenuineIntel
cpu family	: 6
model		: 58
model name	: Intel(R) Core(TM) i7-3520M CPU @ 2.90GHz
stepping	: 9
microcode	: 0x17
cpu MHz		: 2901.000
cache size	: 4096 KB
physical id	: 0
siblings	: 4
core id		: 0
cpu cores	: 2
apicid		: 0
initial apicid	: 0
fpu		: yes
fpu_exception	: yes
cpuid level	: 13
wp		: yes
flags		: fpu vme de pse tsc msr pae mce cx8 apic sep mtrr pge mca cmov pat pse36 clflush dts acpi mmx fxsr sse sse2 ss ht tm pbe syscall nx rdtscp lm constant_tsc arch_perfmon pebs bts rep_good nopl xtopology nonstop_tsc aperfmperf eagerfpu pni pclmulqdq dtes64 monitor ds_cpl vmx smx est tm2 ssse3 cx16 xtpr pdcm pcid sse4_1 sse4_2 x2apic popcnt tsc_deadline_timer aes xsave avx f16c rdrand lahf_lm ida arat epb xsaveopt pln pts dtherm tpr_shadow vnmi flexpriority ept vpid fsgsbase smep erms
bogomips	: 5786.38
clflush size	: 64
cache_alignment	: 64
address sizes	: 36 bits physical, 48 bits virtual
power management:

processor	: 1
vendor_id	: GenuineIntel
cpu family	: 6
model		: 58
model name	: Intel(R) Core(TM) i7-3520M CPU @ 2.90GHz
stepping	: 9
microcode	: 0x17
cpu MHz		: 2901.000
cache size	: 4096 KB
physical id	: 0
siblings	: 4
core id		: 0
cpu cores	: 2
apicid		: 1
initial apicid	: 1
fpu		: yes
fpu_exception	: yes
cpuid level	: 13
wp		: yes
flags		: fpu vme de pse tsc msr pae mce cx8 apic sep mtrr pge mca cmov pat pse36 clflush dts acpi mmx fxsr sse sse2 ss ht tm pbe syscall nx rdtscp lm constant_tsc arch_perfmon pebs bts rep_good nopl xtopology nonstop_tsc aperfmperf eagerfpu pni pclmulqdq dtes64 monitor ds_cpl vmx smx est tm2 ssse3 cx16 xtpr pdcm pcid sse4_1 sse4_2 x2apic popcnt tsc_deadline_timer aes xsave avx f16c rdrand lahf_lm ida arat epb xsaveopt pln pts dtherm tpr_shadow vnmi flexpriority ept vpid fsgsbase smep erms
bogomips	: 5786.38
clflush size	: 64
cache_alignment	: 64
address sizes	: 36 bits physical, 48 bits virtual
power management:

processor	: 2
vendor_id	: GenuineIntel
cpu family	: 6
model		: 58
model name	: Intel(R) Core(TM) i7-3520M CPU @ 2.90GHz
stepping	: 9
microcode	: 0x17
cpu MHz		: 2200.000
cache size	: 4096 KB
physical id	: 0
siblings	: 4
core id		: 1
cpu cores	: 2
apicid		: 2
initial apicid	: 2
fpu		: yes
fpu_exception	: yes
cpuid level	: 13
wp		: yes
flags		: fpu vme de pse tsc msr pae mce cx8 apic sep mtrr pge mca cmov pat pse36 clflush dts acpi mmx fxsr sse sse2 ss ht tm pbe syscall nx rdtscp lm constant_tsc arch_perfmon pebs bts rep_good nopl xtopology nonstop_tsc aperfmperf eagerfpu pni pclmulqdq dtes64 monitor ds_cpl vmx smx est tm2 ssse3 cx16 xtpr pdcm pcid sse4_1 sse4_2 x2apic popcnt tsc_deadline_timer aes xsave avx f16c rdrand lahf_lm ida arat epb xsaveopt pln pts dtherm tpr_shadow vnmi flexpriority ept vpid fsgsbase smep erms
bogomips	: 5786.38
clflush size	: 64
cache_alignment	: 64
address sizes	: 36 bits physical, 48 bits virtual
power management:

processor	: 3
vendor_id	: GenuineIntel
cpu family	: 6
model		: 58
model name	: Intel(R) Core(TM) i7-3520M CPU @ 2.90GHz
stepping	: 9
microcode	: 0x17
cpu MHz		: 1200.000
cache size	: 4096 KB
physical id	: 0
siblings	: 4
core id		: 1
cpu cores	: 2
apicid		: 3
initial apicid	: 3
fpu		: yes
fpu_exception	: yes
cpuid level	: 13
wp		: yes
flags		: fpu vme de pse tsc msr pae mce cx8 apic sep mtrr pge mca cmov pat pse36 clflush dts acpi mmx fxsr sse sse2 ss ht tm pbe syscall nx rdtscp lm constant_tsc arch_perfmon pebs bts rep_good nopl xtopology nonstop_tsc aperfmperf eagerfpu pni pclmulqdq dtes64 monitor ds_cpl vmx smx est tm2 ssse3 cx16 xtpr pdcm pcid sse4_1 sse4_2 x2apic popcnt tsc_deadline_timer aes xsave avx f16c rdrand lahf_lm ida arat epb xsaveopt pln pts dtherm tpr_shadow vnmi flexpriority ept vpid fsgsbase smep erms
bogomips	: 5786.38
clflush size	: 64
cache_alignment	: 64
address sizes	: 36 bits physical, 48 bits virtual
power management:



Memory: 4k page, physical 7870936k(188388k free), swap 262140k(0k free)

vm_info: Java HotSpot(TM) 64-Bit Server VM (24.79-b02) for linux-amd64 JRE (1.7.0_79-b15), built on Apr 10 2015 11:34:48 by "java_re" with gcc 4.3.0 20080428 (Red Hat 4.3.0-8)

time: Tue Oct 20 16:19:52 2015
elapsed time: 27 seconds

