#
# There is insufficient memory for the Java Runtime Environment to continue.
# Native memory allocation (malloc) failed to allocate 222298112 bytes for committing reserved memory.
# Possible reasons:
#   The system is out of physical RAM or swap space
#   In 32 bit mode, the process size limit was hit
# Possible solutions:
#   Reduce memory load on the system
#   Increase physical memory or swap space
#   Check if swap backing store is full
#   Use 64 bit Java on a 64 bit OS
#   Decrease Java heap size (-Xmx/-Xms)
#   Decrease number of Java threads
#   Decrease Java thread stack sizes (-Xss)
#   Set larger code cache with -XX:ReservedCodeCacheSize=
# This output file may be truncated or incomplete.
#
#  Out of Memory Error (os_linux.cpp:2756), pid=6501, tid=140370303022848
#
# JRE version: Java(TM) SE Runtime Environment (7.0_79-b15) (build 1.7.0_79-b15)
# Java VM: Java HotSpot(TM) 64-Bit Server VM (24.79-b02 mixed mode linux-amd64 compressed oops)
# Failed to write core dump. Core dumps have been disabled. To enable core dumping, try "ulimit -c unlimited" before starting Java again
#

---------------  T H R E A D  ---------------

Current thread (0x00007faa8806a000):  VMThread [stack: 0x00007faa81fc7000,0x00007faa820c8000] [id=6512]

Stack: [0x00007faa81fc7000,0x00007faa820c8000],  sp=0x00007faa820c62f0,  free space=1020k
Native frames: (J=compiled Java code, j=interpreted, Vv=VM code, C=native code)
V  [libjvm.so+0x9a32da]  VMError::report_and_die()+0x2ea
V  [libjvm.so+0x497f7b]  report_vm_out_of_memory(char const*, int, unsigned long, char const*)+0x9b
V  [libjvm.so+0x81fcce]  os::Linux::commit_memory_impl(char*, unsigned long, bool)+0xfe
V  [libjvm.so+0x820219]  os::pd_commit_memory(char*, unsigned long, unsigned long, bool)+0x29
V  [libjvm.so+0x819faa]  os::commit_memory(char*, unsigned long, unsigned long, bool)+0x2a
V  [libjvm.so+0x88d863]  PSVirtualSpace::expand_by(unsigned long)+0x53
V  [libjvm.so+0x87ccc0]  PSOldGen::expand(unsigned long)+0x170
V  [libjvm.so+0x87cecb]  PSOldGen::resize(unsigned long)+0x1cb
V  [libjvm.so+0x885b91]  PSParallelCompact::invoke_no_policy(bool)+0x9b1
V  [libjvm.so+0x88bb0d]  PSScavenge::invoke()+0x1ad
V  [libjvm.so+0x842320]  ParallelScavengeHeap::failed_mem_allocate(unsigned long)+0x70
V  [libjvm.so+0x9a4b67]  VM_ParallelGCFailedAllocation::doit()+0x97
V  [libjvm.so+0x9ac005]  VM_Operation::evaluate()+0x55
V  [libjvm.so+0x9aa3ca]  VMThread::evaluate_operation(VM_Operation*)+0xba
V  [libjvm.so+0x9aa74e]  VMThread::loop()+0x1ce
V  [libjvm.so+0x9aabc0]  VMThread::run()+0x70
V  [libjvm.so+0x821ca8]  java_start(Thread*)+0x108

VM_Operation (0x00007faa4cc9c380): ParallelGCFailedAllocation, mode: safepoint, requested by thread 0x00007faa3402d000


---------------  P R O C E S S  ---------------

Java Threads: ( => current thread )
  0x00007faa38041800 JavaThread "sparkDriver-akka.actor.default-dispatcher-18" daemon [_thread_blocked, id=6942, stack(0x00007fa9faefe000,0x00007fa9fafff000)]
  0x00007faa24008800 JavaThread "sparkDriver-akka.actor.default-dispatcher-17" daemon [_thread_blocked, id=6941, stack(0x00007faa4ca9c000,0x00007faa4cb9d000)]
  0x00007faa400a3800 JavaThread "sparkDriver-akka.actor.default-dispatcher-16" daemon [_thread_blocked, id=6847, stack(0x00007fa9fa8f8000,0x00007fa9fa9f9000)]
  0x00007faa5400b000 JavaThread "ForkJoinPool-5-worker-7" daemon [_thread_blocked, id=6846, stack(0x00007fa9facfc000,0x00007fa9fadfd000)]
  0x00007faa5ca0a800 JavaThread "ForkJoinPool-3-worker-7" daemon [_thread_blocked, id=6783, stack(0x00007fa9fa6f6000,0x00007fa9fa7f7000)]
  0x00007faa3c01e000 JavaThread "ForkJoinPool-3-worker-19" daemon [_thread_blocked, id=6782, stack(0x00007fa9fa4f4000,0x00007fa9fa5f5000)]
  0x00007faa30117800 JavaThread "ForkJoinPool-3-worker-15" daemon [_thread_blocked, id=6780, stack(0x00007faa003f1000,0x00007faa004f2000)]
  0x00007faa30114800 JavaThread "ForkJoinPool-3-worker-1" daemon [_thread_blocked, id=6637, stack(0x00007fa9fa7f7000,0x00007fa9fa8f8000)]
  0x00007faa24005800 JavaThread "ForkJoinPool-3-worker-5" daemon [_thread_blocked, id=6635, stack(0x00007fa9fa9f9000,0x00007fa9faafa000)]
  0x00007faa24003800 JavaThread "ForkJoinPool-3-worker-23" daemon [_thread_blocked, id=6634, stack(0x00007fa9faafa000,0x00007fa9fabfb000)]
  0x00007faa14007000 JavaThread "ForkJoinPool-3-worker-13" daemon [_thread_blocked, id=6631, stack(0x00007fa9fadfd000,0x00007fa9faefe000)]
  0x00007faa24001800 JavaThread "ForkJoinPool-3-worker-31" daemon [_thread_blocked, id=6629, stack(0x00007faa000ee000,0x00007faa001ef000)]
  0x00007faa20003000 JavaThread "ForkJoinPool-3-worker-21" daemon [_thread_blocked, id=6627, stack(0x00007faa002f0000,0x00007faa003f1000)]
  0x00007faa14003800 JavaThread "ForkJoinPool-3-worker-11" daemon [_thread_blocked, id=6624, stack(0x00007faa005f3000,0x00007faa006f4000)]
  0x00007faa14002000 JavaThread "ForkJoinPool-3-worker-29" daemon [_thread_blocked, id=6623, stack(0x00007faa006f4000,0x00007faa007f5000)]
  0x00007faa88bac000 JavaThread "pool-5-thread-1" daemon [_thread_blocked, id=6613, stack(0x00007faa4c395000,0x00007faa4c496000)]
  0x00007faa38023800 JavaThread "sparkDriver-akka.actor.default-dispatcher-15" daemon [_thread_blocked, id=6612, stack(0x00007faa4c496000,0x00007faa4c597000)]
  0x00007faa3c017000 JavaThread "Executor task launch worker-3" daemon [_thread_blocked, id=6611, stack(0x00007faa4c597000,0x00007faa4c698000)]
  0x00007faa34035800 JavaThread "task-result-getter-3" daemon [_thread_blocked, id=6610, stack(0x00007faa4c698000,0x00007faa4c799000)]
  0x00007faa34034800 JavaThread "task-result-getter-2" daemon [_thread_blocked, id=6609, stack(0x00007faa4c799000,0x00007faa4c89a000)]
  0x00007faa34032000 JavaThread "task-result-getter-1" daemon [_thread_blocked, id=6608, stack(0x00007faa4c89a000,0x00007faa4c99b000)]
  0x00007faa34031000 JavaThread "task-result-getter-0" daemon [_thread_blocked, id=6607, stack(0x00007faa4c99b000,0x00007faa4ca9c000)]
  0x00007faa3402d000 JavaThread "Executor task launch worker-1" daemon [_thread_blocked, id=6605, stack(0x00007faa4cb9d000,0x00007faa4cc9e000)]
  0x00007faa3402b000 JavaThread "Executor task launch worker-0" daemon [_thread_blocked, id=6604, stack(0x00007faa4cc9e000,0x00007faa4cd9f000)]
  0x00007faa889f9800 JavaThread "Spark Context Cleaner" daemon [_thread_blocked, id=6593, stack(0x00007faa4d1f2000,0x00007faa4d2f3000)]
  0x00007faa889f8000 JavaThread "SparkListenerBus" daemon [_thread_blocked, id=6592, stack(0x00007faa4d4a5000,0x00007faa4d5a6000)]
  0x00007faa88897800 JavaThread "shuffle-server-0" daemon [_thread_blocked, id=6590, stack(0x00007faa4d2f3000,0x00007faa4d3f4000)]
  0x00007faa40039800 JavaThread "Driver Heartbeater" daemon [_thread_blocked, id=6588, stack(0x00007faa4d5a6000,0x00007faa4d6a7000)]
  0x00007faa8833f800 JavaThread "Timer-0" daemon [_thread_blocked, id=6586, stack(0x00007faa4d6a7000,0x00007faa4d7a8000)]
  0x00007faa8809c000 JavaThread "qtp1136428634-49" daemon [_thread_blocked, id=6585, stack(0x00007faa4d7a8000,0x00007faa4d8a9000)]
  0x00007faa88152800 JavaThread "qtp1136428634-48" daemon [_thread_blocked, id=6584, stack(0x00007faa4d8a9000,0x00007faa4d9aa000)]
  0x00007faa88150800 JavaThread "qtp1136428634-47" daemon [_thread_blocked, id=6583, stack(0x00007faa4d9aa000,0x00007faa4daab000)]
  0x00007faa8814e800 JavaThread "qtp1136428634-46" daemon [_thread_blocked, id=6582, stack(0x00007faa4daab000,0x00007faa4dbac000)]
  0x00007faa88325800 JavaThread "qtp1136428634-45" daemon [_thread_blocked, id=6581, stack(0x00007faa4dbac000,0x00007faa4dcad000)]
  0x00007faa88323800 JavaThread "qtp1136428634-44" daemon [_thread_blocked, id=6580, stack(0x00007faa4dcad000,0x00007faa4ddae000)]
  0x00007faa88322000 JavaThread "qtp1136428634-43 Acceptor0 SelectChannelConnector@0.0.0.0:4040" daemon [_thread_in_native, id=6579, stack(0x00007faa4ddae000,0x00007faa4deaf000)]
  0x00007faa88320800 JavaThread "qtp1136428634-42 Selector0" daemon [_thread_blocked, id=6578, stack(0x00007faa4deaf000,0x00007faa4dfb0000)]
  0x00007faa886e5800 JavaThread "SPARK_CONTEXT cleanup timer" daemon [_thread_blocked, id=6559, stack(0x00007faa4dfb0000,0x00007faa4e0b1000)]
  0x00007faa886da000 JavaThread "qtp2087272545-39" daemon [_thread_blocked, id=6558, stack(0x00007faa4e0b1000,0x00007faa4e1b2000)]
  0x00007faa886d8000 JavaThread "qtp2087272545-38" daemon [_thread_blocked, id=6557, stack(0x00007faa4e1b2000,0x00007faa4e2b3000)]
  0x00007faa886d5800 JavaThread "qtp2087272545-37" daemon [_thread_blocked, id=6556, stack(0x00007faa4e2b3000,0x00007faa4e3b4000)]
  0x00007faa886d4000 JavaThread "qtp2087272545-36" daemon [_thread_blocked, id=6555, stack(0x00007faa4e3b4000,0x00007faa4e4b5000)]
  0x00007faa886d2800 JavaThread "qtp2087272545-35" daemon [_thread_blocked, id=6554, stack(0x00007faa4e4b5000,0x00007faa4e5b6000)]
  0x00007faa886d1000 JavaThread "qtp2087272545-34" daemon [_thread_blocked, id=6553, stack(0x00007faa4e5b6000,0x00007faa4e6b7000)]
  0x00007faa886cf800 JavaThread "qtp2087272545-33" daemon [_thread_blocked, id=6552, stack(0x00007faa4e6b7000,0x00007faa4e7b8000)]
  0x00007faa886cb000 JavaThread "qtp2087272545-32 Acceptor0 SocketConnector@0.0.0.0:35794" daemon [_thread_in_native, id=6551, stack(0x00007faa4e7b8000,0x00007faa4e8b9000)]
  0x00007faa88697800 JavaThread "BROADCAST_VARS cleanup timer" daemon [_thread_blocked, id=6550, stack(0x00007faa4e8b9000,0x00007faa4e9ba000)]
  0x00007faa88696800 JavaThread "BLOCK_MANAGER cleanup timer" daemon [_thread_blocked, id=6549, stack(0x00007faa4e9ba000,0x00007faa4eabb000)]
  0x00007faa8856c800 JavaThread "MAP_OUTPUT_TRACKER cleanup timer" daemon [_thread_blocked, id=6536, stack(0x00007faa4ecc3000,0x00007faa4edc4000)]
  0x00007faa3006f000 JavaThread "New I/O server boss #6" daemon [_thread_in_native, id=6535, stack(0x00007faa4edc4000,0x00007faa4eec5000)]
  0x00007faa30070800 JavaThread "New I/O worker #5" daemon [_thread_blocked, id=6534, stack(0x00007faa4eec5000,0x00007faa4efc6000)]
  0x00007faa30075000 JavaThread "New I/O worker #4" daemon [_thread_blocked, id=6533, stack(0x00007faa4efc6000,0x00007faa4f0c7000)]
  0x00007faa30018000 JavaThread "New I/O boss #3" daemon [_thread_blocked, id=6532, stack(0x00007faa4f0c7000,0x00007faa4f1c8000)]
  0x00007faa30016800 JavaThread "New I/O worker #2" daemon [_thread_blocked, id=6531, stack(0x00007faa4f1c8000,0x00007faa4f2c9000)]
  0x00007faa30030800 JavaThread "New I/O worker #1" daemon [_thread_blocked, id=6530, stack(0x00007faa4f2c9000,0x00007faa4f3ca000)]
  0x00007faa88550800 JavaThread "sparkDriver-akka.remote.default-remote-dispatcher-7" daemon [_thread_blocked, id=6529, stack(0x00007faa4f3ca000,0x00007faa4f4cb000)]
  0x00007faa38003000 JavaThread "sparkDriver-akka.remote.default-remote-dispatcher-6" daemon [_thread_blocked, id=6528, stack(0x00007faa4f4cb000,0x00007faa4f5cc000)]
  0x00007faa3c015000 JavaThread "sparkDriver-akka.actor.default-dispatcher-5" daemon [_thread_blocked, id=6527, stack(0x00007faa4f5cc000,0x00007faa4f6cd000)]
  0x00007faa3c014000 JavaThread "sparkDriver-akka.actor.default-dispatcher-4" daemon [_thread_blocked, id=6526, stack(0x00007faa4f6cd000,0x00007faa4f7ce000)]
  0x00007faa8852a000 JavaThread "sparkDriver-akka.actor.default-dispatcher-3" daemon [_thread_blocked, id=6525, stack(0x00007faa4f7ce000,0x00007faa4f8cf000)]
  0x00007faa8851f800 JavaThread "sparkDriver-akka.actor.default-dispatcher-2" daemon [_thread_blocked, id=6524, stack(0x00007faa4f8cf000,0x00007faa4f9d0000)]
  0x00007faa884a0800 JavaThread "sparkDriver-scheduler-1" daemon [_thread_blocked, id=6523, stack(0x00007faa7805f000,0x00007faa78160000)]
  0x00007faa8809a000 JavaThread "Service Thread" daemon [_thread_blocked, id=6518, stack(0x00007faa812dd000,0x00007faa813de000)]
  0x00007faa88097800 JavaThread "C2 CompilerThread1" daemon [_thread_blocked, id=6517, stack(0x00007faa813de000,0x00007faa814df000)]
  0x00007faa88094800 JavaThread "C2 CompilerThread0" daemon [_thread_blocked, id=6516, stack(0x00007faa814df000,0x00007faa815e0000)]
  0x00007faa88092800 JavaThread "Signal Dispatcher" daemon [_thread_blocked, id=6515, stack(0x00007faa815e0000,0x00007faa816e1000)]
  0x00007faa88070000 JavaThread "Finalizer" daemon [_thread_blocked, id=6514, stack(0x00007faa81dc5000,0x00007faa81ec6000)]
  0x00007faa8806e000 JavaThread "Reference Handler" daemon [_thread_blocked, id=6513, stack(0x00007faa81ec6000,0x00007faa81fc7000)]
  0x00007faa8800a000 JavaThread "main" [_thread_blocked, id=6507, stack(0x00007faa8df1a000,0x00007faa8e01b000)]

Other Threads:
=>0x00007faa8806a000 VMThread [stack: 0x00007faa81fc7000,0x00007faa820c8000] [id=6512]
  0x00007faa880a4800 WatcherThread [stack: 0x00007faa811dc000,0x00007faa812dd000] [id=6519]

VM state:at safepoint (normal execution)

VM Mutex/Monitor currently owned by a thread:  ([mutex/lock_event])
[0x00007faa88005ed0] ExpandHeap_lock - owner thread: 0x00007faa8806a000
[0x00007faa88006550] Threads_lock - owner thread: 0x00007faa8806a000
[0x00007faa88006a50] Heap_lock - owner thread: 0x00007faa3402d000

Heap
 PSYoungGen      total 451584K, used 63695K [0x00000000d7f00000, 0x0000000100000000, 0x0000000100000000)
  eden space 297984K, 0% used [0x00000000d7f00000,0x00000000d7f00000,0x00000000ea200000)
  from space 153600K, 41% used [0x00000000ea200000,0x00000000ee033f08,0x00000000f3800000)
  to   space 199680K, 0% used [0x00000000f3d00000,0x00000000f3d00000,0x0000000100000000)
 ParOldGen       total 399360K, used 398205K [0x0000000087e00000, 0x00000000a0400000, 0x00000000d7f00000)
  object space 399360K, 99% used [0x0000000087e00000,0x00000000a02df4d0,0x00000000a0400000)
 PSPermGen       total 83968K, used 55075K [0x0000000082c00000, 0x0000000087e00000, 0x0000000087e00000)
  object space 83968K, 65% used [0x0000000082c00000,0x00000000861c8c38,0x0000000087e00000)

Card table byte_map: [0x00007faa83d85000,0x00007faa84170000] byte_map_base: 0x00007faa8396f000

Polling page: 0x00007faa8e031000

Code Cache  [0x00007faa84170000, 0x00007faa845b0000, 0x00007faa87170000)
 total_blobs=2424 nmethods=1981 adapters=395 free_code_cache=44941Kb largest_free_block=45940288

Compilation events (10 events):
Event: 68.017 Thread 0x00007faa88094800 nmethod 2089 0x00007faa8458fb50 code [0x00007faa8458ff20, 0x00007faa84591180]
Event: 68.018 Thread 0x00007faa88094800 2092             firstSparkApp.DanAlgorithm$$anonfun$run$5::apply (12 bytes)
Event: 68.026 Thread 0x00007faa88094800 nmethod 2092 0x00007faa8458a310 code [0x00007faa8458a520, 0x00007faa8458aa70]
Event: 68.026 Thread 0x00007faa88094800 2093             scala.collection.immutable.HashSet$HashTrieSet::get0 (88 bytes)
Event: 68.056 Thread 0x00007faa88094800 nmethod 2093 0x00007faa84598910 code [0x00007faa84598c20, 0x00007faa84599a70]
Event: 68.057 Thread 0x00007faa88097800 nmethod 2091 0x00007faa8459b290 code [0x00007faa8459b740, 0x00007faa8459d0f8]
Event: 68.321 Thread 0x00007faa88094800 2094             scala.runtime.ScalaRunTime$::array_update (256 bytes)
Event: 68.324 Thread 0x00007faa88094800 nmethod 2094 0x00007faa84598090 code [0x00007faa84598220, 0x00007faa84598508]
Event: 69.573 Thread 0x00007faa88097800 2095             java.io.ObjectOutputStream$BlockDataOutputStream::writeBlockHeader (70 bytes)
Event: 69.575 Thread 0x00007faa88097800 nmethod 2095 0x00007faa84589e50 code [0x00007faa84589fc0, 0x00007faa8458a148]

GC Heap History (10 events):
Event: 56.791 GC heap after
Heap after GC invocations=20 (full 3):
 PSYoungGen      total 445952K, used 88576K [0x00000000d7f00000, 0x00000000ff300000, 0x0000000100000000)
  eden space 329216K, 0% used [0x00000000d7f00000,0x00000000d7f00000,0x00000000ec080000)
  from space 116736K, 75% used [0x00000000ec080000,0x00000000f1700040,0x00000000f3280000)
  to   space 126976K, 0% used [0x00000000f7700000,0x00000000f7700000,0x00000000ff300000)
 ParOldGen       total 399360K, used 294996K [0x0000000087e00000, 0x00000000a0400000, 0x00000000d7f00000)
  object space 399360K, 73% used [0x0000000087e00000,0x0000000099e15398,0x00000000a0400000)
 PSPermGen       total 83968K, used 54903K [0x0000000082c00000, 0x0000000087e00000, 0x0000000087e00000)
  object space 83968K, 65% used [0x0000000082c00000,0x000000008619df08,0x0000000087e00000)
}
Event: 59.674 GC heap before
{Heap before GC invocations=21 (full 3):
 PSYoungGen      total 445952K, used 417792K [0x00000000d7f00000, 0x00000000ff300000, 0x0000000100000000)
  eden space 329216K, 100% used [0x00000000d7f00000,0x00000000ec080000,0x00000000ec080000)
  from space 116736K, 75% used [0x00000000ec080000,0x00000000f1700040,0x00000000f3280000)
  to   space 126976K, 0% used [0x00000000f7700000,0x00000000f7700000,0x00000000ff300000)
 ParOldGen       total 399360K, used 294998K [0x0000000087e00000, 0x00000000a0400000, 0x00000000d7f00000)
  object space 399360K, 73% used [0x0000000087e00000,0x0000000099e15b48,0x00000000a0400000)
 PSPermGen       total 83968K, used 54937K [0x0000000082c00000, 0x0000000087e00000, 0x0000000087e00000)
  object space 83968K, 65% used [0x0000000082c00000,0x00000000861a6428,0x0000000087e00000)
Event: 59.803 GC heap after
Heap after GC invocations=21 (full 3):
 PSYoungGen      total 502784K, used 104081K [0x00000000d7f00000, 0x0000000100000000, 0x0000000100000000)
  eden space 375808K, 0% used [0x00000000d7f00000,0x00000000d7f00000,0x00000000eee00000)
  from space 126976K, 81% used [0x00000000f7700000,0x00000000fdca4750,0x00000000ff300000)
  to   space 140288K, 0% used [0x00000000eee00000,0x00000000eee00000,0x00000000f7700000)
 ParOldGen       total 399360K, used 294998K [0x0000000087e00000, 0x00000000a0400000, 0x00000000d7f00000)
  object space 399360K, 73% used [0x0000000087e00000,0x0000000099e15b48,0x00000000a0400000)
 PSPermGen       total 83968K, used 54937K [0x0000000082c00000, 0x0000000087e00000, 0x0000000087e00000)
  object space 83968K, 65% used [0x0000000082c00000,0x00000000861a6428,0x0000000087e00000)
}
Event: 68.121 GC heap before
{Heap before GC invocations=22 (full 3):
 PSYoungGen      total 502784K, used 479889K [0x00000000d7f00000, 0x0000000100000000, 0x0000000100000000)
  eden space 375808K, 100% used [0x00000000d7f00000,0x00000000eee00000,0x00000000eee00000)
  from space 126976K, 81% used [0x00000000f7700000,0x00000000fdca4750,0x00000000ff300000)
  to   space 140288K, 0% used [0x00000000eee00000,0x00000000eee00000,0x00000000f7700000)
 ParOldGen       total 399360K, used 294998K [0x0000000087e00000, 0x00000000a0400000, 0x00000000d7f00000)
  object space 399360K, 73% used [0x0000000087e00000,0x0000000099e15b48,0x00000000a0400000)
 PSPermGen       total 83968K, used 55074K [0x0000000082c00000, 0x0000000087e00000, 0x0000000087e00000)
  object space 83968K, 65% used [0x0000000082c00000,0x00000000861c8b40,0x0000000087e00000)
Event: 68.256 GC heap after
Heap after GC invocations=22 (full 3):
 PSYoungGen      total 488960K, used 112748K [0x00000000d7f00000, 0x0000000100000000, 0x0000000100000000)
  eden space 375808K, 0% used [0x00000000d7f00000,0x00000000d7f00000,0x00000000eee00000)
  from space 113152K, 99% used [0x00000000eee00000,0x00000000f5c1b170,0x00000000f5c80000)
  to   space 153600K, 0% used [0x00000000f6a00000,0x00000000f6a00000,0x0000000100000000)
 ParOldGen       total 399360K, used 294998K [0x0000000087e00000, 0x00000000a0400000, 0x00000000d7f00000)
  object space 399360K, 73% used [0x0000000087e00000,0x0000000099e15b48,0x00000000a0400000)
 PSPermGen       total 83968K, used 55074K [0x0000000082c00000, 0x0000000087e00000, 0x0000000087e00000)
  object space 83968K, 65% used [0x0000000082c00000,0x00000000861c8b40,0x0000000087e00000)
}
Event: 68.879 GC heap before
{Heap before GC invocations=23 (full 3):
 PSYoungGen      total 488960K, used 488556K [0x00000000d7f00000, 0x0000000100000000, 0x0000000100000000)
  eden space 375808K, 100% used [0x00000000d7f00000,0x00000000eee00000,0x00000000eee00000)
  from space 113152K, 99% used [0x00000000eee00000,0x00000000f5c1b170,0x00000000f5c80000)
  to   space 153600K, 0% used [0x00000000f6a00000,0x00000000f6a00000,0x0000000100000000)
 ParOldGen       total 399360K, used 294998K [0x0000000087e00000, 0x00000000a0400000, 0x00000000d7f00000)
  object space 399360K, 73% used [0x0000000087e00000,0x0000000099e15b48,0x00000000a0400000)
 PSPermGen       total 83968K, used 55075K [0x0000000082c00000, 0x0000000087e00000, 0x0000000087e00000)
  object space 83968K, 65% used [0x0000000082c00000,0x00000000861c8c68,0x0000000087e00000)
Event: 69.077 GC heap after
Heap after GC invocations=23 (full 3):
 PSYoungGen      total 451584K, used 152302K [0x00000000d7f00000, 0x0000000100000000, 0x0000000100000000)
  eden space 297984K, 0% used [0x00000000d7f00000,0x00000000d7f00000,0x00000000ea200000)
  from space 153600K, 99% used [0x00000000f6a00000,0x00000000ffebbb40,0x0000000100000000)
  to   space 179200K, 0% used [0x00000000ea200000,0x00000000ea200000,0x00000000f5100000)
 ParOldGen       total 399360K, used 302038K [0x0000000087e00000, 0x00000000a0400000, 0x00000000d7f00000)
  object space 399360K, 75% used [0x0000000087e00000,0x000000009a4f5b78,0x00000000a0400000)
 PSPermGen       total 83968K, used 55075K [0x0000000082c00000, 0x0000000087e00000, 0x0000000087e00000)
  object space 83968K, 65% used [0x0000000082c00000,0x00000000861c8c68,0x0000000087e00000)
}
Event: 69.742 GC heap before
{Heap before GC invocations=24 (full 3):
 PSYoungGen      total 451584K, used 443852K [0x00000000d7f00000, 0x0000000100000000, 0x0000000100000000)
  eden space 297984K, 97% used [0x00000000d7f00000,0x00000000e9bb7730,0x00000000ea200000)
  from space 153600K, 99% used [0x00000000f6a00000,0x00000000ffebbb40,0x0000000100000000)
  to   space 179200K, 0% used [0x00000000ea200000,0x00000000ea200000,0x00000000f5100000)
 ParOldGen       total 399360K, used 302038K [0x0000000087e00000, 0x00000000a0400000, 0x00000000d7f00000)
  object space 399360K, 75% used [0x0000000087e00000,0x000000009a4f5b78,0x00000000a0400000)
 PSPermGen       total 83968K, used 55076K [0x0000000082c00000, 0x0000000087e00000, 0x0000000087e00000)
  object space 83968K, 65% used [0x0000000082c00000,0x00000000861c9000,0x0000000087e00000)
Event: 69.891 GC heap after
Heap after GC invocations=24 (full 3):
 PSYoungGen      total 451584K, used 153404K [0x00000000d7f00000, 0x0000000100000000, 0x0000000100000000)
  eden space 297984K, 0% used [0x00000000d7f00000,0x00000000d7f00000,0x00000000ea200000)
  from space 153600K, 99% used [0x00000000ea200000,0x00000000f37cf0c8,0x00000000f3800000)
  to   space 199680K, 0% used [0x00000000f3d00000,0x00000000f3d00000,0x0000000100000000)
 ParOldGen       total 399360K, used 355034K [0x0000000087e00000, 0x00000000a0400000, 0x00000000d7f00000)
  object space 399360K, 88% used [0x0000000087e00000,0x000000009d8b6bb8,0x00000000a0400000)
 PSPermGen       total 83968K, used 55076K [0x0000000082c00000, 0x0000000087e00000, 0x0000000087e00000)
  object space 83968K, 65% used [0x0000000082c00000,0x00000000861c9000,0x0000000087e00000)
}
Event: 69.891 GC heap before
{Heap before GC invocations=25 (full 4):
 PSYoungGen      total 451584K, used 153404K [0x00000000d7f00000, 0x0000000100000000, 0x0000000100000000)
  eden space 297984K, 0% used [0x00000000d7f00000,0x00000000d7f00000,0x00000000ea200000)
  from space 153600K, 99% used [0x00000000ea200000,0x00000000f37cf0c8,0x00000000f3800000)
  to   space 199680K, 0% used [0x00000000f3d00000,0x00000000f3d00000,0x0000000100000000)
 ParOldGen       total 399360K, used 355034K [0x0000000087e00000, 0x00000000a0400000, 0x00000000d7f00000)
  object space 399360K, 88% used [0x0000000087e00000,0x000000009d8b6bb8,0x00000000a0400000)
 PSPermGen       total 83968K, used 55076K [0x0000000082c00000, 0x0000000087e00000, 0x0000000087e00000)
  object space 83968K, 65% used [0x0000000082c00000,0x00000000861c9000,0x0000000087e00000)

Deoptimization events (10 events):
Event: 65.495 Thread 0x00007faa3c017000 Uncommon trap: reason=class_check action=maybe_recompile pc=0x00007faa84573fac method=org.apache.spark.util.Utils$.getIteratorSize(Lscala/collection/Iterator;)J @ 3
Event: 67.482 Thread 0x00007faa8852a000 Uncommon trap: reason=class_check action=maybe_recompile pc=0x00007faa84253cdc method=java.util.zip.InflaterInputStream.read([BII)I @ 100
Event: 67.987 Thread 0x00007faa3402d000 Uncommon trap: reason=class_check action=maybe_recompile pc=0x00007faa84583ce0 method=scala.collection.immutable.HashSet.contains(Ljava/lang/Object;)Z @ 8
Event: 67.987 Thread 0x00007faa3402d000 Uncommon trap: reason=class_check action=maybe_recompile pc=0x00007faa845853d8 method=scala.collection.immutable.HashSet$HashSet1.get0(Ljava/lang/Object;II)Z @ 33
Event: 67.987 Thread 0x00007faa3402d000 Uncommon trap: reason=class_check action=maybe_recompile pc=0x00007faa84583ce0 method=scala.collection.immutable.HashSet.contains(Ljava/lang/Object;)Z @ 8
Event: 67.987 Thread 0x00007faa3402d000 Uncommon trap: reason=class_check action=maybe_recompile pc=0x00007faa845853d8 method=scala.collection.immutable.HashSet$HashSet1.get0(Ljava/lang/Object;II)Z @ 33
Event: 67.987 Thread 0x00007faa3402d000 Uncommon trap: reason=class_check action=maybe_recompile pc=0x00007faa84583ce0 method=scala.collection.immutable.HashSet.contains(Ljava/lang/Object;)Z @ 8
Event: 67.987 Thread 0x00007faa3402d000 Uncommon trap: reason=class_check action=maybe_recompile pc=0x00007faa845853d8 method=scala.collection.immutable.HashSet$HashSet1.get0(Ljava/lang/Object;II)Z @ 33
Event: 67.987 Thread 0x00007faa3402d000 Uncommon trap: reason=class_check action=maybe_recompile pc=0x00007faa84583ce0 method=scala.collection.immutable.HashSet.contains(Ljava/lang/Object;)Z @ 8
Event: 67.987 Thread 0x00007faa3402d000 Uncommon trap: reason=class_check action=maybe_recompile pc=0x00007faa845853d8 method=scala.collection.immutable.HashSet$HashSet1.get0(Ljava/lang/Object;II)Z @ 33

Internal exceptions (10 events):
Event: 62.578 Thread 0x00007faa8800a000 Threw 0x00000000e198ddd8 at /HUDSON/workspace/7u-2-build-linux-amd64/jdk7u79/2331/hotspot/src/share/vm/prims/jvm.cpp:1304
Event: 63.408 Thread 0x00007faa8800a000 Threw 0x00000000e19c44a8 at /HUDSON/workspace/7u-2-build-linux-amd64/jdk7u79/2331/hotspot/src/share/vm/prims/jvm.cpp:1304
Event: 63.408 Thread 0x00007faa8800a000 Threw 0x00000000e19c5908 at /HUDSON/workspace/7u-2-build-linux-amd64/jdk7u79/2331/hotspot/src/share/vm/prims/jvm.cpp:1304
Event: 65.010 Thread 0x00007faa3402d000 Threw 0x00000000dcaac1d0 at /HUDSON/workspace/7u-2-build-linux-amd64/jdk7u79/2331/hotspot/src/share/vm/prims/jvm.cpp:1304
Event: 65.800 Thread 0x00007faa8800a000 Threw 0x00000000e19c8118 at /HUDSON/workspace/7u-2-build-linux-amd64/jdk7u79/2331/hotspot/src/share/vm/prims/jvm.cpp:1304
Event: 66.889 Thread 0x00007faa8800a000 Threw 0x00000000e19e93a8 at /HUDSON/workspace/7u-2-build-linux-amd64/jdk7u79/2331/hotspot/src/share/vm/prims/jvm.cpp:1304
Event: 66.889 Thread 0x00007faa8800a000 Threw 0x00000000e19ea808 at /HUDSON/workspace/7u-2-build-linux-amd64/jdk7u79/2331/hotspot/src/share/vm/prims/jvm.cpp:1304
Event: 67.475 Thread 0x00007faa8800a000 Threw 0x00000000e220fc88 at /HUDSON/workspace/7u-2-build-linux-amd64/jdk7u79/2331/hotspot/src/share/vm/prims/jvm.cpp:1304
Event: 67.475 Thread 0x00007faa8800a000 Threw 0x00000000e22110e8 at /HUDSON/workspace/7u-2-build-linux-amd64/jdk7u79/2331/hotspot/src/share/vm/prims/jvm.cpp:1304
Event: 69.583 Thread 0x00007faa3c017000 Threw 0x00000000e2f73660 at /HUDSON/workspace/7u-2-build-linux-amd64/jdk7u79/2331/hotspot/src/share/vm/prims/jvm.cpp:1304

Events (10 events):
Event: 68.260 Executing VM operation: RevokeBias done
Event: 68.266 Thread 0x00007faa24008800 Thread added: 0x00007faa24008800
Event: 68.267 Thread 0x00007faa38041800 Thread added: 0x00007faa38041800
Event: 68.879 Executing VM operation: ParallelGCFailedAllocation
Event: 69.077 Executing VM operation: ParallelGCFailedAllocation done
Event: 69.582 Executing VM operation: RevokeBias
Event: 69.582 Executing VM operation: RevokeBias done
Event: 69.583 loading class 0x00007faa34029380
Event: 69.583 loading class 0x00007faa34029380 done
Event: 69.742 Executing VM operation: ParallelGCFailedAllocation


Dynamic libraries:
00400000-00401000 r-xp 00000000 07:00 675811                             /usr/lib/jvm/jdk1.7.0_79/bin/java
00600000-00601000 rw-p 00000000 07:00 675811                             /usr/lib/jvm/jdk1.7.0_79/bin/java
016c4000-016e5000 rw-p 00000000 00:00 0                                  [heap]
82c00000-87e00000 rw-p 00000000 00:00 0 
87e00000-a0400000 rw-p 00000000 00:00 0 
ad800000-d7f00000 rw-p 00000000 00:00 0 
d7f00000-100000000 rw-p 00000000 00:00 0 
7fa9f9eee000-7fa9f9ef1000 ---p 00000000 00:00 0 
7fa9f9ef1000-7fa9f9fef000 rw-p 00000000 00:00 0 
7fa9f9fef000-7fa9f9ff2000 ---p 00000000 00:00 0 
7fa9f9ff2000-7fa9fa0f0000 rw-p 00000000 00:00 0 
7fa9fa0f0000-7fa9fa0f3000 ---p 00000000 00:00 0 
7fa9fa0f3000-7fa9fa1f1000 rw-p 00000000 00:00 0 
7fa9fa1f1000-7fa9fa1f4000 ---p 00000000 00:00 0 
7fa9fa1f4000-7fa9fa2f2000 rw-p 00000000 00:00 0 
7fa9fa2f2000-7fa9fa2f5000 ---p 00000000 00:00 0 
7fa9fa2f5000-7fa9fa3f3000 rw-p 00000000 00:00 0 
7fa9fa3f3000-7fa9fa3f6000 ---p 00000000 00:00 0 
7fa9fa3f6000-7fa9fa4f4000 rw-p 00000000 00:00 0 
7fa9fa4f4000-7fa9fa4f7000 ---p 00000000 00:00 0 
7fa9fa4f7000-7fa9fa5f5000 rw-p 00000000 00:00 0                          [stack:6782]
7fa9fa5f5000-7fa9fa5f8000 ---p 00000000 00:00 0 
7fa9fa5f8000-7fa9fa6f6000 rw-p 00000000 00:00 0 
7fa9fa6f6000-7fa9fa6f9000 ---p 00000000 00:00 0 
7fa9fa6f9000-7fa9fa7f7000 rw-p 00000000 00:00 0                          [stack:6783]
7fa9fa7f7000-7fa9fa7fa000 ---p 00000000 00:00 0 
7fa9fa7fa000-7fa9fa8f8000 rw-p 00000000 00:00 0                          [stack:6637]
7fa9fa8f8000-7fa9fa8fb000 ---p 00000000 00:00 0 
7fa9fa8fb000-7fa9fa9f9000 rw-p 00000000 00:00 0                          [stack:6847]
7fa9fa9f9000-7fa9fa9fc000 ---p 00000000 00:00 0 
7fa9fa9fc000-7fa9faafa000 rw-p 00000000 00:00 0                          [stack:6635]
7fa9faafa000-7fa9faafd000 ---p 00000000 00:00 0 
7fa9faafd000-7fa9fabfb000 rw-p 00000000 00:00 0                          [stack:6634]
7fa9fabfb000-7fa9fabfe000 ---p 00000000 00:00 0 
7fa9fabfe000-7fa9facfc000 rw-p 00000000 00:00 0 
7fa9facfc000-7fa9facff000 ---p 00000000 00:00 0 
7fa9facff000-7fa9fadfd000 rw-p 00000000 00:00 0                          [stack:6846]
7fa9fadfd000-7fa9fae00000 ---p 00000000 00:00 0 
7fa9fae00000-7fa9faefe000 rw-p 00000000 00:00 0                          [stack:6631]
7fa9faefe000-7fa9faf01000 ---p 00000000 00:00 0 
7fa9faf01000-7fa9fc000000 rw-p 00000000 00:00 0                          [stack:6942]
7fa9fc000000-7fa9fc057000 rw-p 00000000 00:00 0 
7fa9fc057000-7faa00000000 ---p 00000000 00:00 0 
7faa000ee000-7faa000f1000 ---p 00000000 00:00 0 
7faa000f1000-7faa001ef000 rw-p 00000000 00:00 0                          [stack:6629]
7faa001ef000-7faa001f2000 ---p 00000000 00:00 0 
7faa001f2000-7faa002f0000 rw-p 00000000 00:00 0 
7faa002f0000-7faa002f3000 ---p 00000000 00:00 0 
7faa002f3000-7faa003f1000 rw-p 00000000 00:00 0                          [stack:6627]
7faa003f1000-7faa003f4000 ---p 00000000 00:00 0 
7faa003f4000-7faa004f2000 rw-p 00000000 00:00 0                          [stack:6780]
7faa004f2000-7faa004f5000 ---p 00000000 00:00 0 
7faa004f5000-7faa005f3000 rw-p 00000000 00:00 0 
7faa005f3000-7faa005f6000 ---p 00000000 00:00 0 
7faa005f6000-7faa006f4000 rw-p 00000000 00:00 0                          [stack:6624]
7faa006f4000-7faa006f7000 ---p 00000000 00:00 0 
7faa006f7000-7faa007f5000 rw-p 00000000 00:00 0                          [stack:6623]
7faa007f5000-7faa007f8000 ---p 00000000 00:00 0 
7faa007f8000-7faa018f7000 rw-p 00000000 00:00 0 
7faa018f7000-7faa018fa000 ---p 00000000 00:00 0 
7faa018fa000-7faa019f8000 rw-p 00000000 00:00 0 
7faa019f8000-7faa019fb000 ---p 00000000 00:00 0 
7faa019fb000-7faa02afa000 rw-p 00000000 00:00 0 
7faa02afa000-7faa02afd000 ---p 00000000 00:00 0 
7faa02afd000-7faa03bfc000 rw-p 00000000 00:00 0 
7faa03bfc000-7faa03bff000 ---p 00000000 00:00 0 
7faa03bff000-7faa03cfd000 rw-p 00000000 00:00 0 
7faa03cfd000-7faa03d00000 ---p 00000000 00:00 0 
7faa03d00000-7faa03dfe000 rw-p 00000000 00:00 0 
7faa03dfe000-7faa03e01000 ---p 00000000 00:00 0 
7faa03e01000-7faa03eff000 rw-p 00000000 00:00 0 
7faa03eff000-7faa03f02000 ---p 00000000 00:00 0 
7faa03f02000-7faa04000000 rw-p 00000000 00:00 0 
7faa04000000-7faa04021000 rw-p 00000000 00:00 0 
7faa04021000-7faa08000000 ---p 00000000 00:00 0 
7faa08000000-7faa08021000 rw-p 00000000 00:00 0 
7faa08021000-7faa0c000000 ---p 00000000 00:00 0 
7faa0c000000-7faa0c021000 rw-p 00000000 00:00 0 
7faa0c021000-7faa10000000 ---p 00000000 00:00 0 
7faa10000000-7faa10021000 rw-p 00000000 00:00 0 
7faa10021000-7faa14000000 ---p 00000000 00:00 0 
7faa14000000-7faa14021000 rw-p 00000000 00:00 0 
7faa14021000-7faa18000000 ---p 00000000 00:00 0 
7faa18000000-7faa18021000 rw-p 00000000 00:00 0 
7faa18021000-7faa1c000000 ---p 00000000 00:00 0 
7faa1c000000-7faa1c021000 rw-p 00000000 00:00 0 
7faa1c021000-7faa20000000 ---p 00000000 00:00 0 
7faa20000000-7faa20021000 rw-p 00000000 00:00 0 
7faa20021000-7faa24000000 ---p 00000000 00:00 0 
7faa24000000-7faa24021000 rw-p 00000000 00:00 0 
7faa24021000-7faa28000000 ---p 00000000 00:00 0 
7faa28000000-7faa28021000 rw-p 00000000 00:00 0 
7faa28021000-7faa2c000000 ---p 00000000 00:00 0 
7faa2c000000-7faa2c021000 rw-p 00000000 00:00 0 
7faa2c021000-7faa30000000 ---p 00000000 00:00 0 
7faa30000000-7faa3014a000 rw-p 00000000 00:00 0 
7faa3014a000-7faa34000000 ---p 00000000 00:00 0 
7faa34000000-7faa34061000 rw-p 00000000 00:00 0 
7faa34061000-7faa38000000 ---p 00000000 00:00 0 
7faa38000000-7faa38048000 rw-p 00000000 00:00 0 
7faa38048000-7faa3c000000 ---p 00000000 00:00 0 
7faa3c000000-7faa3c067000 rw-p 00000000 00:00 0 
7faa3c067000-7faa40000000 ---p 00000000 00:00 0 
7faa40000000-7faa400a8000 rw-p 00000000 00:00 0 
7faa400a8000-7faa44000000 ---p 00000000 00:00 0 
7faa44000000-7faa44021000 rw-p 00000000 00:00 0 
7faa44021000-7faa48000000 ---p 00000000 00:00 0 
7faa48000000-7faa48027000 rw-p 00000000 00:00 0 
7faa48027000-7faa4c000000 ---p 00000000 00:00 0 
7faa4c08d000-7faa4c094000 r-xp 00000000 07:00 12560                      /tmp/libnetty-transport-native-epoll1374793723312339227.so
7faa4c094000-7faa4c293000 ---p 00007000 07:00 12560                      /tmp/libnetty-transport-native-epoll1374793723312339227.so
7faa4c293000-7faa4c294000 rw-p 00006000 07:00 12560                      /tmp/libnetty-transport-native-epoll1374793723312339227.so
7faa4c294000-7faa4c297000 ---p 00000000 00:00 0 
7faa4c297000-7faa4c395000 rw-p 00000000 00:00 0 
7faa4c395000-7faa4c398000 ---p 00000000 00:00 0 
7faa4c398000-7faa4c496000 rw-p 00000000 00:00 0                          [stack:6613]
7faa4c496000-7faa4c499000 ---p 00000000 00:00 0 
7faa4c499000-7faa4c597000 rw-p 00000000 00:00 0                          [stack:6612]
7faa4c597000-7faa4c59a000 ---p 00000000 00:00 0 
7faa4c59a000-7faa4c698000 rw-p 00000000 00:00 0                          [stack:6611]
7faa4c698000-7faa4c69b000 ---p 00000000 00:00 0 
7faa4c69b000-7faa4c799000 rw-p 00000000 00:00 0                          [stack:6610]
7faa4c799000-7faa4c79c000 ---p 00000000 00:00 0 
7faa4c79c000-7faa4c89a000 rw-p 00000000 00:00 0                          [stack:6609]
7faa4c89a000-7faa4c89d000 ---p 00000000 00:00 0 
7faa4c89d000-7faa4c99b000 rw-p 00000000 00:00 0                          [stack:6608]
7faa4c99b000-7faa4c99e000 ---p 00000000 00:00 0 
7faa4c99e000-7faa4ca9c000 rw-p 00000000 00:00 0                          [stack:6607]
7faa4ca9c000-7faa4ca9f000 ---p 00000000 00:00 0 
7faa4ca9f000-7faa4cb9d000 rw-p 00000000 00:00 0                          [stack:6941]
7faa4cb9d000-7faa4cba0000 ---p 00000000 00:00 0 
7faa4cba0000-7faa4cc9e000 rw-p 00000000 00:00 0                          [stack:6605]
7faa4cc9e000-7faa4cca1000 ---p 00000000 00:00 0 
7faa4cca1000-7faa4cd9f000 rw-p 00000000 00:00 0                          [stack:6604]
7faa4cd9f000-7faa4cda0000 r-xp 00000000 07:00 675659                     /usr/lib/jvm/jdk1.7.0_79/jre/lib/amd64/libjaas_unix.so
7faa4cda0000-7faa4cf9f000 ---p 00001000 07:00 675659                     /usr/lib/jvm/jdk1.7.0_79/jre/lib/amd64/libjaas_unix.so
7faa4cf9f000-7faa4cfa0000 rw-p 00000000 07:00 675659                     /usr/lib/jvm/jdk1.7.0_79/jre/lib/amd64/libjaas_unix.so
7faa4cfa0000-7faa4cfdd000 r-xp 00000000 07:00 12558                      /tmp/snappy-unknown-f4e7fc96-8028-4cd0-9b68-08f1f2c701aa-libsnappyjava.so
7faa4cfdd000-7faa4d1dd000 ---p 0003d000 07:00 12558                      /tmp/snappy-unknown-f4e7fc96-8028-4cd0-9b68-08f1f2c701aa-libsnappyjava.so
7faa4d1dd000-7faa4d1e0000 rw-p 0003d000 07:00 12558                      /tmp/snappy-unknown-f4e7fc96-8028-4cd0-9b68-08f1f2c701aa-libsnappyjava.so
7faa4d1e0000-7faa4d1f2000 rw-p 00000000 00:00 0 
7faa4d1f2000-7faa4d1f5000 ---p 00000000 00:00 0 
7faa4d1f5000-7faa4d2f3000 rw-p 00000000 00:00 0                          [stack:6593]
7faa4d2f3000-7faa4d2f6000 ---p 00000000 00:00 0 
7faa4d2f6000-7faa4d3f4000 rw-p 00000000 00:00 0                          [stack:6590]
7faa4d4a5000-7faa4d4a8000 ---p 00000000 00:00 0 
7faa4d4a8000-7faa4d5a6000 rw-p 00000000 00:00 0                          [stack:6592]
7faa4d5a6000-7faa4d5a9000 ---p 00000000 00:00 0 
7faa4d5a9000-7faa4d6a7000 rw-p 00000000 00:00 0                          [stack:6588]
7faa4d6a7000-7faa4d6aa000 ---p 00000000 00:00 0 
7faa4d6aa000-7faa4d7a8000 rw-p 00000000 00:00 0                          [stack:6586]
7faa4d7a8000-7faa4d7ab000 ---p 00000000 00:00 0 
7faa4d7ab000-7faa4d8a9000 rw-p 00000000 00:00 0                          [stack:6585]
7faa4d8a9000-7faa4d8ac000 ---p 00000000 00:00 0 
7faa4d8ac000-7faa4d9aa000 rw-p 00000000 00:00 0                          [stack:6584]
7faa4d9aa000-7faa4d9ad000 ---p 00000000 00:00 0 
7faa4d9ad000-7faa4daab000 rw-p 00000000 00:00 0                          [stack:6583]
7faa4daab000-7faa4daae000 ---p 00000000 00:00 0 
7faa4daae000-7faa4dbac000 rw-p 00000000 00:00 0                          [stack:6582]
7faa4dbac000-7faa4dbaf000 ---p 00000000 00:00 0 
7faa4dbaf000-7faa4dcad000 rw-p 00000000 00:00 0                          [stack:6581]
7faa4dcad000-7faa4dcb0000 ---p 00000000 00:00 0 
7faa4dcb0000-7faa4ddae000 rw-p 00000000 00:00 0                          [stack:6580]
7faa4ddae000-7faa4ddb1000 ---p 00000000 00:00 0 
7faa4ddb1000-7faa4deaf000 rw-p 00000000 00:00 0                          [stack:6579]
7faa4deaf000-7faa4deb2000 ---p 00000000 00:00 0 
7faa4deb2000-7faa4dfb0000 rw-p 00000000 00:00 0                          [stack:6578]
7faa4dfb0000-7faa4dfb3000 ---p 00000000 00:00 0 
7faa4dfb3000-7faa4e0b1000 rw-p 00000000 00:00 0                          [stack:6559]
7faa4e0b1000-7faa4e0b4000 ---p 00000000 00:00 0 
7faa4e0b4000-7faa4e1b2000 rw-p 00000000 00:00 0                          [stack:6558]
7faa4e1b2000-7faa4e1b5000 ---p 00000000 00:00 0 
7faa4e1b5000-7faa4e2b3000 rw-p 00000000 00:00 0                          [stack:6557]
7faa4e2b3000-7faa4e2b6000 ---p 00000000 00:00 0 
7faa4e2b6000-7faa4e3b4000 rw-p 00000000 00:00 0                          [stack:6556]
7faa4e3b4000-7faa4e3b7000 ---p 00000000 00:00 0 
7faa4e3b7000-7faa4e4b5000 rw-p 00000000 00:00 0                          [stack:6555]
7faa4e4b5000-7faa4e4b8000 ---p 00000000 00:00 0 
7faa4e4b8000-7faa4e5b6000 rw-p 00000000 00:00 0                          [stack:6554]
7faa4e5b6000-7faa4e5b9000 ---p 00000000 00:00 0 
7faa4e5b9000-7faa4e6b7000 rw-p 00000000 00:00 0                          [stack:6553]
7faa4e6b7000-7faa4e6ba000 ---p 00000000 00:00 0 
7faa4e6ba000-7faa4e7b8000 rw-p 00000000 00:00 0                          [stack:6552]
7faa4e7b8000-7faa4e7bb000 ---p 00000000 00:00 0 
7faa4e7bb000-7faa4e8b9000 rw-p 00000000 00:00 0                          [stack:6551]
7faa4e8b9000-7faa4e8bc000 ---p 00000000 00:00 0 
7faa4e8bc000-7faa4e9ba000 rw-p 00000000 00:00 0                          [stack:6550]
7faa4e9ba000-7faa4e9bd000 ---p 00000000 00:00 0 
7faa4e9bd000-7faa4eabb000 rw-p 00000000 00:00 0                          [stack:6549]
7faa4eabb000-7faa4eac3000 r-xp 00000000 07:00 675597                     /usr/lib/jvm/jdk1.7.0_79/jre/lib/amd64/libmanagement.so
7faa4eac3000-7faa4ecc2000 ---p 00008000 07:00 675597                     /usr/lib/jvm/jdk1.7.0_79/jre/lib/amd64/libmanagement.so
7faa4ecc2000-7faa4ecc3000 rw-p 00007000 07:00 675597                     /usr/lib/jvm/jdk1.7.0_79/jre/lib/amd64/libmanagement.so
7faa4ecc3000-7faa4ecc6000 ---p 00000000 00:00 0 
7faa4ecc6000-7faa4edc4000 rw-p 00000000 00:00 0                          [stack:6536]
7faa4edc4000-7faa4edc7000 ---p 00000000 00:00 0 
7faa4edc7000-7faa4eec5000 rw-p 00000000 00:00 0                          [stack:6535]
7faa4eec5000-7faa4eec8000 ---p 00000000 00:00 0 
7faa4eec8000-7faa4efc6000 rw-p 00000000 00:00 0                          [stack:6534]
7faa4efc6000-7faa4efc9000 ---p 00000000 00:00 0 
7faa4efc9000-7faa4f0c7000 rw-p 00000000 00:00 0                          [stack:6533]
7faa4f0c7000-7faa4f0ca000 ---p 00000000 00:00 0 
7faa4f0ca000-7faa4f1c8000 rw-p 00000000 00:00 0                          [stack:6532]
7faa4f1c8000-7faa4f1cb000 ---p 00000000 00:00 0 
7faa4f1cb000-7faa4f2c9000 rw-p 00000000 00:00 0                          [stack:6531]
7faa4f2c9000-7faa4f2cc000 ---p 00000000 00:00 0 
7faa4f2cc000-7faa4f3ca000 rw-p 00000000 00:00 0                          [stack:6530]
7faa4f3ca000-7faa4f3cd000 ---p 00000000 00:00 0 
7faa4f3cd000-7faa4f4cb000 rw-p 00000000 00:00 0                          [stack:6529]
7faa4f4cb000-7faa4f4ce000 ---p 00000000 00:00 0 
7faa4f4ce000-7faa4f5cc000 rw-p 00000000 00:00 0                          [stack:6528]
7faa4f5cc000-7faa4f5cf000 ---p 00000000 00:00 0 
7faa4f5cf000-7faa4f6cd000 rw-p 00000000 00:00 0                          [stack:6527]
7faa4f6cd000-7faa4f6d0000 ---p 00000000 00:00 0 
7faa4f6d0000-7faa4f7ce000 rw-p 00000000 00:00 0                          [stack:6526]
7faa4f7ce000-7faa4f7d1000 ---p 00000000 00:00 0 
7faa4f7d1000-7faa4f8cf000 rw-p 00000000 00:00 0                          [stack:6525]
7faa4f8cf000-7faa4f8d2000 ---p 00000000 00:00 0 
7faa4f8d2000-7faa4f9d0000 rw-p 00000000 00:00 0                          [stack:6524]
7faa4f9d0000-7faa4f9e0000 r-xp 00000000 07:00 675589                     /usr/lib/jvm/jdk1.7.0_79/jre/lib/amd64/libnio.so
7faa4f9e0000-7faa4fbe0000 ---p 00010000 07:00 675589                     /usr/lib/jvm/jdk1.7.0_79/jre/lib/amd64/libnio.so
7faa4fbe0000-7faa4fbe1000 rw-p 00010000 07:00 675589                     /usr/lib/jvm/jdk1.7.0_79/jre/lib/amd64/libnio.so
7faa4fbe1000-7faa4fbe3000 r-xp 00000000 07:00 130791                     /lib/libnss_mdns4.so.2
7faa4fbe3000-7faa4fde2000 ---p 00002000 07:00 130791                     /lib/libnss_mdns4.so.2
7faa4fde2000-7faa4fde3000 r--p 00001000 07:00 130791                     /lib/libnss_mdns4.so.2
7faa4fde3000-7faa4fde4000 rw-p 00002000 07:00 130791                     /lib/libnss_mdns4.so.2
7faa4fde4000-7faa4fdfc000 r-xp 00000000 07:00 135153                     /lib/x86_64-linux-gnu/libresolv-2.15.so
7faa4fdfc000-7faa4fffc000 ---p 00018000 07:00 135153                     /lib/x86_64-linux-gnu/libresolv-2.15.so
7faa4fffc000-7faa4fffd000 r--p 00018000 07:00 135153                     /lib/x86_64-linux-gnu/libresolv-2.15.so
7faa4fffd000-7faa4fffe000 rw-p 00019000 07:00 135153                     /lib/x86_64-linux-gnu/libresolv-2.15.so
7faa4fffe000-7faa50000000 rw-p 00000000 00:00 0 
7faa50000000-7faa532ee000 rw-p 00000000 00:00 0 
7faa532ee000-7faa54000000 ---p 00000000 00:00 0 
7faa54000000-7faa54021000 rw-p 00000000 00:00 0 
7faa54021000-7faa58000000 ---p 00000000 00:00 0 
7faa58000000-7faa58021000 rw-p 00000000 00:00 0 
7faa58021000-7faa5c000000 ---p 00000000 00:00 0 
7faa5c000000-7faa5d7f5000 rw-p 00000000 00:00 0 
7faa5d7f5000-7faa60000000 ---p 00000000 00:00 0 
7faa60000000-7faa60021000 rw-p 00000000 00:00 0 
7faa60021000-7faa64000000 ---p 00000000 00:00 0 
7faa64000000-7faa64021000 rw-p 00000000 00:00 0 
7faa64021000-7faa68000000 ---p 00000000 00:00 0 
7faa68000000-7faa6804b000 rw-p 00000000 00:00 0 
7faa6804b000-7faa6c000000 ---p 00000000 00:00 0 
7faa6c000000-7faa6c2c6000 rw-p 00000000 00:00 0 
7faa6c2c6000-7faa70000000 ---p 00000000 00:00 0 
7faa70000000-7faa70024000 rw-p 00000000 00:00 0 
7faa70024000-7faa74000000 ---p 00000000 00:00 0 
7faa74000000-7faa7402a000 rw-p 00000000 00:00 0 
7faa7402a000-7faa78000000 ---p 00000000 00:00 0 
7faa7805f000-7faa78062000 ---p 00000000 00:00 0 
7faa78062000-7faa7c000000 rw-p 00000000 00:00 0                          [stack:6523]
7faa7c000000-7faa7c030000 rw-p 00000000 00:00 0 
7faa7c030000-7faa80000000 ---p 00000000 00:00 0 
7faa80072000-7faa80075000 ---p 00000000 00:00 0 
7faa80075000-7faa800ab000 rw-p 00000000 00:00 0 
7faa800ab000-7faa800b2000 r-xp 00000000 07:00 135118                     /lib/x86_64-linux-gnu/libnss_dns-2.15.so
7faa800b2000-7faa802b1000 ---p 00007000 07:00 135118                     /lib/x86_64-linux-gnu/libnss_dns-2.15.so
7faa802b1000-7faa802b2000 r--p 00006000 07:00 135118                     /lib/x86_64-linux-gnu/libnss_dns-2.15.so
7faa802b2000-7faa802b3000 rw-p 00007000 07:00 135118                     /lib/x86_64-linux-gnu/libnss_dns-2.15.so
7faa802b3000-7faa802b5000 r-xp 00000000 07:00 130792                     /lib/libnss_mdns4_minimal.so.2
7faa802b5000-7faa804b4000 ---p 00002000 07:00 130792                     /lib/libnss_mdns4_minimal.so.2
7faa804b4000-7faa804b5000 r--p 00001000 07:00 130792                     /lib/libnss_mdns4_minimal.so.2
7faa804b5000-7faa804b6000 rw-p 00002000 07:00 130792                     /lib/libnss_mdns4_minimal.so.2
7faa804bf000-7faa804c9000 r--s 00253000 07:00 675688                     /usr/lib/jvm/jdk1.7.0_79/jre/lib/resources.jar
7faa804c9000-7faa804df000 r-xp 00000000 07:00 675638                     /usr/lib/jvm/jdk1.7.0_79/jre/lib/amd64/libnet.so
7faa804df000-7faa806df000 ---p 00016000 07:00 675638                     /usr/lib/jvm/jdk1.7.0_79/jre/lib/amd64/libnet.so
7faa806df000-7faa806e0000 rw-p 00016000 07:00 675638                     /usr/lib/jvm/jdk1.7.0_79/jre/lib/amd64/libnet.so
7faa806e0000-7faa80836000 rw-p 00000000 00:00 0 
7faa80836000-7faa8111f000 r--s 08517000 07:00 667476                     /home/crazydog/spark-1.2.2-bin-hadoop2.4/lib/spark-assembly-1.2.2-hadoop2.4.0.jar
7faa8111f000-7faa8112d000 r--s 000b7000 07:00 667267                     /home/crazydog/Downloads/cassandra-driver-core-2.1.6.jar
7faa8112d000-7faa8114d000 r--s 001b1000 07:00 667278                     /home/crazydog/Downloads/cassandra-thrift-2.2.0-beta1.jar
7faa8114d000-7faa81178000 r--s 001cc000 07:00 667225                     /home/crazydog/Downloads/spark-cassandra-connector_2.10-1.2.1.jar
7faa81178000-7faa81188000 r--s 00088000 07:00 667282                     /home/crazydog/Downloads/joda-time-2.8.jar
7faa81188000-7faa811b3000 r--s 001fc000 07:00 667285                     /home/crazydog/Downloads/guava-18.0.jar
7faa811b3000-7faa811be000 r--s 0007f000 07:00 1187170                    /usr/local/titan-0.5.4-hadoop2/lib/titan-hadoop-0.5.4.jar
7faa811be000-7faa811dc000 r--s 0013e000 07:00 1187098                    /usr/local/titan-0.5.4-hadoop2/lib/titan-core-0.5.4.jar
7faa811dc000-7faa811dd000 ---p 00000000 00:00 0 
7faa811dd000-7faa812dd000 rw-p 00000000 00:00 0                          [stack:6519]
7faa812dd000-7faa812e0000 ---p 00000000 00:00 0 
7faa812e0000-7faa813de000 rw-p 00000000 00:00 0                          [stack:6518]
7faa813de000-7faa813e1000 ---p 00000000 00:00 0 
7faa813e1000-7faa814df000 rw-p 00000000 00:00 0                          [stack:6517]
7faa814df000-7faa814e2000 ---p 00000000 00:00 0 
7faa814e2000-7faa815e0000 rw-p 00000000 00:00 0                          [stack:6516]
7faa815e0000-7faa815e3000 ---p 00000000 00:00 0 
7faa815e3000-7faa816e1000 rw-p 00000000 00:00 0                          [stack:6515]
7faa816e1000-7faa81dc5000 r--p 00000000 07:00 398742                     /usr/lib/locale/locale-archive
7faa81dc5000-7faa81dc8000 ---p 00000000 00:00 0 
7faa81dc8000-7faa81ec6000 rw-p 00000000 00:00 0                          [stack:6514]
7faa81ec6000-7faa81ec9000 ---p 00000000 00:00 0 
7faa81ec9000-7faa81fc7000 rw-p 00000000 00:00 0                          [stack:6513]
7faa81fc7000-7faa81fc8000 ---p 00000000 00:00 0 
7faa81fc8000-7faa83085000 rw-p 00000000 00:00 0                          [stack:6512]
7faa83085000-7faa83245000 r--s 039f7000 07:00 675732                     /usr/lib/jvm/jdk1.7.0_79/jre/lib/rt.jar
7faa83245000-7faa83700000 rw-p 00000000 00:00 0 
7faa83700000-7faa83701000 ---p 00000000 00:00 0 
7faa83701000-7faa83801000 rw-p 00000000 00:00 0                          [stack:6511]
7faa83801000-7faa83802000 ---p 00000000 00:00 0 
7faa83802000-7faa83902000 rw-p 00000000 00:00 0                          [stack:6510]
7faa83902000-7faa83903000 ---p 00000000 00:00 0 
7faa83903000-7faa83a03000 rw-p 00000000 00:00 0                          [stack:6509]
7faa83a03000-7faa83a04000 ---p 00000000 00:00 0 
7faa83a04000-7faa83bc7000 rw-p 00000000 00:00 0                          [stack:6508]
7faa83bc7000-7faa83d85000 rw-p 00000000 00:00 0 
7faa83d85000-7faa83dae000 rw-p 00000000 00:00 0 
7faa83dae000-7faa83e71000 rw-p 00000000 00:00 0 
7faa83e71000-7faa8402e000 rw-p 00000000 00:00 0 
7faa8402e000-7faa8416f000 rw-p 00000000 00:00 0 
7faa8416f000-7faa84170000 rw-p 00000000 00:00 0 
7faa84170000-7faa845b0000 rwxp 00000000 00:00 0 
7faa845b0000-7faa87170000 rw-p 00000000 00:00 0 
7faa87170000-7faa8718a000 r-xp 00000000 07:00 675620                     /usr/lib/jvm/jdk1.7.0_79/jre/lib/amd64/libzip.so
7faa8718a000-7faa8738a000 ---p 0001a000 07:00 675620                     /usr/lib/jvm/jdk1.7.0_79/jre/lib/amd64/libzip.so
7faa8738a000-7faa8738b000 rw-p 0001a000 07:00 675620                     /usr/lib/jvm/jdk1.7.0_79/jre/lib/amd64/libzip.so
7faa8738b000-7faa87397000 r-xp 00000000 07:00 135120                     /lib/x86_64-linux-gnu/libnss_files-2.15.so
7faa87397000-7faa87596000 ---p 0000c000 07:00 135120                     /lib/x86_64-linux-gnu/libnss_files-2.15.so
7faa87596000-7faa87597000 r--p 0000b000 07:00 135120                     /lib/x86_64-linux-gnu/libnss_files-2.15.so
7faa87597000-7faa87598000 rw-p 0000c000 07:00 135120                     /lib/x86_64-linux-gnu/libnss_files-2.15.so
7faa87598000-7faa875a2000 r-xp 00000000 07:00 135124                     /lib/x86_64-linux-gnu/libnss_nis-2.15.so
7faa875a2000-7faa877a2000 ---p 0000a000 07:00 135124                     /lib/x86_64-linux-gnu/libnss_nis-2.15.so
7faa877a2000-7faa877a3000 r--p 0000a000 07:00 135124                     /lib/x86_64-linux-gnu/libnss_nis-2.15.so
7faa877a3000-7faa877a4000 rw-p 0000b000 07:00 135124                     /lib/x86_64-linux-gnu/libnss_nis-2.15.so
7faa877a4000-7faa877bb000 r-xp 00000000 07:00 135114                     /lib/x86_64-linux-gnu/libnsl-2.15.so
7faa877bb000-7faa879ba000 ---p 00017000 07:00 135114                     /lib/x86_64-linux-gnu/libnsl-2.15.so
7faa879ba000-7faa879bb000 r--p 00016000 07:00 135114                     /lib/x86_64-linux-gnu/libnsl-2.15.so
7faa879bb000-7faa879bc000 rw-p 00017000 07:00 135114                     /lib/x86_64-linux-gnu/libnsl-2.15.so
7faa879bc000-7faa879be000 rw-p 00000000 00:00 0 
7faa879be000-7faa879c6000 r-xp 00000000 07:00 135116                     /lib/x86_64-linux-gnu/libnss_compat-2.15.so
7faa879c6000-7faa87bc5000 ---p 00008000 07:00 135116                     /lib/x86_64-linux-gnu/libnss_compat-2.15.so
7faa87bc5000-7faa87bc6000 r--p 00007000 07:00 135116                     /lib/x86_64-linux-gnu/libnss_compat-2.15.so
7faa87bc6000-7faa87bc7000 rw-p 00008000 07:00 135116                     /lib/x86_64-linux-gnu/libnss_compat-2.15.so
7faa87bc7000-7faa87bf0000 r-xp 00000000 07:00 675584                     /usr/lib/jvm/jdk1.7.0_79/jre/lib/amd64/libjava.so
7faa87bf0000-7faa87df0000 ---p 00029000 07:00 675584                     /usr/lib/jvm/jdk1.7.0_79/jre/lib/amd64/libjava.so
7faa87df0000-7faa87df2000 rw-p 00029000 07:00 675584                     /usr/lib/jvm/jdk1.7.0_79/jre/lib/amd64/libjava.so
7faa87df2000-7faa87dff000 r-xp 00000000 07:00 675612                     /usr/lib/jvm/jdk1.7.0_79/jre/lib/amd64/libverify.so
7faa87dff000-7faa87ffe000 ---p 0000d000 07:00 675612                     /usr/lib/jvm/jdk1.7.0_79/jre/lib/amd64/libverify.so
7faa87ffe000-7faa88000000 rw-p 0000c000 07:00 675612                     /usr/lib/jvm/jdk1.7.0_79/jre/lib/amd64/libverify.so
7faa88000000-7faa88d55000 rw-p 00000000 00:00 0 
7faa88d55000-7faa8c000000 ---p 00000000 00:00 0 
7faa8c002000-7faa8c09c000 rw-p 00000000 00:00 0 
7faa8c09c000-7faa8c0a3000 r-xp 00000000 07:00 135155                     /lib/x86_64-linux-gnu/librt-2.15.so
7faa8c0a3000-7faa8c2a2000 ---p 00007000 07:00 135155                     /lib/x86_64-linux-gnu/librt-2.15.so
7faa8c2a2000-7faa8c2a3000 r--p 00006000 07:00 135155                     /lib/x86_64-linux-gnu/librt-2.15.so
7faa8c2a3000-7faa8c2a4000 rw-p 00007000 07:00 135155                     /lib/x86_64-linux-gnu/librt-2.15.so
7faa8c2a4000-7faa8c39f000 r-xp 00000000 07:00 135101                     /lib/x86_64-linux-gnu/libm-2.15.so
7faa8c39f000-7faa8c59e000 ---p 000fb000 07:00 135101                     /lib/x86_64-linux-gnu/libm-2.15.so
7faa8c59e000-7faa8c59f000 r--p 000fa000 07:00 135101                     /lib/x86_64-linux-gnu/libm-2.15.so
7faa8c59f000-7faa8c5a0000 rw-p 000fb000 07:00 135101                     /lib/x86_64-linux-gnu/libm-2.15.so
7faa8c5a0000-7faa8d115000 r-xp 00000000 07:00 675654                     /usr/lib/jvm/jdk1.7.0_79/jre/lib/amd64/server/libjvm.so
7faa8d115000-7faa8d315000 ---p 00b75000 07:00 675654                     /usr/lib/jvm/jdk1.7.0_79/jre/lib/amd64/server/libjvm.so
7faa8d315000-7faa8d3d9000 rw-p 00b75000 07:00 675654                     /usr/lib/jvm/jdk1.7.0_79/jre/lib/amd64/server/libjvm.so
7faa8d3d9000-7faa8d41a000 rw-p 00000000 00:00 0 
7faa8d41a000-7faa8d5cf000 r-xp 00000000 07:00 135069                     /lib/x86_64-linux-gnu/libc-2.15.so
7faa8d5cf000-7faa8d7cf000 ---p 001b5000 07:00 135069                     /lib/x86_64-linux-gnu/libc-2.15.so
7faa8d7cf000-7faa8d7d3000 r--p 001b5000 07:00 135069                     /lib/x86_64-linux-gnu/libc-2.15.so
7faa8d7d3000-7faa8d7d5000 rw-p 001b9000 07:00 135069                     /lib/x86_64-linux-gnu/libc-2.15.so
7faa8d7d5000-7faa8d7da000 rw-p 00000000 00:00 0 
7faa8d7da000-7faa8d7dc000 r-xp 00000000 07:00 135082                     /lib/x86_64-linux-gnu/libdl-2.15.so
7faa8d7dc000-7faa8d9dc000 ---p 00002000 07:00 135082                     /lib/x86_64-linux-gnu/libdl-2.15.so
7faa8d9dc000-7faa8d9dd000 r--p 00002000 07:00 135082                     /lib/x86_64-linux-gnu/libdl-2.15.so
7faa8d9dd000-7faa8d9de000 rw-p 00003000 07:00 135082                     /lib/x86_64-linux-gnu/libdl-2.15.so
7faa8d9de000-7faa8d9f4000 r-xp 00000000 07:00 808928                     /usr/lib/jvm/jdk1.7.0_79/lib/amd64/jli/libjli.so
7faa8d9f4000-7faa8dbf4000 ---p 00016000 07:00 808928                     /usr/lib/jvm/jdk1.7.0_79/lib/amd64/jli/libjli.so
7faa8dbf4000-7faa8dbf5000 rw-p 00016000 07:00 808928                     /usr/lib/jvm/jdk1.7.0_79/lib/amd64/jli/libjli.so
7faa8dbf5000-7faa8dc0d000 r-xp 00000000 07:00 135149                     /lib/x86_64-linux-gnu/libpthread-2.15.so
7faa8dc0d000-7faa8de0c000 ---p 00018000 07:00 135149                     /lib/x86_64-linux-gnu/libpthread-2.15.so
7faa8de0c000-7faa8de0d000 r--p 00017000 07:00 135149                     /lib/x86_64-linux-gnu/libpthread-2.15.so
7faa8de0d000-7faa8de0e000 rw-p 00018000 07:00 135149                     /lib/x86_64-linux-gnu/libpthread-2.15.so
7faa8de0e000-7faa8de12000 rw-p 00000000 00:00 0 
7faa8de12000-7faa8de34000 r-xp 00000000 07:00 135049                     /lib/x86_64-linux-gnu/ld-2.15.so
7faa8de35000-7faa8de36000 rw-p 00000000 00:00 0 
7faa8de36000-7faa8de39000 r--s 00019000 07:00 675719                     /usr/lib/jvm/jdk1.7.0_79/jre/lib/jce.jar
7faa8de39000-7faa8de6b000 rw-p 00000000 00:00 0 
7faa8de6b000-7faa8df1a000 rw-p 00000000 00:00 0 
7faa8df1a000-7faa8df1d000 ---p 00000000 00:00 0 
7faa8df1d000-7faa8e01f000 rw-p 00000000 00:00 0                          [stack:6507]
7faa8e01f000-7faa8e023000 r--s 0008b000 07:00 675727                     /usr/lib/jvm/jdk1.7.0_79/jre/lib/jsse.jar
7faa8e023000-7faa8e024000 r--s 00001000 07:00 667276                     /home/crazydog/Downloads/google-api-client-repackaged-com-google-common-base-1.2.3-alpha.jar
7faa8e024000-7faa8e026000 r--s 00014000 07:00 667302                     /home/crazydog/Downloads/cassandra-clientutil-2.2.0-beta1.jar
7faa8e026000-7faa8e028000 r--s 0000e000 07:00 667290                     /home/crazydog/Downloads/jsr166e-1.1.0.jar
7faa8e028000-7faa8e030000 rw-s 00000000 07:00 12010                      /tmp/hsperfdata_crazydog/6501
7faa8e030000-7faa8e031000 rw-p 00000000 00:00 0 
7faa8e031000-7faa8e032000 ---p 00000000 00:00 0 
7faa8e032000-7faa8e034000 rw-p 00000000 00:00 0 
7faa8e034000-7faa8e035000 r--p 00022000 07:00 135049                     /lib/x86_64-linux-gnu/ld-2.15.so
7faa8e035000-7faa8e037000 rw-p 00023000 07:00 135049                     /lib/x86_64-linux-gnu/ld-2.15.so
7fff65eb7000-7fff65ed8000 rw-p 00000000 00:00 0                          [stack]
7fff65f4a000-7fff65f4c000 r-xp 00000000 00:00 0                          [vdso]
ffffffffff600000-ffffffffff601000 r-xp 00000000 00:00 0                  [vsyscall]

VM Arguments:
jvm_args: -Dfile.encoding=UTF-8 
java_command: firstSparkApp.DanAlgorithm /home/crazydog/ALIBABA/query/biological/24.txt baseline graph 3
Launcher Type: SUN_STANDARD

Environment Variables:
JAVA_HOME=/usr/lib/jvm/jdk1.7.0_79
PATH=/usr/lib/jvm/jdk1.7.0_79/bin:/usr/lib/lightdm/lightdm:/usr/local/sbin:/usr/local/bin:/usr/sbin:/usr/bin:/sbin:/bin:/usr/games:/usr/lib/apache-maven-3.3.3/bin
SHELL=/bin/bash
DISPLAY=:0.0

Signal Handlers:
SIGSEGV: [libjvm.so+0x9a3bf0], sa_mask[0]=0x7ffbfeff, sa_flags=0x10000004
SIGBUS: [libjvm.so+0x9a3bf0], sa_mask[0]=0x7ffbfeff, sa_flags=0x10000004
SIGFPE: [libjvm.so+0x81cb60], sa_mask[0]=0x7ffbfeff, sa_flags=0x10000004
SIGPIPE: [libjvm.so+0x81cb60], sa_mask[0]=0x7ffbfeff, sa_flags=0x10000004
SIGXFSZ: [libjvm.so+0x81cb60], sa_mask[0]=0x7ffbfeff, sa_flags=0x10000004
SIGILL: [libjvm.so+0x81cb60], sa_mask[0]=0x7ffbfeff, sa_flags=0x10000004
SIGUSR1: SIG_DFL, sa_mask[0]=0x00000000, sa_flags=0x00000000
SIGUSR2: [libjvm.so+0x81e360], sa_mask[0]=0x00000004, sa_flags=0x10000004
SIGHUP: [libjvm.so+0x81f480], sa_mask[0]=0x7ffbfeff, sa_flags=0x10000004
SIGINT: [libjvm.so+0x81f480], sa_mask[0]=0x7ffbfeff, sa_flags=0x10000004
SIGTERM: [libjvm.so+0x81f480], sa_mask[0]=0x7ffbfeff, sa_flags=0x10000004
SIGQUIT: [libjvm.so+0x81f480], sa_mask[0]=0x7ffbfeff, sa_flags=0x10000004


---------------  S Y S T E M  ---------------

OS:wheezy/sid

uname:Linux 3.13.0-32-generic #57~precise1-Ubuntu SMP Tue Jul 15 03:51:20 UTC 2014 x86_64
libc:glibc 2.15 NPTL 2.15 
rlimit: STACK 8192k, CORE 0k, NPROC 61327, NOFILE 4096, AS infinity
load average:8.12 2.83 1.73

/proc/meminfo:
MemTotal:        7870936 kB
MemFree:          200560 kB
Buffers:           51560 kB
Cached:           495764 kB
SwapCached:        23044 kB
Active:          3864584 kB
Inactive:        1218608 kB
Active(anon):    3863916 kB
Inactive(anon):  1117152 kB
Active(file):        668 kB
Inactive(file):   101456 kB
Unevictable:     2353928 kB
Mlocked:         2351248 kB
SwapTotal:        262140 kB
SwapFree:              0 kB
Dirty:               116 kB
Writeback:             0 kB
AnonPages:       6867616 kB
Mapped:           162072 kB
Shmem:            415656 kB
Slab:              74812 kB
SReclaimable:      32000 kB
SUnreclaim:        42812 kB
KernelStack:        8264 kB
PageTables:        53984 kB
NFS_Unstable:          0 kB
Bounce:                0 kB
WritebackTmp:          0 kB
CommitLimit:     4197608 kB
Committed_AS:   11210084 kB
VmallocTotal:   34359738367 kB
VmallocUsed:      412596 kB
VmallocChunk:   34359282696 kB
HardwareCorrupted:     0 kB
AnonHugePages:   1904640 kB
HugePages_Total:       0
HugePages_Free:        0
HugePages_Rsvd:        0
HugePages_Surp:        0
Hugepagesize:       2048 kB
DirectMap4k:      139288 kB
DirectMap2M:     7940096 kB


CPU:total 4 (2 cores per cpu, 2 threads per core) family 6 model 58 stepping 9, cmov, cx8, fxsr, mmx, sse, sse2, sse3, ssse3, sse4.1, sse4.2, popcnt, avx, aes, erms, ht, tsc, tscinvbit, tscinv

/proc/cpuinfo:
processor	: 0
vendor_id	: GenuineIntel
cpu family	: 6
model		: 58
model name	: Intel(R) Core(TM) i7-3520M CPU @ 2.90GHz
stepping	: 9
microcode	: 0x17
cpu MHz		: 2901.000
cache size	: 4096 KB
physical id	: 0
siblings	: 4
core id		: 0
cpu cores	: 2
apicid		: 0
initial apicid	: 0
fpu		: yes
fpu_exception	: yes
cpuid level	: 13
wp		: yes
flags		: fpu vme de pse tsc msr pae mce cx8 apic sep mtrr pge mca cmov pat pse36 clflush dts acpi mmx fxsr sse sse2 ss ht tm pbe syscall nx rdtscp lm constant_tsc arch_perfmon pebs bts rep_good nopl xtopology nonstop_tsc aperfmperf eagerfpu pni pclmulqdq dtes64 monitor ds_cpl vmx smx est tm2 ssse3 cx16 xtpr pdcm pcid sse4_1 sse4_2 x2apic popcnt tsc_deadline_timer aes xsave avx f16c rdrand lahf_lm ida arat epb xsaveopt pln pts dtherm tpr_shadow vnmi flexpriority ept vpid fsgsbase smep erms
bogomips	: 5787.25
clflush size	: 64
cache_alignment	: 64
address sizes	: 36 bits physical, 48 bits virtual
power management:

processor	: 1
vendor_id	: GenuineIntel
cpu family	: 6
model		: 58
model name	: Intel(R) Core(TM) i7-3520M CPU @ 2.90GHz
stepping	: 9
microcode	: 0x17
cpu MHz		: 2901.000
cache size	: 4096 KB
physical id	: 0
siblings	: 4
core id		: 0
cpu cores	: 2
apicid		: 1
initial apicid	: 1
fpu		: yes
fpu_exception	: yes
cpuid level	: 13
wp		: yes
flags		: fpu vme de pse tsc msr pae mce cx8 apic sep mtrr pge mca cmov pat pse36 clflush dts acpi mmx fxsr sse sse2 ss ht tm pbe syscall nx rdtscp lm constant_tsc arch_perfmon pebs bts rep_good nopl xtopology nonstop_tsc aperfmperf eagerfpu pni pclmulqdq dtes64 monitor ds_cpl vmx smx est tm2 ssse3 cx16 xtpr pdcm pcid sse4_1 sse4_2 x2apic popcnt tsc_deadline_timer aes xsave avx f16c rdrand lahf_lm ida arat epb xsaveopt pln pts dtherm tpr_shadow vnmi flexpriority ept vpid fsgsbase smep erms
bogomips	: 5787.25
clflush size	: 64
cache_alignment	: 64
address sizes	: 36 bits physical, 48 bits virtual
power management:

processor	: 2
vendor_id	: GenuineIntel
cpu family	: 6
model		: 58
model name	: Intel(R) Core(TM) i7-3520M CPU @ 2.90GHz
stepping	: 9
microcode	: 0x17
cpu MHz		: 2901.000
cache size	: 4096 KB
physical id	: 0
siblings	: 4
core id		: 1
cpu cores	: 2
apicid		: 2
initial apicid	: 2
fpu		: yes
fpu_exception	: yes
cpuid level	: 13
wp		: yes
flags		: fpu vme de pse tsc msr pae mce cx8 apic sep mtrr pge mca cmov pat pse36 clflush dts acpi mmx fxsr sse sse2 ss ht tm pbe syscall nx rdtscp lm constant_tsc arch_perfmon pebs bts rep_good nopl xtopology nonstop_tsc aperfmperf eagerfpu pni pclmulqdq dtes64 monitor ds_cpl vmx smx est tm2 ssse3 cx16 xtpr pdcm pcid sse4_1 sse4_2 x2apic popcnt tsc_deadline_timer aes xsave avx f16c rdrand lahf_lm ida arat epb xsaveopt pln pts dtherm tpr_shadow vnmi flexpriority ept vpid fsgsbase smep erms
bogomips	: 5787.25
clflush size	: 64
cache_alignment	: 64
address sizes	: 36 bits physical, 48 bits virtual
power management:

processor	: 3
vendor_id	: GenuineIntel
cpu family	: 6
model		: 58
model name	: Intel(R) Core(TM) i7-3520M CPU @ 2.90GHz
stepping	: 9
microcode	: 0x17
cpu MHz		: 2901.000
cache size	: 4096 KB
physical id	: 0
siblings	: 4
core id		: 1
cpu cores	: 2
apicid		: 3
initial apicid	: 3
fpu		: yes
fpu_exception	: yes
cpuid level	: 13
wp		: yes
flags		: fpu vme de pse tsc msr pae mce cx8 apic sep mtrr pge mca cmov pat pse36 clflush dts acpi mmx fxsr sse sse2 ss ht tm pbe syscall nx rdtscp lm constant_tsc arch_perfmon pebs bts rep_good nopl xtopology nonstop_tsc aperfmperf eagerfpu pni pclmulqdq dtes64 monitor ds_cpl vmx smx est tm2 ssse3 cx16 xtpr pdcm pcid sse4_1 sse4_2 x2apic popcnt tsc_deadline_timer aes xsave avx f16c rdrand lahf_lm ida arat epb xsaveopt pln pts dtherm tpr_shadow vnmi flexpriority ept vpid fsgsbase smep erms
bogomips	: 5787.25
clflush size	: 64
cache_alignment	: 64
address sizes	: 36 bits physical, 48 bits virtual
power management:



Memory: 4k page, physical 7870936k(200312k free), swap 262140k(0k free)

vm_info: Java HotSpot(TM) 64-Bit Server VM (24.79-b02) for linux-amd64 JRE (1.7.0_79-b15), built on Apr 10 2015 11:34:48 by "java_re" with gcc 4.3.0 20080428 (Red Hat 4.3.0-8)

time: Tue Sep 22 15:26:30 2015
elapsed time: 77 seconds

